1484256682.268272861 RamCloud.cc:70 in RamCloud NOTICE[1]: Connecting to basic+udp:host=128.110.96.124,port=12246
1484256682.268506277 UdpDriver.cc:88 in UdpDriver NOTICE[1]: UdpDriver bandwidth: 10 Gbits/sec, maxTransmitQueueSize: 2800 bytes
1484256682.268539734 UdpDriver.cc:119 in UdpDriver NOTICE[1]: UdpDriver using port 0
1484256682.268628913 BasicTransport.cc:102 in BasicTransport NOTICE[1]: BasicTransport parameters: maxDataPerPacket 1374, roundTripBytes 9618, grantIncrement 6870, pingIntervals 3, timeoutIntervals 40, timerInterval 2.00 ms
1484256682.269017459 CoordinatorSession.cc:105 in getSession NOTICE[1]: Opened session with coordinator at basic+udp:host=128.110.96.124,port=12246
1484256682.270367093 ClusterPerf.cc:369 in WorkloadGenerator NOTICE[1]: >>> Workload: YCSB-B
1484256682.270379146 ClusterPerf.cc:370 in WorkloadGenerator NOTICE[1]: >>> Record Count: 10000000
1484256682.270382413 ClusterPerf.cc:371 in WorkloadGenerator NOTICE[1]: >>> Record Size: 100
1484256682.270384800 ClusterPerf.cc:373 in WorkloadGenerator NOTICE[1]: >>> Total Table Size: 953 MB
1484256682.270387236 ClusterPerf.cc:374 in WorkloadGenerator NOTICE[1]: >>> Read Percentage: 95
1484256682.270389473 ClusterPerf.cc:375 in WorkloadGenerator NOTICE[1]: >>> Migrate Percentage: 100
1484256683.552007703 InfUdDriver.cc:125 in InfUdDriver NOTICE[1]: InfUdDriver bandwidth: 32 Gbits/sec, maxTransmitQueueSize: 8000 bytes
1484256683.568776482 InfUdDriver.cc:148 in InfUdDriver NOTICE[1]: Initialized InfUdDriver buffers: 50000 receive buffers (97 MB), 50 transmit buffers (0 MB), took 15.4 ms
1484256683.570243064 InfUdDriver.cc:601 in refillReceiver NOTICE[1]: 1000 receive buffers now in use (2.0%)
1484256683.570494440 BasicTransport.cc:102 in BasicTransport NOTICE[1]: BasicTransport parameters: maxDataPerPacket 1982, roundTripBytes 29730, grantIncrement 9910, pingIntervals 3, timeoutIntervals 40, timerInterval 2.00 ms
1484256712.574746004 ClientLeaseAgent.cc:54 in getLease NOTICE[1]: Blocked waiting for lease to renew.
1484256717.621852050 RpcWrapper.cc:220 in isReady NOTICE[1]: Server basic+infud:host=server-0.infud-migrate.ramcloud-PG0.apt.emulab.net,lid=44,qpn=612 returned STATUS_RETRY from READ request: Tablet is currently locked for migration!
1484256717.621852050 ClientLeaseAgent.cc:54 in getLease NOTICE[1]: (1069 duplicates of this message were skipped) Blocked waiting for lease to renew.
1484256912.563723598 ObjectRpcWrapper.cc:95 in checkStatus NOTICE[1]: Server basic+infud:host=server-0.infud-migrate.ramcloud-PG0.apt.emulab.net,lid=44,qpn=612 doesn't store <1, 0x213a2411d43cddd3>; refreshing object map
1484256912.563723598 RpcWrapper.cc:220 in isReady NOTICE[1]: (16 duplicates of this message were skipped) Server basic+infud:host=server-0.infud-migrate.ramcloud-PG0.apt.emulab.net,lid=44,qpn=612 returned STATUS_RETRY from READ request: Tablet is currently locked for migration!
1484256917.231196452 ClusterPerf.cc:512 in run WARNING[1]: Actual OPS 48902 / Target OPS 48900
1484256917.231207484 ClusterPerf.cc:515 in run WARNING[1]: 5417382 Misses / 9779961 Total -- 9291312/488649 R/W
1484256917.272519094 TimeTrace.cc:189 in printInternal NOTICE[1]: No time trace events to print
