1484256388.104422548 ServerMain.cc:251 in main NOTICE[1]: Command line: /users/anirajk/RAMCloud/obj.master/server -C basic+udp:host=128.110.96.124,port=12246 -L basic+infud:host=server-3.infud-migrate.ramcloud-PG0.apt.emulab.net -r 3 -l NOTICE --clusterName __unnamed__ --logFile logs/20170112142615/server4.server-3.infud-migrate.ramcloud-PG0.apt.emulab.net.log --preferredIndex 4 --totalMasterMemory=8000 --segmentFrames=4096 -f /dev/sda4,/dev/sdb
1484256388.104448080 ServerMain.cc:252 in main NOTICE[1]: Server process id: 51189
1484256388.104683011 InfUdDriver.cc:125 in InfUdDriver NOTICE[1]: InfUdDriver bandwidth: 32 Gbits/sec, maxTransmitQueueSize: 8000 bytes
1484256388.144531641 InfUdDriver.cc:148 in InfUdDriver NOTICE[1]: Initialized InfUdDriver buffers: 50000 receive buffers (97 MB), 50 transmit buffers (0 MB), took 37.7 ms
1484256388.145970759 InfUdDriver.cc:187 in InfUdDriver NOTICE[1]: Locator for InfUdDriver: basic+infud:host=server-3.infud-migrate.ramcloud-PG0.apt.emulab.net,lid=22,qpn=618
1484256388.146017400 InfUdDriver.cc:601 in refillReceiver NOTICE[1]: 1000 receive buffers now in use (2.0%)
1484256388.146174597 BasicTransport.cc:102 in BasicTransport NOTICE[1]: BasicTransport parameters: maxDataPerPacket 1982, roundTripBytes 29730, grantIncrement 9910, pingIntervals 3, timeoutIntervals 40, timerInterval 2.00 ms
1484256388.146209687 ServerMain.cc:284 in main NOTICE[1]: MASTER_SERVICE, BACKUP_SERVICE, ADMIN_SERVICE: Listening on basic+infud:host=server-3.infud-migrate.ramcloud-PG0.apt.emulab.net,lid=22,qpn=618
1484256388.146989593 ServerMain.cc:324 in main NOTICE[1]: Using 3 backups
1484256388.147003160 ServerConfig.h:570 in setLogAndHashTableSize NOTICE[1]: Master to allocate 8388608000 bytes total, 838860800 of which are for the hash table
1484256388.147005912 ServerConfig.h:572 in setLogAndHashTableSize NOTICE[1]: Master will have 900 segments and 13107200 lines in the hash table
1484256388.147007553 ServerConfig.h:576 in setLogAndHashTableSize NOTICE[1]: Hash table will have one entry for every 72 bytes in the log
1484256388.147009240 ServerMain.cc:329 in main NOTICE[1]: PortTimeOut=-1
1484256388.147010990 PortAlarm.cc:160 in setPortTimeout NOTICE[1]: Set PortTimeout to -1 (ms: -1 to disable.)
1484256388.147224895 MemoryMonitor.cc:62 in handleTimerEvent NOTICE[3]: Memory usage now 112 MB (increased 112 MB)
1484256388.147251545 Server.cc:86 in run NOTICE[1]: Starting services
1484256388.147262691 Server.cc:150 in createAndRegisterServices NOTICE[1]: Master is using 3 backups
1484256388.147290927 LargeBlockOfMemory.h:241 in mmapGigabyteAligned NOTICE[1]: Populating pages; progress 0 of 7200 MB
1484256388.645958799 LargeBlockOfMemory.h:241 in mmapGigabyteAligned NOTICE[1]: Populating pages; progress 1024 of 7200 MB
1484256389.131742051 LargeBlockOfMemory.h:241 in mmapGigabyteAligned NOTICE[1]: Populating pages; progress 2048 of 7200 MB
1484256389.589137988 LargeBlockOfMemory.h:241 in mmapGigabyteAligned NOTICE[1]: Populating pages; progress 3072 of 7200 MB
1484256389.996967460 LargeBlockOfMemory.h:241 in mmapGigabyteAligned NOTICE[1]: Populating pages; progress 4096 of 7200 MB
1484256390.405832823 LargeBlockOfMemory.h:241 in mmapGigabyteAligned NOTICE[1]: Populating pages; progress 5120 of 7200 MB
1484256390.819134709 LargeBlockOfMemory.h:241 in mmapGigabyteAligned NOTICE[1]: Populating pages; progress 6144 of 7200 MB
1484256391.229508278 LargeBlockOfMemory.h:241 in mmapGigabyteAligned NOTICE[1]: Populating pages; progress 7168 of 7200 MB
1484256391.249659518 SegletAllocator.cc:162 in initializeEmergencyHeadReserve NOTICE[1]: Reserved 256 seglets for emergency head segments (16 MB). 114944 seglets (7184 MB) left in default pool.
1484256391.546623731 InfUdDriver.cc:312 in registerMemory NOTICE[1]: Created zero-copy region with 7549747200 bytes at 0x40000000
1484256391.546699419 SegletAllocator.cc:197 in initializeCleanerReserve NOTICE[1]: Reserved 1920 seglets for the cleaner (120 MB). 113024 seglets (7064 MB) left in default pool.
1484256391.546729388 LogCleaner.cc:798 in TombstoneRatioBalancer NOTICE[1]: Using tombstone ratio balancer with ratio = 0.400000
1484256391.546779365 LargeBlockOfMemory.h:241 in mmapGigabyteAligned NOTICE[1]: Populating pages; progress 0 of 512 MB
1484256391.798143131 Server.cc:155 in createAndRegisterServices NOTICE[1]: Starting backup service
1484256391.801513185 MultiFileStorage.cc:1021 in MultiFileStorage NOTICE[1]: Backup storage opened with 34359738368 bytes available; allocated 4096 frame(s) across 2 file(s) with 8388608 bytes per frame
1484256392.220371196 BackupStorage.cc:68 in benchmark NOTICE[1]: Backup storage speeds (min): 199 MB/s read
1484256392.220377610 BackupStorage.cc:69 in benchmark NOTICE[1]: Backup storage speeds (avg): 311 MB/s read,
1484256392.220378700 BackupStorage.cc:75 in benchmark NOTICE[1]: RANDOM_REFINE_AVG BackupStrategy selected
1484256392.221432047 BackupService.cc:92 in BackupService NOTICE[1]: Cluster '__unnamed__'; ignoring existing backup storage. Any replicas stored will not be reusable by future backups. Specify clusterName for persistence across backup restarts.
1484256392.221439318 Server.cc:159 in createAndRegisterServices NOTICE[1]: Backup service started
1484256392.221441060 Server.cc:88 in run NOTICE[1]: Services started
1484256392.221441884 Server.cc:93 in run NOTICE[1]: Pinning memory
1484256393.059970655 Server.cc:95 in run NOTICE[1]: Memory pinned
1484256393.060115892 MemoryMonitor.cc:62 in handleTimerEvent NOTICE[3]: Memory usage now 8936 MB (increased 8824 MB)
1484256393.060124940 Server.cc:192 in enlist NOTICE[3]: Enlisting with cooordinator
1484256393.060185577 UdpDriver.cc:88 in UdpDriver NOTICE[3]: UdpDriver bandwidth: 10 Gbits/sec, maxTransmitQueueSize: 2800 bytes
1484256393.060211171 UdpDriver.cc:119 in UdpDriver NOTICE[3]: UdpDriver using port 0
1484256393.062400246 BasicTransport.cc:102 in BasicTransport NOTICE[3]: BasicTransport parameters: maxDataPerPacket 1374, roundTripBytes 9618, grantIncrement 6870, pingIntervals 3, timeoutIntervals 40, timerInterval 2.00 ms
1484256393.062679005 CoordinatorSession.cc:105 in getSession NOTICE[3]: Opened session with coordinator at basic+udp:host=128.110.96.124,port=12246
1484256393.063117856 AdminService.cc:120 in getServerId NOTICE[4]: Returning invalid server id
1484256393.063170028 Server.cc:199 in enlist NOTICE[3]: Enlisted; serverId 4.0
1484256393.063173603 MasterService.cc:822 in initOnceEnlisted NOTICE[3]: My server ID is 4.0
1484256393.064195676 ServerList.cc:188 in applyServerList NOTICE[4]: Server 1.0 is up (server list version 12)
1484256393.064203622 ServerList.cc:188 in applyServerList NOTICE[4]: Server 2.0 is up (server list version 12)
1484256393.064206274 ServerList.cc:188 in applyServerList NOTICE[4]: Server 3.0 is up (server list version 12)
1484256393.064222173 ServerList.cc:188 in applyServerList NOTICE[4]: Server 4.0 is up (server list version 12)
1484256393.064224494 ServerList.cc:188 in applyServerList NOTICE[4]: Server 5.0 is up (server list version 12)
1484256393.064227055 ServerList.cc:188 in applyServerList NOTICE[4]: Server 7.0 is up (server list version 12)
1484256393.067341163 BackupService.cc:323 in initOnceEnlisted NOTICE[3]: My server ID is 4.0
1484256393.067408512 LogCleaner.cc:199 in cleanerThreadEntry NOTICE[9]: LogCleaner thread started
1484256393.090575395 BackupService.cc:330 in initOnceEnlisted NOTICE[3]: Backup 4.0 will store replicas under cluster name '__unnamed__'
1484256393.092732548 FailureDetector.cc:104 in detectorThreadEntry NOTICE[10]: Failure detector thread started
1484256393.594328905 ServerList.cc:188 in applyServerList NOTICE[4]: Server 6.0 is up (server list version 13)
1484256393.594341740 BackupService.cc:685 in trackerChangesEnqueued NOTICE[4]: Starting backup replica garbage collector thread
1484256628.590230601 TimeTrace.cc:189 in printInternal NOTICE[5]: No time trace events to print
1484256628.590606207 CacheTrace.cc:113 in printInternal NOTICE[5]: No cache trace events to print
