1484256674.207395929 CoordinatorMain.cc:96 in main NOTICE[1]: Command line: /users/anirajk/RAMCloud/obj.master/coordinator -C basic+udp:host=128.110.96.124,port=12246 -l NOTICE --logFile logs/20170112143103/coordinator.client-16.infud-migrate.ramcloud-PG0.apt.emulab.net.log
1484256674.207431879 CoordinatorMain.cc:97 in main NOTICE[1]: Coordinator process id: 30371
1484256674.226262563 UdpDriver.cc:88 in UdpDriver NOTICE[1]: UdpDriver bandwidth: 10 Gbits/sec, maxTransmitQueueSize: 2800 bytes
1484256674.228910535 BasicTransport.cc:102 in BasicTransport NOTICE[1]: BasicTransport parameters: maxDataPerPacket 1374, roundTripBytes 9618, grantIncrement 6870, pingIntervals 3, timeoutIntervals 40, timerInterval 2.00 ms
1484256674.228935095 CoordinatorMain.cc:108 in main NOTICE[1]: coordinator: Listening on basic+udp:host=128.110.96.124,port=12246
1484256674.228939175 CoordinatorMain.cc:111 in main NOTICE[1]: PortTimeOut=-1
1484256674.228942069 PortAlarm.cc:160 in setPortTimeout NOTICE[1]: Set PortTimeout to -1 (ms: -1 to disable.)
1484256674.228956855 CoordinatorMain.cc:138 in main NOTICE[1]: Cluster name is 'main', external storage workspace is '/ramcloud/main/'
1484256674.231958857 CoordinatorClusterClock.cc:159 in recoverClusterTime WARNING[1]: couldn't find "coordinatorClusterClock" object in external storage; starting new clock from zero; benign if starting new cluster from scratch, may cause linearizability failures otherwise
1484256674.231972354 CoordinatorClusterClock.cc:164 in recoverClusterTime NOTICE[1]: initializing CoordinatorClusterClock: startingClusterTime = 0
1484256674.234505703 CoordinatorUpdateManager.cc:68 in init WARNING[8]: couldn't find "coordinatorUpdateManager" object in external storage; starting new cluster from scratch
1484256674.235138335 MemoryMonitor.cc:62 in handleTimerEvent NOTICE[9]: Memory usage now 91 MB (increased 91 MB)
1484256674.235184971 CoordinatorServerList.cc:401 in recover NOTICE[8]: CoordinatorServerList recovery completed: 0 master(s), 0 backup(s), 0 update(s) to disseminate, server list version is 0
1484256674.235195605 TableManager.cc:764 in recover NOTICE[8]: Table recovery complete: 0 table(s)
1484256674.235222975 CoordinatorService.cc:112 in init NOTICE[8]: Coordinator state has been recovered from external storage; starting service
1484256675.235209332 MemoryMonitor.cc:62 in handleTimerEvent NOTICE[9]: Memory usage now 107 MB (increased 16 MB)
1484256681.179148477 CoordinatorServerList.cc:148 in enlistServer NOTICE[7]: Enlisting server at basic+infud:host=server-0.infud-migrate.ramcloud-PG0.apt.emulab.net,lid=44,qpn=612 (server id 1.0) supporting services: MASTER_SERVICE, BACKUP_SERVICE, ADMIN_SERVICE
1484256681.179281141 InfUdDriver.cc:125 in InfUdDriver NOTICE[10]: InfUdDriver bandwidth: 32 Gbits/sec, maxTransmitQueueSize: 8000 bytes
1484256681.187061602 UdpDriver.cc:322 in readerThreadMain NOTICE[11]: dispatch thread not keeping up with UdpDriver packet reader
1484256681.198783542 InfUdDriver.cc:148 in InfUdDriver NOTICE[10]: Initialized InfUdDriver buffers: 50000 receive buffers (97 MB), 50 transmit buffers (0 MB), took 18.1 ms
1484256681.199832289 InfUdDriver.cc:601 in refillReceiver NOTICE[10]: 1000 receive buffers now in use (2.0%)
1484256681.199997742 BasicTransport.cc:102 in BasicTransport NOTICE[10]: BasicTransport parameters: maxDataPerPacket 1982, roundTripBytes 29730, grantIncrement 9910, pingIntervals 3, timeoutIntervals 40, timerInterval 2.00 ms
1484256681.200055036 CoordinatorServerList.cc:148 in enlistServer NOTICE[7]: Enlisting server at basic+infud:host=server-4.infud-migrate.ramcloud-PG0.apt.emulab.net,lid=110,qpn=594 (server id 5.0) supporting services: MASTER_SERVICE, BACKUP_SERVICE, ADMIN_SERVICE
1484256681.200253339 AbstractServerList.cc:184 in getSession NOTICE[10]: retrying server id check for 5.0: server not yet enlisted
1484256681.235523644 MemoryMonitor.cc:62 in handleTimerEvent NOTICE[9]: Memory usage now 211 MB (increased 104 MB)
1484256681.278732598 CoordinatorServerList.cc:148 in enlistServer NOTICE[5]: Enlisting server at basic+infud:host=server-2.infud-migrate.ramcloud-PG0.apt.emulab.net,lid=80,qpn=659 (server id 3.0) supporting services: MASTER_SERVICE, BACKUP_SERVICE, ADMIN_SERVICE
1484256681.278768942 CoordinatorServerList.cc:772 in createReplicationGroups NOTICE[5]: Server 5.0 is now in replication group 1
1484256681.278778865 CoordinatorServerList.cc:772 in createReplicationGroups NOTICE[5]: Server 3.0 is now in replication group 1
1484256681.278793560 CoordinatorServerList.cc:772 in createReplicationGroups NOTICE[5]: Server 1.0 is now in replication group 1
1484256681.295014652 CoordinatorServerList.cc:148 in enlistServer NOTICE[5]: Enlisting server at basic+infud:host=server-1.infud-migrate.ramcloud-PG0.apt.emulab.net,lid=69,qpn=659 (server id 2.0) supporting services: MASTER_SERVICE, BACKUP_SERVICE, ADMIN_SERVICE
1484256681.331364295 CoordinatorServerList.cc:148 in enlistServer NOTICE[5]: Enlisting server at basic+infud:host=server-7.infud-migrate.ramcloud-PG0.apt.emulab.net,lid=67,qpn=593 (server id 7.0) supporting services: MASTER_SERVICE, BACKUP_SERVICE, ADMIN_SERVICE
1484256681.432182826 CoordinatorServerList.cc:148 in enlistServer NOTICE[5]: Enlisting server at basic+infud:host=server-3.infud-migrate.ramcloud-PG0.apt.emulab.net,lid=22,qpn=619 (server id 4.0) supporting services: MASTER_SERVICE, BACKUP_SERVICE, ADMIN_SERVICE
1484256681.432219242 CoordinatorServerList.cc:772 in createReplicationGroups NOTICE[5]: Server 7.0 is now in replication group 2
1484256681.432229943 CoordinatorServerList.cc:772 in createReplicationGroups NOTICE[5]: Server 4.0 is now in replication group 2
1484256681.432238893 CoordinatorServerList.cc:772 in createReplicationGroups NOTICE[5]: Server 2.0 is now in replication group 2
1484256681.991769345 CoordinatorServerList.cc:148 in enlistServer NOTICE[5]: Enlisting server at basic+infud:host=server-5.infud-migrate.ramcloud-PG0.apt.emulab.net,lid=72,qpn=593 (server id 6.0) supporting services: MASTER_SERVICE, BACKUP_SERVICE, ADMIN_SERVICE
1484256682.237123675 TableManager.cc:1031 in createTable NOTICE[5]: Creating table 'data' with id 1
1484256682.237142270 TableManager.cc:1291 in notifyCreate NOTICE[5]: Assigning table id 1, key hashes 0x0-0xffffffffffffffff, to master 1.0
1484256682.238260390 TableManager.cc:1031 in createTable NOTICE[5]: Creating table 'control' with id 2
1484256682.238267001 TableManager.cc:1291 in notifyCreate NOTICE[5]: Assigning table id 2, key hashes 0x0-0xffffffffffffffff, to master 2.0
1484256712.577810131 Buffer.cc:481 in getNewAllocation NOTICE[7]: buffer has consumed 4392 bytes of extra storage, current allocation: 2928 bytes
1484256712.577810131 AbstractServerList.cc:184 in getSession NOTICE[10]: (5 duplicates of this message were skipped) retrying server id check for 5.0: server not yet enlisted
1484256712.577810131 UdpDriver.cc:322 in readerThreadMain NOTICE[11]: (205 duplicates of this message were skipped) dispatch thread not keeping up with UdpDriver packet reader
1484256912.563246705 TableManager.cc:1171 in dropTable NOTICE[7]: Dropping table 'data' with id 1
1484256912.563278075 TableManager.cc:1363 in notifyDropTable NOTICE[7]: Requesting master 1.0 to drop table id 1, key hashes 0x0-0xffffffffffffffff
1484256912.563416795 UdpDriver.cc:322 in readerThreadMain NOTICE[11]: dispatch thread not keeping up with UdpDriver packet reader
