1484256676.469906338 ServerMain.cc:251 in main NOTICE[1]: Command line: /users/anirajk/RAMCloud/obj.master/server -C basic+udp:host=128.110.96.124,port=12246 -L basic+infud:host=server-2.infud-migrate.ramcloud-PG0.apt.emulab.net -r 3 -l NOTICE --clusterName __unnamed__ --logFile logs/20170112143103/server3.server-2.infud-migrate.ramcloud-PG0.apt.emulab.net.log --preferredIndex 3 --totalMasterMemory=8000 --segmentFrames=4096 -f /dev/sda4,/dev/sdb
1484256676.469939440 ServerMain.cc:252 in main NOTICE[1]: Server process id: 91127
1484256676.470224054 InfUdDriver.cc:125 in InfUdDriver NOTICE[1]: InfUdDriver bandwidth: 32 Gbits/sec, maxTransmitQueueSize: 8000 bytes
1484256676.513486999 InfUdDriver.cc:148 in InfUdDriver NOTICE[1]: Initialized InfUdDriver buffers: 50000 receive buffers (97 MB), 50 transmit buffers (0 MB), took 40.8 ms
1484256676.514666240 InfUdDriver.cc:187 in InfUdDriver NOTICE[1]: Locator for InfUdDriver: basic+infud:host=server-2.infud-migrate.ramcloud-PG0.apt.emulab.net,lid=80,qpn=659
1484256676.514717989 InfUdDriver.cc:601 in refillReceiver NOTICE[1]: 1000 receive buffers now in use (2.0%)
1484256676.514876290 BasicTransport.cc:102 in BasicTransport NOTICE[1]: BasicTransport parameters: maxDataPerPacket 1982, roundTripBytes 29730, grantIncrement 9910, pingIntervals 3, timeoutIntervals 40, timerInterval 2.00 ms
1484256676.514914681 ServerMain.cc:284 in main NOTICE[1]: MASTER_SERVICE, BACKUP_SERVICE, ADMIN_SERVICE: Listening on basic+infud:host=server-2.infud-migrate.ramcloud-PG0.apt.emulab.net,lid=80,qpn=659
1484256676.515814875 ServerMain.cc:324 in main NOTICE[1]: Using 3 backups
1484256676.515831210 ServerConfig.h:570 in setLogAndHashTableSize NOTICE[1]: Master to allocate 8388608000 bytes total, 838860800 of which are for the hash table
1484256676.515834403 ServerConfig.h:572 in setLogAndHashTableSize NOTICE[1]: Master will have 900 segments and 13107200 lines in the hash table
1484256676.515836340 ServerConfig.h:576 in setLogAndHashTableSize NOTICE[1]: Hash table will have one entry for every 72 bytes in the log
1484256676.515838371 ServerMain.cc:329 in main NOTICE[1]: PortTimeOut=-1
1484256676.515840335 PortAlarm.cc:160 in setPortTimeout NOTICE[1]: Set PortTimeout to -1 (ms: -1 to disable.)
1484256676.517987707 MemoryMonitor.cc:62 in handleTimerEvent NOTICE[5]: Memory usage now 118 MB (increased 118 MB)
1484256676.517997330 Server.cc:86 in run NOTICE[1]: Starting services
1484256676.518012083 Server.cc:150 in createAndRegisterServices NOTICE[1]: Master is using 3 backups
1484256676.518050904 LargeBlockOfMemory.h:241 in mmapGigabyteAligned NOTICE[1]: Populating pages; progress 0 of 7200 MB
1484256676.968818440 LargeBlockOfMemory.h:241 in mmapGigabyteAligned NOTICE[1]: Populating pages; progress 1024 of 7200 MB
1484256677.386235575 LargeBlockOfMemory.h:241 in mmapGigabyteAligned NOTICE[1]: Populating pages; progress 2048 of 7200 MB
1484256677.795877184 LargeBlockOfMemory.h:241 in mmapGigabyteAligned NOTICE[1]: Populating pages; progress 3072 of 7200 MB
1484256678.205353071 LargeBlockOfMemory.h:241 in mmapGigabyteAligned NOTICE[1]: Populating pages; progress 4096 of 7200 MB
1484256678.614581348 LargeBlockOfMemory.h:241 in mmapGigabyteAligned NOTICE[1]: Populating pages; progress 5120 of 7200 MB
1484256679.024907070 LargeBlockOfMemory.h:241 in mmapGigabyteAligned NOTICE[1]: Populating pages; progress 6144 of 7200 MB
1484256679.439514525 LargeBlockOfMemory.h:241 in mmapGigabyteAligned NOTICE[1]: Populating pages; progress 7168 of 7200 MB
1484256679.459264729 SegletAllocator.cc:162 in initializeEmergencyHeadReserve NOTICE[1]: Reserved 256 seglets for emergency head segments (16 MB). 114944 seglets (7184 MB) left in default pool.
1484256679.754841100 InfUdDriver.cc:312 in registerMemory NOTICE[1]: Created zero-copy region with 7549747200 bytes at 0x40000000
1484256679.754920737 SegletAllocator.cc:197 in initializeCleanerReserve NOTICE[1]: Reserved 1920 seglets for the cleaner (120 MB). 113024 seglets (7064 MB) left in default pool.
1484256679.754948726 LogCleaner.cc:798 in TombstoneRatioBalancer NOTICE[1]: Using tombstone ratio balancer with ratio = 0.400000
1484256679.754993805 LargeBlockOfMemory.h:241 in mmapGigabyteAligned NOTICE[1]: Populating pages; progress 0 of 512 MB
1484256679.992294221 Server.cc:155 in createAndRegisterServices NOTICE[1]: Starting backup service
1484256679.995288900 MultiFileStorage.cc:1021 in MultiFileStorage NOTICE[1]: Backup storage opened with 34359738368 bytes available; allocated 4096 frame(s) across 2 file(s) with 8388608 bytes per frame
1484256680.440006158 BackupStorage.cc:68 in benchmark NOTICE[1]: Backup storage speeds (min): 77 MB/s read
1484256680.440011625 BackupStorage.cc:69 in benchmark NOTICE[1]: Backup storage speeds (avg): 334 MB/s read,
1484256680.440012758 BackupStorage.cc:75 in benchmark NOTICE[1]: RANDOM_REFINE_AVG BackupStrategy selected
1484256680.441129563 BackupService.cc:92 in BackupService NOTICE[1]: Cluster '__unnamed__'; ignoring existing backup storage. Any replicas stored will not be reusable by future backups. Specify clusterName for persistence across backup restarts.
1484256680.441136876 Server.cc:159 in createAndRegisterServices NOTICE[1]: Backup service started
1484256680.441138566 Server.cc:88 in run NOTICE[1]: Services started
1484256680.441139346 Server.cc:93 in run NOTICE[1]: Pinning memory
1484256681.276652519 Server.cc:95 in run NOTICE[1]: Memory pinned
1484256681.276854254 MemoryMonitor.cc:62 in handleTimerEvent NOTICE[5]: Memory usage now 8936 MB (increased 8818 MB)
1484256681.276863629 Server.cc:192 in enlist NOTICE[5]: Enlisting with cooordinator
1484256681.276905507 UdpDriver.cc:88 in UdpDriver NOTICE[5]: UdpDriver bandwidth: 10 Gbits/sec, maxTransmitQueueSize: 2800 bytes
1484256681.276928707 UdpDriver.cc:119 in UdpDriver NOTICE[5]: UdpDriver using port 0
1484256681.279031102 BasicTransport.cc:102 in BasicTransport NOTICE[5]: BasicTransport parameters: maxDataPerPacket 1374, roundTripBytes 9618, grantIncrement 6870, pingIntervals 3, timeoutIntervals 40, timerInterval 2.00 ms
1484256681.279311841 CoordinatorSession.cc:105 in getSession NOTICE[5]: Opened session with coordinator at basic+udp:host=128.110.96.124,port=12246
1484256681.279641984 AdminService.cc:120 in getServerId NOTICE[8]: Returning invalid server id
1484256681.279724939 Server.cc:199 in enlist NOTICE[5]: Enlisted; serverId 3.0
1484256681.279730473 MasterService.cc:822 in initOnceEnlisted NOTICE[5]: My server ID is 3.0
1484256681.281823854 ServerList.cc:188 in applyServerList NOTICE[8]: Server 1.0 is up (server list version 6)
1484256681.281849914 ServerList.cc:188 in applyServerList NOTICE[8]: Server 3.0 is up (server list version 6)
1484256681.281858456 ServerList.cc:188 in applyServerList NOTICE[8]: Server 5.0 is up (server list version 6)
1484256681.284005684 BackupService.cc:323 in initOnceEnlisted NOTICE[5]: My server ID is 3.0
1484256681.284070360 LogCleaner.cc:199 in cleanerThreadEntry NOTICE[9]: LogCleaner thread started
1484256681.297016285 ServerList.cc:188 in applyServerList NOTICE[8]: Server 2.0 is up (server list version 7)
1484256681.320917109 BackupService.cc:330 in initOnceEnlisted NOTICE[5]: Backup 3.0 will store replicas under cluster name '__unnamed__'
1484256681.322779583 FailureDetector.cc:104 in detectorThreadEntry NOTICE[10]: Failure detector thread started
1484256681.332249220 ServerList.cc:188 in applyServerList NOTICE[8]: Server 7.0 is up (server list version 8)
1484256681.332260324 BackupService.cc:685 in trackerChangesEnqueued NOTICE[8]: Starting backup replica garbage collector thread
1484256681.433091397 ServerList.cc:188 in applyServerList NOTICE[8]: Server 4.0 is up (server list version 9)
1484256681.433107908 ServerList.cc:188 in applyServerList NOTICE[8]: Server 7.0 is up (server list version 10)
1484256681.433113890 ServerList.cc:188 in applyServerList NOTICE[8]: Server 4.0 is up (server list version 11)
1484256681.433139602 ServerList.cc:188 in applyServerList NOTICE[8]: Server 2.0 is up (server list version 12)
1484256681.992660381 ServerList.cc:188 in applyServerList NOTICE[8]: Server 6.0 is up (server list version 13)
1484256687.748292435 MultiFileStorage.cc:723 in unlockedWrite WARNING[11]: Slow write to replica storage on device 0: 107.4 ms for 1444352 bytes
1484256724.053302282 MultiFileStorage.cc:723 in unlockedWrite WARNING[11]: Slow write to replica storage on device 1: 141.8 ms for 7680 bytes
1484256728.784174561 MultiFileStorage.cc:723 in unlockedWrite WARNING[11]: Slow write to replica storage on device 1: 141.9 ms for 124416 bytes
1484256739.068779993 MultiFileStorage.cc:723 in unlockedWrite WARNING[11]: Slow write to replica storage on device 1: 140.3 ms for 80896 bytes
1484256740.656306911 MultiFileStorage.cc:723 in unlockedWrite WARNING[11]: Slow write to replica storage on device 1: 140.0 ms for 127488 bytes
1484256753.299091069 MultiFileStorage.cc:723 in unlockedWrite WARNING[11]: Slow write to replica storage on device 1: 108.8 ms for 7680 bytes
1484256755.540016872 MultiFileStorage.cc:723 in unlockedWrite WARNING[11]: Slow write to replica storage on device 0: 314.3 ms for 3072 bytes
1484256767.147515189 MultiFileStorage.cc:723 in unlockedWrite WARNING[11]: Slow write to replica storage on device 1: 115.0 ms for 46080 bytes
1484256769.580858042 MultiFileStorage.cc:723 in unlockedWrite WARNING[11]: Slow write to replica storage on device 1: 119.7 ms for 40960 bytes
1484256777.725346377 MultiFileStorage.cc:723 in unlockedWrite WARNING[11]: Slow write to replica storage on device 1: 115.6 ms for 50688 bytes
1484256780.984349671 MultiFileStorage.cc:723 in unlockedWrite WARNING[11]: Slow write to replica storage on device 1: 112.8 ms for 46080 bytes
1484256786.660573881 MultiFileStorage.cc:723 in unlockedWrite WARNING[11]: Slow write to replica storage on device 1: 113.9 ms for 3072 bytes
1484256788.307025648 MultiFileStorage.cc:723 in unlockedWrite WARNING[11]: Slow write to replica storage on device 1: 121.5 ms for 17920 bytes
1484256799.419533131 MultiFileStorage.cc:723 in unlockedWrite WARNING[11]: Slow write to replica storage on device 0: 268.6 ms for 2560 bytes
1484256805.377134942 MultiFileStorage.cc:723 in unlockedWrite WARNING[11]: Slow write to replica storage on device 1: 110.4 ms for 150016 bytes
1484256819.212200686 MultiFileStorage.cc:723 in unlockedWrite WARNING[11]: Slow write to replica storage on device 1: 108.6 ms for 36864 bytes
1484256824.076611135 MultiFileStorage.cc:723 in unlockedWrite WARNING[11]: Slow write to replica storage on device 1: 105.2 ms for 148480 bytes
1484256828.944058056 MultiFileStorage.cc:723 in unlockedWrite WARNING[11]: Slow write to replica storage on device 1: 100.8 ms for 136704 bytes
1484256831.369535092 MultiFileStorage.cc:723 in unlockedWrite WARNING[11]: Slow write to replica storage on device 1: 105.8 ms for 64512 bytes
1484256838.696801180 MultiFileStorage.cc:723 in unlockedWrite WARNING[11]: Slow write to replica storage on device 1: 125.4 ms for 39936 bytes
1484256845.192978878 MultiFileStorage.cc:723 in unlockedWrite WARNING[11]: Slow write to replica storage on device 1: 124.7 ms for 5120 bytes
1484256847.620852823 MultiFileStorage.cc:723 in unlockedWrite WARNING[11]: Slow write to replica storage on device 1: 101.4 ms for 148480 bytes
1484256864.715200939 MultiFileStorage.cc:723 in unlockedWrite WARNING[11]: Slow write to replica storage on device 1: 110.7 ms for 155648 bytes
1484256885.872616638 MultiFileStorage.cc:723 in unlockedWrite WARNING[11]: Slow write to replica storage on device 1: 117.8 ms for 107008 bytes
1484256887.476809224 MultiFileStorage.cc:723 in unlockedWrite WARNING[11]: Slow write to replica storage on device 1: 107.6 ms for 64512 bytes
1484256889.928358155 MultiFileStorage.cc:723 in unlockedWrite WARNING[11]: Slow write to replica storage on device 1: 113.8 ms for 162816 bytes
1484256896.412655894 MultiFileStorage.cc:723 in unlockedWrite WARNING[11]: Slow write to replica storage on device 1: 106.7 ms for 157696 bytes
1484256906.996002379 MultiFileStorage.cc:723 in unlockedWrite WARNING[11]: Slow write to replica storage on device 1: 108.3 ms for 8704 bytes
1484256910.261164407 MultiFileStorage.cc:723 in unlockedWrite WARNING[11]: Slow write to replica storage on device 1: 104.3 ms for 157184 bytes
1484256917.637904038 TimeTrace.cc:189 in printInternal NOTICE[6]: No time trace events to print
1484256917.638232617 CacheTrace.cc:113 in printInternal NOTICE[6]: No cache trace events to print
