1484256676.462408933 ServerMain.cc:251 in main NOTICE[1]: Command line: /users/anirajk/RAMCloud/obj.master/server -C basic+udp:host=128.110.96.124,port=12246 -L basic+infud:host=server-0.infud-migrate.ramcloud-PG0.apt.emulab.net -r 3 -l NOTICE --clusterName __unnamed__ --logFile logs/20170112143103/server1.server-0.infud-migrate.ramcloud-PG0.apt.emulab.net.log --preferredIndex 1 --totalMasterMemory=8000 --segmentFrames=4096 -f /dev/sda4,/dev/sdb
1484256676.462428591 ServerMain.cc:252 in main NOTICE[1]: Server process id: 6147
1484256676.462606813 InfUdDriver.cc:125 in InfUdDriver NOTICE[1]: InfUdDriver bandwidth: 32 Gbits/sec, maxTransmitQueueSize: 8000 bytes
1484256676.495774384 InfUdDriver.cc:148 in InfUdDriver NOTICE[1]: Initialized InfUdDriver buffers: 50000 receive buffers (97 MB), 50 transmit buffers (0 MB), took 31.6 ms
1484256676.497006116 InfUdDriver.cc:187 in InfUdDriver NOTICE[1]: Locator for InfUdDriver: basic+infud:host=server-0.infud-migrate.ramcloud-PG0.apt.emulab.net,lid=44,qpn=612
1484256676.497040960 InfUdDriver.cc:601 in refillReceiver NOTICE[1]: 1000 receive buffers now in use (2.0%)
1484256676.497190939 BasicTransport.cc:102 in BasicTransport NOTICE[1]: BasicTransport parameters: maxDataPerPacket 1982, roundTripBytes 29730, grantIncrement 9910, pingIntervals 3, timeoutIntervals 40, timerInterval 2.00 ms
1484256676.497221394 ServerMain.cc:284 in main NOTICE[1]: MASTER_SERVICE, BACKUP_SERVICE, ADMIN_SERVICE: Listening on basic+infud:host=server-0.infud-migrate.ramcloud-PG0.apt.emulab.net,lid=44,qpn=612
1484256676.497830964 ServerMain.cc:324 in main NOTICE[1]: Using 3 backups
1484256676.497841185 ServerConfig.h:570 in setLogAndHashTableSize NOTICE[1]: Master to allocate 8388608000 bytes total, 838860800 of which are for the hash table
1484256676.497843176 ServerConfig.h:572 in setLogAndHashTableSize NOTICE[1]: Master will have 900 segments and 13107200 lines in the hash table
1484256676.497844573 ServerConfig.h:576 in setLogAndHashTableSize NOTICE[1]: Hash table will have one entry for every 72 bytes in the log
1484256676.497845972 ServerMain.cc:329 in main NOTICE[1]: PortTimeOut=-1
1484256676.497847566 PortAlarm.cc:160 in setPortTimeout NOTICE[1]: Set PortTimeout to -1 (ms: -1 to disable.)
1484256676.498020951 MemoryMonitor.cc:62 in handleTimerEvent NOTICE[3]: Memory usage now 112 MB (increased 112 MB)
1484256676.498510920 Server.cc:86 in run NOTICE[1]: Starting services
1484256676.498518149 Server.cc:150 in createAndRegisterServices NOTICE[1]: Master is using 3 backups
1484256676.498542776 LargeBlockOfMemory.h:241 in mmapGigabyteAligned NOTICE[1]: Populating pages; progress 0 of 7200 MB
1484256676.921470109 LargeBlockOfMemory.h:241 in mmapGigabyteAligned NOTICE[1]: Populating pages; progress 1024 of 7200 MB
1484256677.336347208 LargeBlockOfMemory.h:241 in mmapGigabyteAligned NOTICE[1]: Populating pages; progress 2048 of 7200 MB
1484256677.743797280 LargeBlockOfMemory.h:241 in mmapGigabyteAligned NOTICE[1]: Populating pages; progress 3072 of 7200 MB
1484256678.154906409 LargeBlockOfMemory.h:241 in mmapGigabyteAligned NOTICE[1]: Populating pages; progress 4096 of 7200 MB
1484256678.564196300 LargeBlockOfMemory.h:241 in mmapGigabyteAligned NOTICE[1]: Populating pages; progress 5120 of 7200 MB
1484256678.970305901 LargeBlockOfMemory.h:241 in mmapGigabyteAligned NOTICE[1]: Populating pages; progress 6144 of 7200 MB
1484256679.378553059 LargeBlockOfMemory.h:241 in mmapGigabyteAligned NOTICE[1]: Populating pages; progress 7168 of 7200 MB
1484256679.398579405 SegletAllocator.cc:162 in initializeEmergencyHeadReserve NOTICE[1]: Reserved 256 seglets for emergency head segments (16 MB). 114944 seglets (7184 MB) left in default pool.
1484256679.680650448 InfUdDriver.cc:312 in registerMemory NOTICE[1]: Created zero-copy region with 7549747200 bytes at 0x40000000
1484256679.680712545 SegletAllocator.cc:197 in initializeCleanerReserve NOTICE[1]: Reserved 1920 seglets for the cleaner (120 MB). 113024 seglets (7064 MB) left in default pool.
1484256679.680732773 LogCleaner.cc:798 in TombstoneRatioBalancer NOTICE[1]: Using tombstone ratio balancer with ratio = 0.400000
1484256679.680762495 LargeBlockOfMemory.h:241 in mmapGigabyteAligned NOTICE[1]: Populating pages; progress 0 of 512 MB
1484256679.884733126 Server.cc:155 in createAndRegisterServices NOTICE[1]: Starting backup service
1484256679.887720546 MultiFileStorage.cc:1021 in MultiFileStorage NOTICE[1]: Backup storage opened with 34359738368 bytes available; allocated 4096 frame(s) across 2 file(s) with 8388608 bytes per frame
1484256680.327223559 BackupStorage.cc:68 in benchmark NOTICE[1]: Backup storage speeds (min): 89 MB/s read
1484256680.327229314 BackupStorage.cc:69 in benchmark NOTICE[1]: Backup storage speeds (avg): 327 MB/s read,
1484256680.327230499 BackupStorage.cc:75 in benchmark NOTICE[1]: RANDOM_REFINE_AVG BackupStrategy selected
1484256680.327899045 BackupService.cc:92 in BackupService NOTICE[1]: Cluster '__unnamed__'; ignoring existing backup storage. Any replicas stored will not be reusable by future backups. Specify clusterName for persistence across backup restarts.
1484256680.327906410 Server.cc:159 in createAndRegisterServices NOTICE[1]: Backup service started
1484256680.327908233 Server.cc:88 in run NOTICE[1]: Services started
1484256680.327909024 Server.cc:93 in run NOTICE[1]: Pinning memory
1484256681.175717994 Server.cc:95 in run NOTICE[1]: Memory pinned
1484256681.175912284 MemoryMonitor.cc:62 in handleTimerEvent NOTICE[3]: Memory usage now 8936 MB (increased 8824 MB)
1484256681.175921407 Server.cc:192 in enlist NOTICE[3]: Enlisting with cooordinator
1484256681.175969040 UdpDriver.cc:88 in UdpDriver NOTICE[3]: UdpDriver bandwidth: 10 Gbits/sec, maxTransmitQueueSize: 2800 bytes
1484256681.175991718 UdpDriver.cc:119 in UdpDriver NOTICE[3]: UdpDriver using port 0
1484256681.177870010 BasicTransport.cc:102 in BasicTransport NOTICE[3]: BasicTransport parameters: maxDataPerPacket 1374, roundTripBytes 9618, grantIncrement 6870, pingIntervals 3, timeoutIntervals 40, timerInterval 2.00 ms
1484256681.178146528 CoordinatorSession.cc:105 in getSession NOTICE[3]: Opened session with coordinator at basic+udp:host=128.110.96.124,port=12246
1484256681.178531973 Server.cc:199 in enlist NOTICE[3]: Enlisted; serverId 1.0
1484256681.178535488 MasterService.cc:822 in initOnceEnlisted NOTICE[3]: My server ID is 1.0
1484256681.182603271 BackupService.cc:323 in initOnceEnlisted NOTICE[3]: My server ID is 1.0
1484256681.182617157 LogCleaner.cc:199 in cleanerThreadEntry NOTICE[9]: LogCleaner thread started
1484256681.199373058 ServerList.cc:188 in applyServerList NOTICE[4]: Server 1.0 is up (server list version 1)
1484256681.200505627 ServerList.cc:188 in applyServerList NOTICE[4]: Server 5.0 is up (server list version 2)
1484256681.278087326 ServerList.cc:188 in applyServerList NOTICE[4]: Server 3.0 is up (server list version 3)
1484256681.278102843 ServerList.cc:188 in applyServerList NOTICE[4]: Server 5.0 is up (server list version 4)
1484256681.278109920 ServerList.cc:188 in applyServerList NOTICE[4]: Server 3.0 is up (server list version 5)
1484256681.278129987 ServerList.cc:188 in applyServerList NOTICE[4]: Server 1.0 is up (server list version 6)
1484256681.280554614 BackupService.cc:330 in initOnceEnlisted NOTICE[3]: Backup 1.0 will store replicas under cluster name '__unnamed__'
1484256681.282616921 FailureDetector.cc:104 in detectorThreadEntry NOTICE[10]: Failure detector thread started
1484256681.294338262 ServerList.cc:188 in applyServerList NOTICE[4]: Server 2.0 is up (server list version 7)
1484256681.294349627 BackupService.cc:685 in trackerChangesEnqueued NOTICE[4]: Starting backup replica garbage collector thread
1484256681.331817651 ServerList.cc:188 in applyServerList NOTICE[4]: Server 7.0 is up (server list version 8)
1484256681.432689721 ServerList.cc:188 in applyServerList NOTICE[4]: Server 4.0 is up (server list version 9)
1484256681.432706378 ServerList.cc:188 in applyServerList NOTICE[4]: Server 7.0 is up (server list version 10)
1484256681.432728826 ServerList.cc:188 in applyServerList NOTICE[4]: Server 4.0 is up (server list version 11)
1484256681.432737316 ServerList.cc:188 in applyServerList NOTICE[4]: Server 2.0 is up (server list version 12)
1484256681.991099929 ServerList.cc:188 in applyServerList NOTICE[4]: Server 6.0 is up (server list version 13)
1484256682.236733784 MasterService.cc:2447 in takeTabletOwnership NOTICE[4]: Took ownership of new tablet [0x0,0xffffffffffffffff] in tableId 1
1484256700.173195121 HashTable.cc:379 in insert NOTICE[6]: Allocating overflow bucket 1 for index 7111400
1484256705.723995018 HashTable.cc:379 in insert NOTICE[4]: (2 duplicates of this message were skipped) Allocating overflow bucket 1 for index 4657397
1484256710.904802047 HashTable.cc:379 in insert NOTICE[5]: (10 duplicates of this message were skipped) Allocating overflow bucket 1 for index 6405434
1484256713.576914888 MasterService.cc:1123 in migrateTablet NOTICE[4]: Migrating tablet [0x0,0xffffffffffffffff] in tableId 1 to server 2.0 at basic+infud:host=server-1.infud-migrate.ramcloud-PG0.apt.emulab.net,lid=69,qpn=659
1484256861.747748714 Buffer.cc:481 in getNewAllocation NOTICE[4]: buffer has consumed 4000 bytes of extra storage, current allocation: 4000 bytes
1484256861.747748714 HashTable.cc:379 in insert NOTICE[6]: (12 duplicates of this message were skipped) Allocating overflow bucket 1 for index 7111400
1484256917.229611498 MasterService.cc:348 in dropTabletOwnership NOTICE[5]: Dropped ownership of (or did not own) tablet [0x0,0xffffffffffffffff] in tableId 1
1484256917.636213838 TimeTrace.cc:189 in printInternal NOTICE[5]: No time trace events to print
1484256917.636568172 CacheTrace.cc:113 in printInternal NOTICE[5]: No cache trace events to print
