1484256971.177755854 RamCloud.cc:70 in RamCloud NOTICE[1]: Connecting to basic+udp:host=128.110.96.124,port=12246
1484256971.177972406 UdpDriver.cc:88 in UdpDriver NOTICE[1]: UdpDriver bandwidth: 10 Gbits/sec, maxTransmitQueueSize: 2800 bytes
1484256971.178003149 UdpDriver.cc:119 in UdpDriver NOTICE[1]: UdpDriver using port 0
1484256971.178091955 BasicTransport.cc:102 in BasicTransport NOTICE[1]: BasicTransport parameters: maxDataPerPacket 1374, roundTripBytes 9618, grantIncrement 6870, pingIntervals 3, timeoutIntervals 40, timerInterval 2.00 ms
1484256971.178444614 CoordinatorSession.cc:105 in getSession NOTICE[1]: Opened session with coordinator at basic+udp:host=128.110.96.124,port=12246
1484256971.179739048 ClusterPerf.cc:369 in WorkloadGenerator NOTICE[1]: >>> Workload: YCSB-B
1484256971.179751675 ClusterPerf.cc:370 in WorkloadGenerator NOTICE[1]: >>> Record Count: 10000000
1484256971.179754915 ClusterPerf.cc:371 in WorkloadGenerator NOTICE[1]: >>> Record Size: 100
1484256971.179757138 ClusterPerf.cc:373 in WorkloadGenerator NOTICE[1]: >>> Total Table Size: 953 MB
1484256971.179759501 ClusterPerf.cc:374 in WorkloadGenerator NOTICE[1]: >>> Read Percentage: 95
1484256971.179761741 ClusterPerf.cc:375 in WorkloadGenerator NOTICE[1]: >>> Migrate Percentage: 100
1484256972.365083779 InfUdDriver.cc:125 in InfUdDriver NOTICE[1]: InfUdDriver bandwidth: 32 Gbits/sec, maxTransmitQueueSize: 8000 bytes
1484256972.381853821 InfUdDriver.cc:148 in InfUdDriver NOTICE[1]: Initialized InfUdDriver buffers: 50000 receive buffers (97 MB), 50 transmit buffers (0 MB), took 15.4 ms
1484256972.383373018 InfUdDriver.cc:601 in refillReceiver NOTICE[1]: 1000 receive buffers now in use (2.0%)
1484256972.383600221 BasicTransport.cc:102 in BasicTransport NOTICE[1]: BasicTransport parameters: maxDataPerPacket 1982, roundTripBytes 29730, grantIncrement 9910, pingIntervals 3, timeoutIntervals 40, timerInterval 2.00 ms
1484257000.605735191 ClientLeaseAgent.cc:54 in getLease NOTICE[1]: Blocked waiting for lease to renew.
1484257005.677544039 RpcWrapper.cc:220 in isReady NOTICE[1]: Server basic+infud:host=server-0.infud-migrate.ramcloud-PG0.apt.emulab.net,lid=44,qpn=613 returned STATUS_RETRY from WRITE request: Tablet is currently locked for migration!
1484257005.677544039 ClientLeaseAgent.cc:54 in getLease NOTICE[1]: (1207 duplicates of this message were skipped) Blocked waiting for lease to renew.
1484257200.609416421 ObjectRpcWrapper.cc:95 in checkStatus NOTICE[1]: Server basic+infud:host=server-0.infud-migrate.ramcloud-PG0.apt.emulab.net,lid=44,qpn=613 doesn't store <1, 0xc8dafed415b7d46>; refreshing object map
1484257200.609416421 RpcWrapper.cc:220 in isReady NOTICE[1]: (14 duplicates of this message were skipped) Server basic+infud:host=server-0.infud-migrate.ramcloud-PG0.apt.emulab.net,lid=44,qpn=613 returned STATUS_RETRY from WRITE request: Tablet is currently locked for migration!
1484257205.242189100 ClusterPerf.cc:512 in run WARNING[1]: Actual OPS 48902 / Target OPS 48900
1484257205.242198741 ClusterPerf.cc:515 in run WARNING[1]: 5704811 Misses / 9780728 Total -- 9291831/488897 R/W
1484257205.288312888 TimeTrace.cc:189 in printInternal NOTICE[1]: No time trace events to print
