1484255457.242394673 ServerMain.cc:251 in main NOTICE[1]: Command line: /users/anirajk/RAMCloud/obj.master/server -C basic+udp:host=128.110.96.124,port=12246 -L basic+infud:host=server-4.infud-migrate.ramcloud-PG0.apt.emulab.net -r 3 -l NOTICE --clusterName __unnamed__ --logFile logs/20170112141044/server5.server-4.infud-migrate.ramcloud-PG0.apt.emulab.net.log --preferredIndex 5 --totalMasterMemory=8000 --segmentFrames=4096 -f /dev/sda4,/dev/sdb
1484255457.242427463 ServerMain.cc:252 in main NOTICE[1]: Server process id: 73241
1484255457.242709820 InfUdDriver.cc:125 in InfUdDriver NOTICE[1]: InfUdDriver bandwidth: 32 Gbits/sec, maxTransmitQueueSize: 8000 bytes
1484255457.283658654 InfUdDriver.cc:148 in InfUdDriver NOTICE[1]: Initialized InfUdDriver buffers: 50000 receive buffers (97 MB), 50 transmit buffers (0 MB), took 38.5 ms
1484255457.284802885 InfUdDriver.cc:187 in InfUdDriver NOTICE[1]: Locator for InfUdDriver: basic+infud:host=server-4.infud-migrate.ramcloud-PG0.apt.emulab.net,lid=110,qpn=591
1484255457.284851620 InfUdDriver.cc:601 in refillReceiver NOTICE[1]: 1000 receive buffers now in use (2.0%)
1484255457.285006849 BasicTransport.cc:102 in BasicTransport NOTICE[1]: BasicTransport parameters: maxDataPerPacket 1982, roundTripBytes 29730, grantIncrement 9910, pingIntervals 3, timeoutIntervals 40, timerInterval 2.00 ms
1484255457.285050917 ServerMain.cc:284 in main NOTICE[1]: MASTER_SERVICE, BACKUP_SERVICE, ADMIN_SERVICE: Listening on basic+infud:host=server-4.infud-migrate.ramcloud-PG0.apt.emulab.net,lid=110,qpn=591
1484255457.285900377 ServerMain.cc:324 in main NOTICE[1]: Using 3 backups
1484255457.285915745 ServerConfig.h:570 in setLogAndHashTableSize NOTICE[1]: Master to allocate 8388608000 bytes total, 838860800 of which are for the hash table
1484255457.285918885 ServerConfig.h:572 in setLogAndHashTableSize NOTICE[1]: Master will have 900 segments and 13107200 lines in the hash table
1484255457.285920678 ServerConfig.h:576 in setLogAndHashTableSize NOTICE[1]: Hash table will have one entry for every 72 bytes in the log
1484255457.285922611 ServerMain.cc:329 in main NOTICE[1]: PortTimeOut=-1
1484255457.285924522 PortAlarm.cc:160 in setPortTimeout NOTICE[1]: Set PortTimeout to -1 (ms: -1 to disable.)
1484255457.286761212 MemoryMonitor.cc:62 in handleTimerEvent NOTICE[4]: Memory usage now 114 MB (increased 114 MB)
1484255457.286925851 Server.cc:86 in run NOTICE[1]: Starting services
1484255457.286936226 Server.cc:150 in createAndRegisterServices NOTICE[1]: Master is using 3 backups
1484255457.286968539 LargeBlockOfMemory.h:241 in mmapGigabyteAligned NOTICE[1]: Populating pages; progress 0 of 7200 MB
1484255457.730481436 LargeBlockOfMemory.h:241 in mmapGigabyteAligned NOTICE[1]: Populating pages; progress 1024 of 7200 MB
1484255458.143390856 LargeBlockOfMemory.h:241 in mmapGigabyteAligned NOTICE[1]: Populating pages; progress 2048 of 7200 MB
1484255458.550672622 LargeBlockOfMemory.h:241 in mmapGigabyteAligned NOTICE[1]: Populating pages; progress 3072 of 7200 MB
1484255458.956562310 LargeBlockOfMemory.h:241 in mmapGigabyteAligned NOTICE[1]: Populating pages; progress 4096 of 7200 MB
1484255459.364066221 LargeBlockOfMemory.h:241 in mmapGigabyteAligned NOTICE[1]: Populating pages; progress 5120 of 7200 MB
1484255459.770638743 LargeBlockOfMemory.h:241 in mmapGigabyteAligned NOTICE[1]: Populating pages; progress 6144 of 7200 MB
1484255460.178094245 LargeBlockOfMemory.h:241 in mmapGigabyteAligned NOTICE[1]: Populating pages; progress 7168 of 7200 MB
1484255460.197757555 SegletAllocator.cc:162 in initializeEmergencyHeadReserve NOTICE[1]: Reserved 256 seglets for emergency head segments (16 MB). 114944 seglets (7184 MB) left in default pool.
1484255460.501577281 InfUdDriver.cc:312 in registerMemory NOTICE[1]: Created zero-copy region with 7549747200 bytes at 0x40000000
1484255460.501665726 SegletAllocator.cc:197 in initializeCleanerReserve NOTICE[1]: Reserved 1920 seglets for the cleaner (120 MB). 113024 seglets (7064 MB) left in default pool.
1484255460.501700075 LogCleaner.cc:798 in TombstoneRatioBalancer NOTICE[1]: Using tombstone ratio balancer with ratio = 0.400000
1484255460.501752437 LargeBlockOfMemory.h:241 in mmapGigabyteAligned NOTICE[1]: Populating pages; progress 0 of 512 MB
1484255460.759383739 Server.cc:155 in createAndRegisterServices NOTICE[1]: Starting backup service
1484255460.762824586 MultiFileStorage.cc:1021 in MultiFileStorage NOTICE[1]: Backup storage opened with 34359738368 bytes available; allocated 4096 frame(s) across 2 file(s) with 8388608 bytes per frame
1484255461.150834794 BackupStorage.cc:68 in benchmark NOTICE[1]: Backup storage speeds (min): 216 MB/s read
1484255461.150840136 BackupStorage.cc:69 in benchmark NOTICE[1]: Backup storage speeds (avg): 335 MB/s read,
1484255461.150841178 BackupStorage.cc:75 in benchmark NOTICE[1]: RANDOM_REFINE_AVG BackupStrategy selected
1484255461.151864694 BackupService.cc:92 in BackupService NOTICE[1]: Cluster '__unnamed__'; ignoring existing backup storage. Any replicas stored will not be reusable by future backups. Specify clusterName for persistence across backup restarts.
1484255461.151872727 Server.cc:159 in createAndRegisterServices NOTICE[1]: Backup service started
1484255461.151874871 Server.cc:88 in run NOTICE[1]: Services started
1484255461.151875653 Server.cc:93 in run NOTICE[1]: Pinning memory
1484255461.989371204 Server.cc:95 in run NOTICE[1]: Memory pinned
1484255461.989581737 MemoryMonitor.cc:62 in handleTimerEvent NOTICE[4]: Memory usage now 8936 MB (increased 8822 MB)
1484255461.989591721 Server.cc:192 in enlist NOTICE[4]: Enlisting with cooordinator
1484255461.989636995 UdpDriver.cc:88 in UdpDriver NOTICE[4]: UdpDriver bandwidth: 10 Gbits/sec, maxTransmitQueueSize: 2800 bytes
1484255461.989660012 UdpDriver.cc:119 in UdpDriver NOTICE[4]: UdpDriver using port 0
1484255461.991724157 BasicTransport.cc:102 in BasicTransport NOTICE[4]: BasicTransport parameters: maxDataPerPacket 1374, roundTripBytes 9618, grantIncrement 6870, pingIntervals 3, timeoutIntervals 40, timerInterval 2.00 ms
1484255461.992006695 CoordinatorSession.cc:105 in getSession NOTICE[4]: Opened session with coordinator at basic+udp:host=128.110.96.124,port=12246
1484255461.992476800 Server.cc:199 in enlist NOTICE[4]: Enlisted; serverId 5.0
1484255461.992480734 MasterService.cc:822 in initOnceEnlisted NOTICE[4]: My server ID is 5.0
1484255461.996485782 BackupService.cc:323 in initOnceEnlisted NOTICE[4]: My server ID is 5.0
1484255461.996497408 LogCleaner.cc:199 in cleanerThreadEntry NOTICE[9]: LogCleaner thread started
1484255462.011758987 ServerList.cc:188 in applyServerList NOTICE[7]: Server 5.0 is up (server list version 1)
1484255462.018514273 BackupService.cc:330 in initOnceEnlisted NOTICE[4]: Backup 5.0 will store replicas under cluster name '__unnamed__'
1484255462.020599317 FailureDetector.cc:104 in detectorThreadEntry NOTICE[10]: Failure detector thread started
1484255462.251646125 ServerList.cc:188 in applyServerList NOTICE[7]: Server 4.0 is up (server list version 2)
1484255462.251654706 BackupService.cc:685 in trackerChangesEnqueued NOTICE[7]: Starting backup replica garbage collector thread
1484255462.726114844 ServerList.cc:188 in applyServerList NOTICE[7]: Server 6.0 is up (server list version 3)
1484255462.726141987 ServerList.cc:188 in applyServerList NOTICE[7]: Server 6.0 is up (server list version 4)
1484255462.726148382 ServerList.cc:188 in applyServerList NOTICE[7]: Server 5.0 is up (server list version 5)
1484255462.726154312 ServerList.cc:188 in applyServerList NOTICE[7]: Server 4.0 is up (server list version 6)
1484255468.262552325 ServerList.cc:188 in applyServerList NOTICE[7]: Server 1.0 is up (server list version 7)
1484255468.268721828 ServerList.cc:188 in applyServerList NOTICE[7]: Server 3.0 is up (server list version 8)
1484255468.342664731 ServerList.cc:188 in applyServerList NOTICE[7]: Server 2.0 is up (server list version 9)
1484255468.342691421 ServerList.cc:188 in applyServerList NOTICE[7]: Server 3.0 is up (server list version 10)
1484255468.342699783 ServerList.cc:188 in applyServerList NOTICE[7]: Server 2.0 is up (server list version 11)
1484255468.342707524 ServerList.cc:188 in applyServerList NOTICE[7]: Server 1.0 is up (server list version 12)
1484255468.355489696 ServerList.cc:188 in applyServerList NOTICE[7]: Server 7.0 is up (server list version 13)
1484255660.165653051 MultiFileStorage.cc:723 in unlockedWrite WARNING[11]: Slow write to replica storage on device 2: 108.3 ms for 512 bytes
1484255703.514931316 TimeTrace.cc:189 in printInternal NOTICE[8]: No time trace events to print
1484255703.515298726 CacheTrace.cc:113 in printInternal NOTICE[8]: No cache trace events to print
