1484256388.107243286 ServerMain.cc:251 in main NOTICE[1]: Command line: /users/anirajk/RAMCloud/obj.master/server -C basic+udp:host=128.110.96.124,port=12246 -L basic+infud:host=server-4.infud-migrate.ramcloud-PG0.apt.emulab.net -r 3 -l NOTICE --clusterName __unnamed__ --logFile logs/20170112142615/server5.server-4.infud-migrate.ramcloud-PG0.apt.emulab.net.log --preferredIndex 5 --totalMasterMemory=8000 --segmentFrames=4096 -f /dev/sda4,/dev/sdb
1484256388.107269473 ServerMain.cc:252 in main NOTICE[1]: Server process id: 74235
1484256388.107502578 InfUdDriver.cc:125 in InfUdDriver NOTICE[1]: InfUdDriver bandwidth: 32 Gbits/sec, maxTransmitQueueSize: 8000 bytes
1484256388.143814615 InfUdDriver.cc:148 in InfUdDriver NOTICE[1]: Initialized InfUdDriver buffers: 50000 receive buffers (97 MB), 50 transmit buffers (0 MB), took 34.4 ms
1484256388.144988531 InfUdDriver.cc:187 in InfUdDriver NOTICE[1]: Locator for InfUdDriver: basic+infud:host=server-4.infud-migrate.ramcloud-PG0.apt.emulab.net,lid=110,qpn=593
1484256388.145030656 InfUdDriver.cc:601 in refillReceiver NOTICE[1]: 1000 receive buffers now in use (2.0%)
1484256388.145179711 BasicTransport.cc:102 in BasicTransport NOTICE[1]: BasicTransport parameters: maxDataPerPacket 1982, roundTripBytes 29730, grantIncrement 9910, pingIntervals 3, timeoutIntervals 40, timerInterval 2.00 ms
1484256388.145213780 ServerMain.cc:284 in main NOTICE[1]: MASTER_SERVICE, BACKUP_SERVICE, ADMIN_SERVICE: Listening on basic+infud:host=server-4.infud-migrate.ramcloud-PG0.apt.emulab.net,lid=110,qpn=593
1484256388.145953593 ServerMain.cc:324 in main NOTICE[1]: Using 3 backups
1484256388.145966743 ServerConfig.h:570 in setLogAndHashTableSize NOTICE[1]: Master to allocate 8388608000 bytes total, 838860800 of which are for the hash table
1484256388.145969467 ServerConfig.h:572 in setLogAndHashTableSize NOTICE[1]: Master will have 900 segments and 13107200 lines in the hash table
1484256388.145971137 ServerConfig.h:576 in setLogAndHashTableSize NOTICE[1]: Hash table will have one entry for every 72 bytes in the log
1484256388.145972848 ServerMain.cc:329 in main NOTICE[1]: PortTimeOut=-1
1484256388.145974588 PortAlarm.cc:160 in setPortTimeout NOTICE[1]: Set PortTimeout to -1 (ms: -1 to disable.)
1484256388.146710061 MemoryMonitor.cc:62 in handleTimerEvent NOTICE[5]: Memory usage now 114 MB (increased 114 MB)
1484256388.146804741 Server.cc:86 in run NOTICE[1]: Starting services
1484256388.146813748 Server.cc:150 in createAndRegisterServices NOTICE[1]: Master is using 3 backups
1484256388.146843478 LargeBlockOfMemory.h:241 in mmapGigabyteAligned NOTICE[1]: Populating pages; progress 0 of 7200 MB
1484256388.572773069 LargeBlockOfMemory.h:241 in mmapGigabyteAligned NOTICE[1]: Populating pages; progress 1024 of 7200 MB
1484256388.986726587 LargeBlockOfMemory.h:241 in mmapGigabyteAligned NOTICE[1]: Populating pages; progress 2048 of 7200 MB
1484256389.394396037 LargeBlockOfMemory.h:241 in mmapGigabyteAligned NOTICE[1]: Populating pages; progress 3072 of 7200 MB
1484256389.801072993 LargeBlockOfMemory.h:241 in mmapGigabyteAligned NOTICE[1]: Populating pages; progress 4096 of 7200 MB
1484256390.207762572 LargeBlockOfMemory.h:241 in mmapGigabyteAligned NOTICE[1]: Populating pages; progress 5120 of 7200 MB
1484256390.613890227 LargeBlockOfMemory.h:241 in mmapGigabyteAligned NOTICE[1]: Populating pages; progress 6144 of 7200 MB
1484256391.020525965 LargeBlockOfMemory.h:241 in mmapGigabyteAligned NOTICE[1]: Populating pages; progress 7168 of 7200 MB
1484256391.040175121 SegletAllocator.cc:162 in initializeEmergencyHeadReserve NOTICE[1]: Reserved 256 seglets for emergency head segments (16 MB). 114944 seglets (7184 MB) left in default pool.
1484256391.343182977 InfUdDriver.cc:312 in registerMemory NOTICE[1]: Created zero-copy region with 7549747200 bytes at 0x40000000
1484256391.343277320 SegletAllocator.cc:197 in initializeCleanerReserve NOTICE[1]: Reserved 1920 seglets for the cleaner (120 MB). 113024 seglets (7064 MB) left in default pool.
1484256391.343313386 LogCleaner.cc:798 in TombstoneRatioBalancer NOTICE[1]: Using tombstone ratio balancer with ratio = 0.400000
1484256391.343371180 LargeBlockOfMemory.h:241 in mmapGigabyteAligned NOTICE[1]: Populating pages; progress 0 of 512 MB
1484256391.602105376 Server.cc:155 in createAndRegisterServices NOTICE[1]: Starting backup service
1484256391.605510259 MultiFileStorage.cc:1021 in MultiFileStorage NOTICE[1]: Backup storage opened with 34359738368 bytes available; allocated 4096 frame(s) across 2 file(s) with 8388608 bytes per frame
1484256391.996281125 BackupStorage.cc:68 in benchmark NOTICE[1]: Backup storage speeds (min): 201 MB/s read
1484256391.996287069 BackupStorage.cc:69 in benchmark NOTICE[1]: Backup storage speeds (avg): 333 MB/s read,
1484256391.996288150 BackupStorage.cc:75 in benchmark NOTICE[1]: RANDOM_REFINE_AVG BackupStrategy selected
1484256391.997303342 BackupService.cc:92 in BackupService NOTICE[1]: Cluster '__unnamed__'; ignoring existing backup storage. Any replicas stored will not be reusable by future backups. Specify clusterName for persistence across backup restarts.
1484256391.997310962 Server.cc:159 in createAndRegisterServices NOTICE[1]: Backup service started
1484256391.997313107 Server.cc:88 in run NOTICE[1]: Services started
1484256391.997326322 Server.cc:93 in run NOTICE[1]: Pinning memory
1484256392.840174555 Server.cc:95 in run NOTICE[1]: Memory pinned
1484256392.840331580 MemoryMonitor.cc:62 in handleTimerEvent NOTICE[5]: Memory usage now 8936 MB (increased 8822 MB)
1484256392.840341211 Server.cc:192 in enlist NOTICE[5]: Enlisting with cooordinator
1484256392.840403880 UdpDriver.cc:88 in UdpDriver NOTICE[5]: UdpDriver bandwidth: 10 Gbits/sec, maxTransmitQueueSize: 2800 bytes
1484256392.840431150 UdpDriver.cc:119 in UdpDriver NOTICE[5]: UdpDriver using port 0
1484256392.842512008 BasicTransport.cc:102 in BasicTransport NOTICE[5]: BasicTransport parameters: maxDataPerPacket 1374, roundTripBytes 9618, grantIncrement 6870, pingIntervals 3, timeoutIntervals 40, timerInterval 2.00 ms
1484256392.842775185 CoordinatorSession.cc:105 in getSession NOTICE[5]: Opened session with coordinator at basic+udp:host=128.110.96.124,port=12246
1484256392.849222799 Server.cc:199 in enlist NOTICE[5]: Enlisted; serverId 5.0
1484256392.849228156 MasterService.cc:822 in initOnceEnlisted NOTICE[5]: My server ID is 5.0
1484256392.853324060 BackupService.cc:323 in initOnceEnlisted NOTICE[5]: My server ID is 5.0
1484256392.853387724 ServerList.cc:188 in applyServerList NOTICE[8]: Server 1.0 is up (server list version 2)
1484256392.853388861 LogCleaner.cc:199 in cleanerThreadEntry NOTICE[9]: LogCleaner thread started
1484256392.853400194 ServerList.cc:188 in applyServerList NOTICE[8]: Server 5.0 is up (server list version 2)
1484256392.860392919 ServerList.cc:188 in applyServerList NOTICE[8]: Server 7.0 is up (server list version 3)
1484256392.860416096 ServerList.cc:188 in applyServerList NOTICE[8]: Server 7.0 is up (server list version 4)
1484256392.860421628 ServerList.cc:188 in applyServerList NOTICE[8]: Server 5.0 is up (server list version 5)
1484256392.860426342 ServerList.cc:188 in applyServerList NOTICE[8]: Server 1.0 is up (server list version 6)
1484256392.880493983 BackupService.cc:330 in initOnceEnlisted NOTICE[5]: Backup 5.0 will store replicas under cluster name '__unnamed__'
1484256392.882499036 FailureDetector.cc:104 in detectorThreadEntry NOTICE[10]: Failure detector thread started
1484256392.893988565 ServerList.cc:188 in applyServerList NOTICE[8]: Server 2.0 is up (server list version 7)
1484256392.893999641 BackupService.cc:685 in trackerChangesEnqueued NOTICE[8]: Starting backup replica garbage collector thread
1484256392.897016158 ServerList.cc:188 in applyServerList NOTICE[8]: Server 3.0 is up (server list version 8)
1484256393.066434635 ServerList.cc:188 in applyServerList NOTICE[8]: Server 4.0 is up (server list version 9)
1484256393.066451364 ServerList.cc:188 in applyServerList NOTICE[8]: Server 4.0 is up (server list version 10)
1484256393.066457041 ServerList.cc:188 in applyServerList NOTICE[8]: Server 3.0 is up (server list version 11)
1484256393.066475661 ServerList.cc:188 in applyServerList NOTICE[8]: Server 2.0 is up (server list version 12)
1484256393.596549361 ServerList.cc:188 in applyServerList NOTICE[8]: Server 6.0 is up (server list version 13)
1484256396.240645799 MultiFileStorage.cc:723 in unlockedWrite WARNING[11]: Slow write to replica storage on device 2: 108.3 ms for 512 bytes
1484256628.592256316 TimeTrace.cc:189 in printInternal NOTICE[7]: No time trace events to print
1484256628.592661834 CacheTrace.cc:113 in printInternal NOTICE[7]: No cache trace events to print
