1484256388.071562003 ServerMain.cc:251 in main NOTICE[1]: Command line: /users/anirajk/RAMCloud/obj.master/server -C basic+udp:host=128.110.96.124,port=12246 -L basic+infud:host=server-0.infud-migrate.ramcloud-PG0.apt.emulab.net -r 3 -l NOTICE --clusterName __unnamed__ --logFile logs/20170112142615/server1.server-0.infud-migrate.ramcloud-PG0.apt.emulab.net.log --preferredIndex 1 --totalMasterMemory=8000 --segmentFrames=4096 -f /dev/sda4,/dev/sdb
1484256388.071595351 ServerMain.cc:252 in main NOTICE[1]: Server process id: 5609
1484256388.071888328 InfUdDriver.cc:125 in InfUdDriver NOTICE[1]: InfUdDriver bandwidth: 32 Gbits/sec, maxTransmitQueueSize: 8000 bytes
1484256388.114819289 InfUdDriver.cc:148 in InfUdDriver NOTICE[1]: Initialized InfUdDriver buffers: 50000 receive buffers (97 MB), 50 transmit buffers (0 MB), took 40.5 ms
1484256388.116024916 InfUdDriver.cc:187 in InfUdDriver NOTICE[1]: Locator for InfUdDriver: basic+infud:host=server-0.infud-migrate.ramcloud-PG0.apt.emulab.net,lid=44,qpn=611
1484256388.116076218 InfUdDriver.cc:601 in refillReceiver NOTICE[1]: 1000 receive buffers now in use (2.0%)
1484256388.116245319 BasicTransport.cc:102 in BasicTransport NOTICE[1]: BasicTransport parameters: maxDataPerPacket 1982, roundTripBytes 29730, grantIncrement 9910, pingIntervals 3, timeoutIntervals 40, timerInterval 2.00 ms
1484256388.116286698 ServerMain.cc:284 in main NOTICE[1]: MASTER_SERVICE, BACKUP_SERVICE, ADMIN_SERVICE: Listening on basic+infud:host=server-0.infud-migrate.ramcloud-PG0.apt.emulab.net,lid=44,qpn=611
1484256388.117191217 ServerMain.cc:324 in main NOTICE[1]: Using 3 backups
1484256388.117207853 ServerConfig.h:570 in setLogAndHashTableSize NOTICE[1]: Master to allocate 8388608000 bytes total, 838860800 of which are for the hash table
1484256388.117211025 ServerConfig.h:572 in setLogAndHashTableSize NOTICE[1]: Master will have 900 segments and 13107200 lines in the hash table
1484256388.117213003 ServerConfig.h:576 in setLogAndHashTableSize NOTICE[1]: Hash table will have one entry for every 72 bytes in the log
1484256388.117214876 ServerMain.cc:329 in main NOTICE[1]: PortTimeOut=-1
1484256388.117217022 PortAlarm.cc:160 in setPortTimeout NOTICE[1]: Set PortTimeout to -1 (ms: -1 to disable.)
1484256388.118101918 MemoryMonitor.cc:62 in handleTimerEvent NOTICE[4]: Memory usage now 114 MB (increased 114 MB)
1484256388.118240267 Server.cc:86 in run NOTICE[1]: Starting services
1484256388.118248800 Server.cc:150 in createAndRegisterServices NOTICE[1]: Master is using 3 backups
1484256388.118276916 LargeBlockOfMemory.h:241 in mmapGigabyteAligned NOTICE[1]: Populating pages; progress 0 of 7200 MB
1484256388.565851855 LargeBlockOfMemory.h:241 in mmapGigabyteAligned NOTICE[1]: Populating pages; progress 1024 of 7200 MB
1484256388.975770185 LargeBlockOfMemory.h:241 in mmapGigabyteAligned NOTICE[1]: Populating pages; progress 2048 of 7200 MB
1484256389.382305568 LargeBlockOfMemory.h:241 in mmapGigabyteAligned NOTICE[1]: Populating pages; progress 3072 of 7200 MB
1484256389.791282365 LargeBlockOfMemory.h:241 in mmapGigabyteAligned NOTICE[1]: Populating pages; progress 4096 of 7200 MB
1484256390.197061410 LargeBlockOfMemory.h:241 in mmapGigabyteAligned NOTICE[1]: Populating pages; progress 5120 of 7200 MB
1484256390.603250633 LargeBlockOfMemory.h:241 in mmapGigabyteAligned NOTICE[1]: Populating pages; progress 6144 of 7200 MB
1484256391.016336784 LargeBlockOfMemory.h:241 in mmapGigabyteAligned NOTICE[1]: Populating pages; progress 7168 of 7200 MB
1484256391.036539905 SegletAllocator.cc:162 in initializeEmergencyHeadReserve NOTICE[1]: Reserved 256 seglets for emergency head segments (16 MB). 114944 seglets (7184 MB) left in default pool.
1484256391.319604866 InfUdDriver.cc:312 in registerMemory NOTICE[1]: Created zero-copy region with 7549747200 bytes at 0x40000000
1484256391.319668104 SegletAllocator.cc:197 in initializeCleanerReserve NOTICE[1]: Reserved 1920 seglets for the cleaner (120 MB). 113024 seglets (7064 MB) left in default pool.
1484256391.319688640 LogCleaner.cc:798 in TombstoneRatioBalancer NOTICE[1]: Using tombstone ratio balancer with ratio = 0.400000
1484256391.319718379 LargeBlockOfMemory.h:241 in mmapGigabyteAligned NOTICE[1]: Populating pages; progress 0 of 512 MB
1484256391.522469602 Server.cc:155 in createAndRegisterServices NOTICE[1]: Starting backup service
1484256391.525941396 MultiFileStorage.cc:1021 in MultiFileStorage NOTICE[1]: Backup storage opened with 34359738368 bytes available; allocated 4096 frame(s) across 2 file(s) with 8388608 bytes per frame
1484256391.975448630 BackupStorage.cc:68 in benchmark NOTICE[1]: Backup storage speeds (min): 82 MB/s read
1484256391.975454412 BackupStorage.cc:69 in benchmark NOTICE[1]: Backup storage speeds (avg): 325 MB/s read,
1484256391.975455632 BackupStorage.cc:75 in benchmark NOTICE[1]: RANDOM_REFINE_AVG BackupStrategy selected
1484256391.976459905 BackupService.cc:92 in BackupService NOTICE[1]: Cluster '__unnamed__'; ignoring existing backup storage. Any replicas stored will not be reusable by future backups. Specify clusterName for persistence across backup restarts.
1484256391.976467240 Server.cc:159 in createAndRegisterServices NOTICE[1]: Backup service started
1484256391.976469150 Server.cc:88 in run NOTICE[1]: Services started
1484256391.976469957 Server.cc:93 in run NOTICE[1]: Pinning memory
1484256392.825082174 Server.cc:95 in run NOTICE[1]: Memory pinned
1484256392.825231597 MemoryMonitor.cc:62 in handleTimerEvent NOTICE[4]: Memory usage now 8935 MB (increased 8821 MB)
1484256392.825241043 Server.cc:192 in enlist NOTICE[4]: Enlisting with cooordinator
1484256392.825287864 UdpDriver.cc:88 in UdpDriver NOTICE[4]: UdpDriver bandwidth: 10 Gbits/sec, maxTransmitQueueSize: 2800 bytes
1484256392.825310406 UdpDriver.cc:119 in UdpDriver NOTICE[4]: UdpDriver using port 0
1484256392.827346186 BasicTransport.cc:102 in BasicTransport NOTICE[4]: BasicTransport parameters: maxDataPerPacket 1374, roundTripBytes 9618, grantIncrement 6870, pingIntervals 3, timeoutIntervals 40, timerInterval 2.00 ms
1484256392.827616853 CoordinatorSession.cc:105 in getSession NOTICE[4]: Opened session with coordinator at basic+udp:host=128.110.96.124,port=12246
1484256392.828066590 Server.cc:199 in enlist NOTICE[4]: Enlisted; serverId 1.0
1484256392.828070376 MasterService.cc:822 in initOnceEnlisted NOTICE[4]: My server ID is 1.0
1484256392.831843094 BackupService.cc:323 in initOnceEnlisted NOTICE[4]: My server ID is 1.0
1484256392.831870859 LogCleaner.cc:199 in cleanerThreadEntry NOTICE[9]: LogCleaner thread started
1484256392.847365282 ServerList.cc:188 in applyServerList NOTICE[7]: Server 1.0 is up (server list version 1)
1484256392.847472016 ServerList.cc:188 in applyServerList NOTICE[7]: Server 5.0 is up (server list version 2)
1484256392.854523534 BackupService.cc:330 in initOnceEnlisted NOTICE[4]: Backup 1.0 will store replicas under cluster name '__unnamed__'
1484256392.856678288 FailureDetector.cc:104 in detectorThreadEntry NOTICE[10]: Failure detector thread started
1484256392.858617488 ServerList.cc:188 in applyServerList NOTICE[7]: Server 7.0 is up (server list version 3)
1484256392.858641378 BackupService.cc:685 in trackerChangesEnqueued NOTICE[7]: Starting backup replica garbage collector thread
1484256392.860752320 ServerList.cc:188 in applyServerList NOTICE[7]: Server 7.0 is up (server list version 4)
1484256392.860762980 ServerList.cc:188 in applyServerList NOTICE[7]: Server 5.0 is up (server list version 5)
1484256392.860768636 ServerList.cc:188 in applyServerList NOTICE[7]: Server 1.0 is up (server list version 6)
1484256392.891095068 ServerList.cc:188 in applyServerList NOTICE[7]: Server 2.0 is up (server list version 7)
1484256392.894046245 ServerList.cc:188 in applyServerList NOTICE[7]: Server 3.0 is up (server list version 8)
1484256393.064649176 ServerList.cc:188 in applyServerList NOTICE[7]: Server 4.0 is up (server list version 9)
1484256393.064665792 ServerList.cc:188 in applyServerList NOTICE[7]: Server 4.0 is up (server list version 10)
1484256393.064671191 ServerList.cc:188 in applyServerList NOTICE[7]: Server 3.0 is up (server list version 11)
1484256393.064689900 ServerList.cc:188 in applyServerList NOTICE[7]: Server 2.0 is up (server list version 12)
1484256393.594744276 ServerList.cc:188 in applyServerList NOTICE[7]: Server 6.0 is up (server list version 13)
1484256393.870119558 MasterService.cc:2447 in takeTabletOwnership NOTICE[7]: Took ownership of new tablet [0x0,0xffffffffffffffff] in tableId 1
1484256411.329398843 HashTable.cc:379 in insert NOTICE[6]: Allocating overflow bucket 1 for index 7111400
1484256416.787635126 HashTable.cc:379 in insert NOTICE[6]: (2 duplicates of this message were skipped) Allocating overflow bucket 1 for index 4657397
1484256421.882233688 HashTable.cc:379 in insert NOTICE[8]: (10 duplicates of this message were skipped) Allocating overflow bucket 1 for index 6405434
1484256424.531268551 MasterService.cc:1123 in migrateTablet NOTICE[6]: Migrating tablet [0x0,0xffffffffffffffff] in tableId 1 to server 2.0 at basic+infud:host=server-1.infud-migrate.ramcloud-PG0.apt.emulab.net,lid=69,qpn=658
1484256572.770389406 Buffer.cc:481 in getNewAllocation NOTICE[5]: buffer has consumed 4000 bytes of extra storage, current allocation: 4000 bytes
1484256572.770389406 HashTable.cc:379 in insert NOTICE[6]: (12 duplicates of this message were skipped) Allocating overflow bucket 1 for index 7111400
1484256628.187931051 MasterService.cc:348 in dropTabletOwnership NOTICE[7]: Dropped ownership of (or did not own) tablet [0x0,0xffffffffffffffff] in tableId 1
1484256628.590588459 TimeTrace.cc:189 in printInternal NOTICE[7]: No time trace events to print
1484256628.590994166 CacheTrace.cc:113 in printInternal NOTICE[7]: No cache trace events to print
