1484256676.486228119 ServerMain.cc:251 in main NOTICE[1]: Command line: /users/anirajk/RAMCloud/obj.master/server -C basic+udp:host=128.110.96.124,port=12246 -L basic+infud:host=server-4.infud-migrate.ramcloud-PG0.apt.emulab.net -r 3 -l NOTICE --clusterName __unnamed__ --logFile logs/20170112143103/server5.server-4.infud-migrate.ramcloud-PG0.apt.emulab.net.log --preferredIndex 5 --totalMasterMemory=8000 --segmentFrames=4096 -f /dev/sda4,/dev/sdb
1484256676.486252398 ServerMain.cc:252 in main NOTICE[1]: Server process id: 74781
1484256676.486462976 InfUdDriver.cc:125 in InfUdDriver NOTICE[1]: InfUdDriver bandwidth: 32 Gbits/sec, maxTransmitQueueSize: 8000 bytes
1484256676.523580715 InfUdDriver.cc:148 in InfUdDriver NOTICE[1]: Initialized InfUdDriver buffers: 50000 receive buffers (97 MB), 50 transmit buffers (0 MB), took 35.3 ms
1484256676.524694822 InfUdDriver.cc:187 in InfUdDriver NOTICE[1]: Locator for InfUdDriver: basic+infud:host=server-4.infud-migrate.ramcloud-PG0.apt.emulab.net,lid=110,qpn=594
1484256676.524732780 InfUdDriver.cc:601 in refillReceiver NOTICE[1]: 1000 receive buffers now in use (2.0%)
1484256676.524884070 BasicTransport.cc:102 in BasicTransport NOTICE[1]: BasicTransport parameters: maxDataPerPacket 1982, roundTripBytes 29730, grantIncrement 9910, pingIntervals 3, timeoutIntervals 40, timerInterval 2.00 ms
1484256676.524915552 ServerMain.cc:284 in main NOTICE[1]: MASTER_SERVICE, BACKUP_SERVICE, ADMIN_SERVICE: Listening on basic+infud:host=server-4.infud-migrate.ramcloud-PG0.apt.emulab.net,lid=110,qpn=594
1484256676.525604621 ServerMain.cc:324 in main NOTICE[1]: Using 3 backups
1484256676.525616073 ServerConfig.h:570 in setLogAndHashTableSize NOTICE[1]: Master to allocate 8388608000 bytes total, 838860800 of which are for the hash table
1484256676.525618509 ServerConfig.h:572 in setLogAndHashTableSize NOTICE[1]: Master will have 900 segments and 13107200 lines in the hash table
1484256676.525619907 ServerConfig.h:576 in setLogAndHashTableSize NOTICE[1]: Hash table will have one entry for every 72 bytes in the log
1484256676.525621664 ServerMain.cc:329 in main NOTICE[1]: PortTimeOut=-1
1484256676.525623409 PortAlarm.cc:160 in setPortTimeout NOTICE[1]: Set PortTimeout to -1 (ms: -1 to disable.)
1484256676.525874561 MemoryMonitor.cc:62 in handleTimerEvent NOTICE[6]: Memory usage now 112 MB (increased 112 MB)
1484256676.525927415 Server.cc:86 in run NOTICE[1]: Starting services
1484256676.525935493 Server.cc:150 in createAndRegisterServices NOTICE[1]: Master is using 3 backups
1484256676.525966652 LargeBlockOfMemory.h:241 in mmapGigabyteAligned NOTICE[1]: Populating pages; progress 0 of 7200 MB
1484256676.956280123 LargeBlockOfMemory.h:241 in mmapGigabyteAligned NOTICE[1]: Populating pages; progress 1024 of 7200 MB
1484256677.364715293 LargeBlockOfMemory.h:241 in mmapGigabyteAligned NOTICE[1]: Populating pages; progress 2048 of 7200 MB
1484256677.765808271 LargeBlockOfMemory.h:241 in mmapGigabyteAligned NOTICE[1]: Populating pages; progress 3072 of 7200 MB
1484256678.167388082 LargeBlockOfMemory.h:241 in mmapGigabyteAligned NOTICE[1]: Populating pages; progress 4096 of 7200 MB
1484256678.568561012 LargeBlockOfMemory.h:241 in mmapGigabyteAligned NOTICE[1]: Populating pages; progress 5120 of 7200 MB
1484256678.969298028 LargeBlockOfMemory.h:241 in mmapGigabyteAligned NOTICE[1]: Populating pages; progress 6144 of 7200 MB
1484256679.369381067 LargeBlockOfMemory.h:241 in mmapGigabyteAligned NOTICE[1]: Populating pages; progress 7168 of 7200 MB
1484256679.388905171 SegletAllocator.cc:162 in initializeEmergencyHeadReserve NOTICE[1]: Reserved 256 seglets for emergency head segments (16 MB). 114944 seglets (7184 MB) left in default pool.
1484256679.692035802 InfUdDriver.cc:312 in registerMemory NOTICE[1]: Created zero-copy region with 7549747200 bytes at 0x40000000
1484256679.692128801 SegletAllocator.cc:197 in initializeCleanerReserve NOTICE[1]: Reserved 1920 seglets for the cleaner (120 MB). 113024 seglets (7064 MB) left in default pool.
1484256679.692164534 LogCleaner.cc:798 in TombstoneRatioBalancer NOTICE[1]: Using tombstone ratio balancer with ratio = 0.400000
1484256679.692223089 LargeBlockOfMemory.h:241 in mmapGigabyteAligned NOTICE[1]: Populating pages; progress 0 of 512 MB
1484256679.951695618 Server.cc:155 in createAndRegisterServices NOTICE[1]: Starting backup service
1484256679.955020599 MultiFileStorage.cc:1021 in MultiFileStorage NOTICE[1]: Backup storage opened with 34359738368 bytes available; allocated 4096 frame(s) across 2 file(s) with 8388608 bytes per frame
1484256680.341325152 BackupStorage.cc:68 in benchmark NOTICE[1]: Backup storage speeds (min): 227 MB/s read
1484256680.341331091 BackupStorage.cc:69 in benchmark NOTICE[1]: Backup storage speeds (avg): 334 MB/s read,
1484256680.341332029 BackupStorage.cc:75 in benchmark NOTICE[1]: RANDOM_REFINE_AVG BackupStrategy selected
1484256680.342351645 BackupService.cc:92 in BackupService NOTICE[1]: Cluster '__unnamed__'; ignoring existing backup storage. Any replicas stored will not be reusable by future backups. Specify clusterName for persistence across backup restarts.
1484256680.342359377 Server.cc:159 in createAndRegisterServices NOTICE[1]: Backup service started
1484256680.342361142 Server.cc:88 in run NOTICE[1]: Services started
1484256680.342361883 Server.cc:93 in run NOTICE[1]: Pinning memory
1484256681.180239812 Server.cc:95 in run NOTICE[1]: Memory pinned
1484256681.180454652 MemoryMonitor.cc:62 in handleTimerEvent NOTICE[6]: Memory usage now 8936 MB (increased 8824 MB)
1484256681.180464201 Server.cc:192 in enlist NOTICE[6]: Enlisting with cooordinator
1484256681.180542327 UdpDriver.cc:88 in UdpDriver NOTICE[6]: UdpDriver bandwidth: 10 Gbits/sec, maxTransmitQueueSize: 2800 bytes
1484256681.180567069 UdpDriver.cc:119 in UdpDriver NOTICE[6]: UdpDriver using port 0
1484256681.182589333 BasicTransport.cc:102 in BasicTransport NOTICE[6]: BasicTransport parameters: maxDataPerPacket 1374, roundTripBytes 9618, grantIncrement 6870, pingIntervals 3, timeoutIntervals 40, timerInterval 2.00 ms
1484256681.182846919 CoordinatorSession.cc:105 in getSession NOTICE[6]: Opened session with coordinator at basic+udp:host=128.110.96.124,port=12246
1484256681.201094531 AdminService.cc:120 in getServerId NOTICE[7]: Returning invalid server id
1484256681.201122682 Server.cc:199 in enlist NOTICE[6]: Enlisted; serverId 5.0
1484256681.201128416 MasterService.cc:822 in initOnceEnlisted NOTICE[6]: My server ID is 5.0
1484256681.202187285 ServerList.cc:188 in applyServerList NOTICE[7]: Server 1.0 is up (server list version 2)
1484256681.202214920 ServerList.cc:188 in applyServerList NOTICE[7]: Server 5.0 is up (server list version 2)
1484256681.205430402 BackupService.cc:323 in initOnceEnlisted NOTICE[6]: My server ID is 5.0
1484256681.205492050 LogCleaner.cc:199 in cleanerThreadEntry NOTICE[9]: LogCleaner thread started
1484256681.225556783 BackupService.cc:330 in initOnceEnlisted NOTICE[6]: Backup 5.0 will store replicas under cluster name '__unnamed__'
1484256681.227434748 FailureDetector.cc:104 in detectorThreadEntry NOTICE[10]: Failure detector thread started
1484256681.280845430 ServerList.cc:188 in applyServerList NOTICE[7]: Server 3.0 is up (server list version 3)
1484256681.280858838 BackupService.cc:685 in trackerChangesEnqueued NOTICE[7]: Starting backup replica garbage collector thread
1484256681.282890219 ServerList.cc:188 in applyServerList NOTICE[7]: Server 5.0 is up (server list version 4)
1484256681.282903949 ServerList.cc:188 in applyServerList NOTICE[7]: Server 3.0 is up (server list version 5)
1484256681.282910218 ServerList.cc:188 in applyServerList NOTICE[7]: Server 1.0 is up (server list version 6)
1484256681.295990876 ServerList.cc:188 in applyServerList NOTICE[7]: Server 2.0 is up (server list version 7)
1484256681.332350593 ServerList.cc:188 in applyServerList NOTICE[7]: Server 7.0 is up (server list version 8)
1484256681.434333838 ServerList.cc:188 in applyServerList NOTICE[7]: Server 4.0 is up (server list version 9)
1484256681.434349531 ServerList.cc:188 in applyServerList NOTICE[7]: Server 7.0 is up (server list version 10)
1484256681.434355390 ServerList.cc:188 in applyServerList NOTICE[7]: Server 4.0 is up (server list version 11)
1484256681.434373522 ServerList.cc:188 in applyServerList NOTICE[7]: Server 2.0 is up (server list version 12)
1484256681.992757392 ServerList.cc:188 in applyServerList NOTICE[7]: Server 6.0 is up (server list version 13)
1484256917.637848341 TimeTrace.cc:189 in printInternal NOTICE[8]: No time trace events to print
1484256917.638170696 CacheTrace.cc:113 in printInternal NOTICE[8]: No cache trace events to print
