1484256676.458062947 ServerMain.cc:251 in main NOTICE[1]: Command line: /users/anirajk/RAMCloud/obj.master/server -C basic+udp:host=128.110.96.124,port=12246 -L basic+infud:host=server-1.infud-migrate.ramcloud-PG0.apt.emulab.net -r 3 -l NOTICE --clusterName __unnamed__ --logFile logs/20170112143103/server2.server-1.infud-migrate.ramcloud-PG0.apt.emulab.net.log --preferredIndex 2 --totalMasterMemory=8000 --segmentFrames=4096 -f /dev/sda4,/dev/sdb
1484256676.458089697 ServerMain.cc:252 in main NOTICE[1]: Server process id: 1549
1484256676.458325910 InfUdDriver.cc:125 in InfUdDriver NOTICE[1]: InfUdDriver bandwidth: 32 Gbits/sec, maxTransmitQueueSize: 8000 bytes
1484256676.498408723 InfUdDriver.cc:148 in InfUdDriver NOTICE[1]: Initialized InfUdDriver buffers: 50000 receive buffers (97 MB), 50 transmit buffers (0 MB), took 37.9 ms
1484256676.499725561 InfUdDriver.cc:187 in InfUdDriver NOTICE[1]: Locator for InfUdDriver: basic+infud:host=server-1.infud-migrate.ramcloud-PG0.apt.emulab.net,lid=69,qpn=659
1484256676.499773414 InfUdDriver.cc:601 in refillReceiver NOTICE[1]: 1000 receive buffers now in use (2.0%)
1484256676.499933281 BasicTransport.cc:102 in BasicTransport NOTICE[1]: BasicTransport parameters: maxDataPerPacket 1982, roundTripBytes 29730, grantIncrement 9910, pingIntervals 3, timeoutIntervals 40, timerInterval 2.00 ms
1484256676.499973970 ServerMain.cc:284 in main NOTICE[1]: MASTER_SERVICE, BACKUP_SERVICE, ADMIN_SERVICE: Listening on basic+infud:host=server-1.infud-migrate.ramcloud-PG0.apt.emulab.net,lid=69,qpn=659
1484256676.500788411 ServerMain.cc:324 in main NOTICE[1]: Using 3 backups
1484256676.500802112 ServerConfig.h:570 in setLogAndHashTableSize NOTICE[1]: Master to allocate 8388608000 bytes total, 838860800 of which are for the hash table
1484256676.500804830 ServerConfig.h:572 in setLogAndHashTableSize NOTICE[1]: Master will have 900 segments and 13107200 lines in the hash table
1484256676.500806563 ServerConfig.h:576 in setLogAndHashTableSize NOTICE[1]: Hash table will have one entry for every 72 bytes in the log
1484256676.500808413 ServerMain.cc:329 in main NOTICE[1]: PortTimeOut=-1
1484256676.500810209 PortAlarm.cc:160 in setPortTimeout NOTICE[1]: Set PortTimeout to -1 (ms: -1 to disable.)
1484256676.500991872 MemoryMonitor.cc:62 in handleTimerEvent NOTICE[2]: Memory usage now 113 MB (increased 113 MB)
1484256676.501105985 Server.cc:86 in run NOTICE[1]: Starting services
1484256676.501114485 Server.cc:150 in createAndRegisterServices NOTICE[1]: Master is using 3 backups
1484256676.501146618 LargeBlockOfMemory.h:241 in mmapGigabyteAligned NOTICE[1]: Populating pages; progress 0 of 7200 MB
1484256676.948120825 LargeBlockOfMemory.h:241 in mmapGigabyteAligned NOTICE[1]: Populating pages; progress 1024 of 7200 MB
1484256677.363928964 LargeBlockOfMemory.h:241 in mmapGigabyteAligned NOTICE[1]: Populating pages; progress 2048 of 7200 MB
1484256677.773754682 LargeBlockOfMemory.h:241 in mmapGigabyteAligned NOTICE[1]: Populating pages; progress 3072 of 7200 MB
1484256678.183431871 LargeBlockOfMemory.h:241 in mmapGigabyteAligned NOTICE[1]: Populating pages; progress 4096 of 7200 MB
1484256678.594847733 LargeBlockOfMemory.h:241 in mmapGigabyteAligned NOTICE[1]: Populating pages; progress 5120 of 7200 MB
1484256679.003793415 LargeBlockOfMemory.h:241 in mmapGigabyteAligned NOTICE[1]: Populating pages; progress 6144 of 7200 MB
1484256679.415155702 LargeBlockOfMemory.h:241 in mmapGigabyteAligned NOTICE[1]: Populating pages; progress 7168 of 7200 MB
1484256679.434906503 SegletAllocator.cc:162 in initializeEmergencyHeadReserve NOTICE[1]: Reserved 256 seglets for emergency head segments (16 MB). 114944 seglets (7184 MB) left in default pool.
1484256679.727964055 InfUdDriver.cc:312 in registerMemory NOTICE[1]: Created zero-copy region with 7549747200 bytes at 0x40000000
1484256679.728043199 SegletAllocator.cc:197 in initializeCleanerReserve NOTICE[1]: Reserved 1920 seglets for the cleaner (120 MB). 113024 seglets (7064 MB) left in default pool.
1484256679.728071493 LogCleaner.cc:798 in TombstoneRatioBalancer NOTICE[1]: Using tombstone ratio balancer with ratio = 0.400000
1484256679.728114381 LargeBlockOfMemory.h:241 in mmapGigabyteAligned NOTICE[1]: Populating pages; progress 0 of 512 MB
1484256679.968732096 Server.cc:155 in createAndRegisterServices NOTICE[1]: Starting backup service
1484256679.972189448 MultiFileStorage.cc:1021 in MultiFileStorage NOTICE[1]: Backup storage opened with 34359738368 bytes available; allocated 4096 frame(s) across 2 file(s) with 8388608 bytes per frame
1484256680.456548288 BackupStorage.cc:68 in benchmark NOTICE[1]: Backup storage speeds (min): 74 MB/s read
1484256680.456554477 BackupStorage.cc:69 in benchmark NOTICE[1]: Backup storage speeds (avg): 305 MB/s read,
1484256680.456555685 BackupStorage.cc:75 in benchmark NOTICE[1]: RANDOM_REFINE_AVG BackupStrategy selected
1484256680.457277725 BackupService.cc:92 in BackupService NOTICE[1]: Cluster '__unnamed__'; ignoring existing backup storage. Any replicas stored will not be reusable by future backups. Specify clusterName for persistence across backup restarts.
1484256680.457284931 Server.cc:159 in createAndRegisterServices NOTICE[1]: Backup service started
1484256680.457287149 Server.cc:88 in run NOTICE[1]: Services started
1484256680.457301044 Server.cc:93 in run NOTICE[1]: Pinning memory
1484256681.291538877 Server.cc:95 in run NOTICE[1]: Memory pinned
1484256681.291686751 MemoryMonitor.cc:62 in handleTimerEvent NOTICE[2]: Memory usage now 8936 MB (increased 8823 MB)
1484256681.291695841 Server.cc:192 in enlist NOTICE[2]: Enlisting with cooordinator
1484256681.291755822 UdpDriver.cc:88 in UdpDriver NOTICE[2]: UdpDriver bandwidth: 10 Gbits/sec, maxTransmitQueueSize: 2800 bytes
1484256681.291781368 UdpDriver.cc:119 in UdpDriver NOTICE[2]: UdpDriver using port 0
1484256681.293830748 BasicTransport.cc:102 in BasicTransport NOTICE[2]: BasicTransport parameters: maxDataPerPacket 1374, roundTripBytes 9618, grantIncrement 6870, pingIntervals 3, timeoutIntervals 40, timerInterval 2.00 ms
1484256681.294090541 CoordinatorSession.cc:105 in getSession NOTICE[2]: Opened session with coordinator at basic+udp:host=128.110.96.124,port=12246
1484256681.294407836 AdminService.cc:120 in getServerId NOTICE[6]: Returning invalid server id
1484256681.294471144 Server.cc:199 in enlist NOTICE[2]: Enlisted; serverId 2.0
1484256681.294475538 MasterService.cc:822 in initOnceEnlisted NOTICE[2]: My server ID is 2.0
1484256681.298543760 BackupService.cc:323 in initOnceEnlisted NOTICE[2]: My server ID is 2.0
1484256681.298587555 LogCleaner.cc:199 in cleanerThreadEntry NOTICE[9]: LogCleaner thread started
1484256681.298663864 ServerList.cc:188 in applyServerList NOTICE[6]: Server 1.0 is up (server list version 7)
1484256681.298674662 ServerList.cc:188 in applyServerList NOTICE[6]: Server 2.0 is up (server list version 7)
1484256681.298679114 ServerList.cc:188 in applyServerList NOTICE[6]: Server 3.0 is up (server list version 7)
1484256681.298862292 ServerList.cc:188 in applyServerList NOTICE[6]: Server 5.0 is up (server list version 7)
1484256681.317113854 BackupService.cc:330 in initOnceEnlisted NOTICE[2]: Backup 2.0 will store replicas under cluster name '__unnamed__'
1484256681.319102588 FailureDetector.cc:104 in detectorThreadEntry NOTICE[10]: Failure detector thread started
1484256681.331826186 ServerList.cc:188 in applyServerList NOTICE[6]: Server 7.0 is up (server list version 8)
1484256681.331837077 BackupService.cc:685 in trackerChangesEnqueued NOTICE[6]: Starting backup replica garbage collector thread
1484256681.431534301 ServerList.cc:188 in applyServerList NOTICE[6]: Server 4.0 is up (server list version 9)
1484256681.431559323 ServerList.cc:188 in applyServerList NOTICE[6]: Server 7.0 is up (server list version 10)
1484256681.431565174 ServerList.cc:188 in applyServerList NOTICE[6]: Server 4.0 is up (server list version 11)
1484256681.431575639 ServerList.cc:188 in applyServerList NOTICE[6]: Server 2.0 is up (server list version 12)
1484256681.991103207 ServerList.cc:188 in applyServerList NOTICE[6]: Server 6.0 is up (server list version 13)
1484256682.237810207 MasterService.cc:2447 in takeTabletOwnership NOTICE[6]: Took ownership of new tablet [0x0,0xffffffffffffffff] in tableId 2
1484256713.576910388 MasterService.cc:1670 in prepForMigration NOTICE[6]: Ready to receive tablet [0x0,0xffffffffffffffff] in tableId 1 from "??"
1484256713.588483050 Buffer.cc:481 in getNewAllocation NOTICE[1]: buffer has consumed 7336 bytes of extra storage, current allocation: 4192 bytes
1484256713.588677375 Buffer.cc:481 in getNewAllocation NOTICE[1]: buffer has consumed 15720 bytes of extra storage, current allocation: 8384 bytes
1484256713.589151371 Buffer.cc:481 in getNewAllocation NOTICE[1]: buffer has consumed 32488 bytes of extra storage, current allocation: 16768 bytes
1484256713.590149143 Buffer.cc:481 in getNewAllocation NOTICE[1]: buffer has consumed 66024 bytes of extra storage, current allocation: 33536 bytes
1484256713.591009077 InfUdDriver.cc:601 in refillReceiver NOTICE[1]: 2000 receive buffers now in use (4.0%)
1484256713.592098115 Buffer.cc:481 in getNewAllocation NOTICE[1]: buffer has consumed 133096 bytes of extra storage, current allocation: 67072 bytes
1484256713.593736809 InfUdDriver.cc:601 in refillReceiver NOTICE[1]: 3000 receive buffers now in use (6.0%)
1484256713.595759832 Buffer.cc:481 in getNewAllocation NOTICE[1]: buffer has consumed 267240 bytes of extra storage, current allocation: 134144 bytes
1484256713.596301745 InfUdDriver.cc:601 in refillReceiver NOTICE[1]: 4000 receive buffers now in use (8.0%)
1484256713.599047461 InfUdDriver.cc:601 in refillReceiver NOTICE[1]: 5000 receive buffers now in use (10.0%)
1484256713.599618705 MasterService.cc:1812 in receiveMigrationData NOTICE[7]: Receiving 8388522 bytes of migration data for tablet [0x0,??] in tableId 1
1484256713.620819988 MasterService.cc:1812 in receiveMigrationData NOTICE[6]: Receiving 8388522 bytes of migration data for tablet [0x0,??] in tableId 1
1484256713.641692027 MasterService.cc:1812 in receiveMigrationData NOTICE[7]: Receiving 8388522 bytes of migration data for tablet [0x0,??] in tableId 1
1484256713.662853024 MasterService.cc:1812 in receiveMigrationData NOTICE[6]: Receiving 8388522 bytes of migration data for tablet [0x0,??] in tableId 1
1484256713.683834851 MasterService.cc:1812 in receiveMigrationData NOTICE[7]: Receiving 8388522 bytes of migration data for tablet [0x0,??] in tableId 1
1484256713.704941982 MasterService.cc:1812 in receiveMigrationData NOTICE[6]: Receiving 8388522 bytes of migration data for tablet [0x0,??] in tableId 1
1484256713.725864067 MasterService.cc:1812 in receiveMigrationData NOTICE[7]: Receiving 8388522 bytes of migration data for tablet [0x0,??] in tableId 1
1484256713.746867829 MasterService.cc:1812 in receiveMigrationData NOTICE[6]: Receiving 8388522 bytes of migration data for tablet [0x0,??] in tableId 1
1484256713.767789775 MasterService.cc:1812 in receiveMigrationData NOTICE[7]: Receiving 8388522 bytes of migration data for tablet [0x0,??] in tableId 1
1484256713.788775371 MasterService.cc:1812 in receiveMigrationData NOTICE[6]: Receiving 8388522 bytes of migration data for tablet [0x0,??] in tableId 1
1484256713.809412979 MasterService.cc:1812 in receiveMigrationData NOTICE[7]: Receiving 8388522 bytes of migration data for tablet [0x0,??] in tableId 1
1484256713.830452216 MasterService.cc:1812 in receiveMigrationData NOTICE[6]: Receiving 8388522 bytes of migration data for tablet [0x0,??] in tableId 1
1484256713.851178088 MasterService.cc:1812 in receiveMigrationData NOTICE[6]: Receiving 8388522 bytes of migration data for tablet [0x0,??] in tableId 1
1484256713.872350015 MasterService.cc:1812 in receiveMigrationData NOTICE[6]: Receiving 8388522 bytes of migration data for tablet [0x0,??] in tableId 1
1484256713.893181561 MasterService.cc:1812 in receiveMigrationData NOTICE[6]: Receiving 8388522 bytes of migration data for tablet [0x0,??] in tableId 1
1484256713.914226241 MasterService.cc:1812 in receiveMigrationData NOTICE[6]: Receiving 8388522 bytes of migration data for tablet [0x0,??] in tableId 1
1484256713.935177330 MasterService.cc:1812 in receiveMigrationData NOTICE[6]: Receiving 8388522 bytes of migration data for tablet [0x0,??] in tableId 1
1484256713.956103812 MasterService.cc:1812 in receiveMigrationData NOTICE[6]: Receiving 8388522 bytes of migration data for tablet [0x0,??] in tableId 1
1484256713.977065068 MasterService.cc:1812 in receiveMigrationData NOTICE[6]: Receiving 8388522 bytes of migration data for tablet [0x0,??] in tableId 1
1484256713.998041247 MasterService.cc:1812 in receiveMigrationData NOTICE[6]: Receiving 8388522 bytes of migration data for tablet [0x0,??] in tableId 1
1484256714.018948541 MasterService.cc:1812 in receiveMigrationData NOTICE[6]: Receiving 8388522 bytes of migration data for tablet [0x0,??] in tableId 1
1484256714.040045656 MasterService.cc:1812 in receiveMigrationData NOTICE[6]: Receiving 8388522 bytes of migration data for tablet [0x0,??] in tableId 1
1484256714.060850258 MasterService.cc:1812 in receiveMigrationData NOTICE[6]: Receiving 8388522 bytes of migration data for tablet [0x0,??] in tableId 1
1484256714.081834972 MasterService.cc:1812 in receiveMigrationData NOTICE[6]: Receiving 8388522 bytes of migration data for tablet [0x0,??] in tableId 1
1484256714.102533930 MasterService.cc:1812 in receiveMigrationData NOTICE[6]: Receiving 8388522 bytes of migration data for tablet [0x0,??] in tableId 1
1484256714.123662580 MasterService.cc:1812 in receiveMigrationData NOTICE[6]: Receiving 8388522 bytes of migration data for tablet [0x0,??] in tableId 1
1484256714.144406438 MasterService.cc:1812 in receiveMigrationData NOTICE[6]: Receiving 8388522 bytes of migration data for tablet [0x0,??] in tableId 1
1484256714.165551246 MasterService.cc:1812 in receiveMigrationData NOTICE[6]: Receiving 8388522 bytes of migration data for tablet [0x0,??] in tableId 1
1484256714.186219609 MasterService.cc:1812 in receiveMigrationData NOTICE[6]: Receiving 8388522 bytes of migration data for tablet [0x0,??] in tableId 1
1484256714.207306101 MasterService.cc:1812 in receiveMigrationData NOTICE[6]: Receiving 8388522 bytes of migration data for tablet [0x0,??] in tableId 1
1484256714.228120300 MasterService.cc:1812 in receiveMigrationData NOTICE[6]: Receiving 8388522 bytes of migration data for tablet [0x0,??] in tableId 1
1484256714.249225228 MasterService.cc:1812 in receiveMigrationData NOTICE[6]: Receiving 8388522 bytes of migration data for tablet [0x0,??] in tableId 1
1484256714.270082588 MasterService.cc:1812 in receiveMigrationData NOTICE[6]: Receiving 8388522 bytes of migration data for tablet [0x0,??] in tableId 1
1484256714.291049127 MasterService.cc:1812 in receiveMigrationData NOTICE[6]: Receiving 8388522 bytes of migration data for tablet [0x0,??] in tableId 1
1484256714.311909923 MasterService.cc:1812 in receiveMigrationData NOTICE[6]: Receiving 8388522 bytes of migration data for tablet [0x0,??] in tableId 1
1484256714.332954083 MasterService.cc:1812 in receiveMigrationData NOTICE[6]: Receiving 8388522 bytes of migration data for tablet [0x0,??] in tableId 1
1484256714.353773982 MasterService.cc:1812 in receiveMigrationData NOTICE[6]: Receiving 8388522 bytes of migration data for tablet [0x0,??] in tableId 1
1484256714.374856109 MasterService.cc:1812 in receiveMigrationData NOTICE[6]: Receiving 8388522 bytes of migration data for tablet [0x0,??] in tableId 1
1484256714.395725692 MasterService.cc:1812 in receiveMigrationData NOTICE[6]: Receiving 8388522 bytes of migration data for tablet [0x0,??] in tableId 1
1484256714.416653447 MasterService.cc:1812 in receiveMigrationData NOTICE[6]: Receiving 8388522 bytes of migration data for tablet [0x0,??] in tableId 1
1484256714.437496345 MasterService.cc:1812 in receiveMigrationData NOTICE[6]: Receiving 8388522 bytes of migration data for tablet [0x0,??] in tableId 1
1484256714.458541808 MasterService.cc:1812 in receiveMigrationData NOTICE[6]: Receiving 8388522 bytes of migration data for tablet [0x0,??] in tableId 1
1484256714.479394072 MasterService.cc:1812 in receiveMigrationData NOTICE[6]: Receiving 8388522 bytes of migration data for tablet [0x0,??] in tableId 1
1484256714.500410038 MasterService.cc:1812 in receiveMigrationData NOTICE[6]: Receiving 8388522 bytes of migration data for tablet [0x0,??] in tableId 1
1484256714.521273121 MasterService.cc:1812 in receiveMigrationData NOTICE[6]: Receiving 8388522 bytes of migration data for tablet [0x0,??] in tableId 1
1484256714.542252477 MasterService.cc:1812 in receiveMigrationData NOTICE[6]: Receiving 8388522 bytes of migration data for tablet [0x0,??] in tableId 1
1484256714.563128426 MasterService.cc:1812 in receiveMigrationData NOTICE[6]: Receiving 8388522 bytes of migration data for tablet [0x0,??] in tableId 1
1484256714.584278651 MasterService.cc:1812 in receiveMigrationData NOTICE[6]: Receiving 8388522 bytes of migration data for tablet [0x0,??] in tableId 1
1484256714.605193312 MasterService.cc:1812 in receiveMigrationData NOTICE[6]: Receiving 8388522 bytes of migration data for tablet [0x0,??] in tableId 1
1484256714.626303433 MasterService.cc:1812 in receiveMigrationData NOTICE[6]: Receiving 8388522 bytes of migration data for tablet [0x0,??] in tableId 1
1484256714.647356734 MasterService.cc:1812 in receiveMigrationData NOTICE[6]: Receiving 8388522 bytes of migration data for tablet [0x0,??] in tableId 1
1484256714.668236524 MasterService.cc:1812 in receiveMigrationData NOTICE[6]: Receiving 8388522 bytes of migration data for tablet [0x0,??] in tableId 1
1484256714.688977564 MasterService.cc:1812 in receiveMigrationData NOTICE[6]: Receiving 8388522 bytes of migration data for tablet [0x0,??] in tableId 1
1484256714.710063906 MasterService.cc:1812 in receiveMigrationData NOTICE[6]: Receiving 8388522 bytes of migration data for tablet [0x0,??] in tableId 1
1484256714.730928928 MasterService.cc:1812 in receiveMigrationData NOTICE[6]: Receiving 8388522 bytes of migration data for tablet [0x0,??] in tableId 1
1484256714.751973850 MasterService.cc:1812 in receiveMigrationData NOTICE[6]: Receiving 8388522 bytes of migration data for tablet [0x0,??] in tableId 1
1484256714.772884639 MasterService.cc:1812 in receiveMigrationData NOTICE[6]: Receiving 8388522 bytes of migration data for tablet [0x0,??] in tableId 1
1484256714.793839000 MasterService.cc:1812 in receiveMigrationData NOTICE[6]: Receiving 8388522 bytes of migration data for tablet [0x0,??] in tableId 1
1484256714.814745992 MasterService.cc:1812 in receiveMigrationData NOTICE[7]: Receiving 8388522 bytes of migration data for tablet [0x0,??] in tableId 1
1484256714.835790289 MasterService.cc:1812 in receiveMigrationData NOTICE[7]: Receiving 8388522 bytes of migration data for tablet [0x0,??] in tableId 1
1484256714.856730953 MasterService.cc:1812 in receiveMigrationData NOTICE[6]: Receiving 8388522 bytes of migration data for tablet [0x0,??] in tableId 1
1484256714.877708712 MasterService.cc:1812 in receiveMigrationData NOTICE[7]: Receiving 8388522 bytes of migration data for tablet [0x0,??] in tableId 1
1484256714.898525810 MasterService.cc:1812 in receiveMigrationData NOTICE[6]: Receiving 8388522 bytes of migration data for tablet [0x0,??] in tableId 1
1484256714.919411651 MasterService.cc:1812 in receiveMigrationData NOTICE[7]: Receiving 8388522 bytes of migration data for tablet [0x0,??] in tableId 1
1484256714.940211607 MasterService.cc:1812 in receiveMigrationData NOTICE[6]: Receiving 8388522 bytes of migration data for tablet [0x0,??] in tableId 1
1484256714.961139458 MasterService.cc:1812 in receiveMigrationData NOTICE[7]: Receiving 8388522 bytes of migration data for tablet [0x0,??] in tableId 1
1484256714.981921224 MasterService.cc:1812 in receiveMigrationData NOTICE[7]: Receiving 8388522 bytes of migration data for tablet [0x0,??] in tableId 1
1484256715.002758716 MasterService.cc:1812 in receiveMigrationData NOTICE[7]: Receiving 8388522 bytes of migration data for tablet [0x0,??] in tableId 1
1484256715.023550493 MasterService.cc:1812 in receiveMigrationData NOTICE[6]: Receiving 8388522 bytes of migration data for tablet [0x0,??] in tableId 1
1484256715.044439390 MasterService.cc:1812 in receiveMigrationData NOTICE[7]: Receiving 8388522 bytes of migration data for tablet [0x0,??] in tableId 1
1484256715.065164419 MasterService.cc:1812 in receiveMigrationData NOTICE[7]: Receiving 8388522 bytes of migration data for tablet [0x0,??] in tableId 1
1484256715.086125563 MasterService.cc:1812 in receiveMigrationData NOTICE[6]: Receiving 8388522 bytes of migration data for tablet [0x0,??] in tableId 1
1484256715.106750242 MasterService.cc:1812 in receiveMigrationData NOTICE[7]: Receiving 8388522 bytes of migration data for tablet [0x0,??] in tableId 1
1484256715.127427448 MasterService.cc:1812 in receiveMigrationData NOTICE[7]: Receiving 8388522 bytes of migration data for tablet [0x0,??] in tableId 1
1484256715.148229567 MasterService.cc:1812 in receiveMigrationData NOTICE[6]: Receiving 8388522 bytes of migration data for tablet [0x0,??] in tableId 1
1484256715.169175465 MasterService.cc:1812 in receiveMigrationData NOTICE[7]: Receiving 8388522 bytes of migration data for tablet [0x0,??] in tableId 1
1484256715.189872165 MasterService.cc:1812 in receiveMigrationData NOTICE[6]: Receiving 8388522 bytes of migration data for tablet [0x0,??] in tableId 1
1484256715.210731855 MasterService.cc:1812 in receiveMigrationData NOTICE[6]: Receiving 8388522 bytes of migration data for tablet [0x0,??] in tableId 1
1484256715.231570389 MasterService.cc:1812 in receiveMigrationData NOTICE[6]: Receiving 8388522 bytes of migration data for tablet [0x0,??] in tableId 1
1484256715.252319719 MasterService.cc:1812 in receiveMigrationData NOTICE[6]: Receiving 8388522 bytes of migration data for tablet [0x0,??] in tableId 1
1484256715.273050221 MasterService.cc:1812 in receiveMigrationData NOTICE[6]: Receiving 8388522 bytes of migration data for tablet [0x0,??] in tableId 1
1484256715.293781518 MasterService.cc:1812 in receiveMigrationData NOTICE[7]: Receiving 8388522 bytes of migration data for tablet [0x0,??] in tableId 1
1484256715.314453757 MasterService.cc:1812 in receiveMigrationData NOTICE[6]: Receiving 8388522 bytes of migration data for tablet [0x0,??] in tableId 1
1484256715.335237910 MasterService.cc:1812 in receiveMigrationData NOTICE[7]: Receiving 8388522 bytes of migration data for tablet [0x0,??] in tableId 1
1484256715.355886564 MasterService.cc:1812 in receiveMigrationData NOTICE[7]: Receiving 8388522 bytes of migration data for tablet [0x0,??] in tableId 1
1484256715.376561459 MasterService.cc:1812 in receiveMigrationData NOTICE[6]: Receiving 8388522 bytes of migration data for tablet [0x0,??] in tableId 1
1484256715.397206423 MasterService.cc:1812 in receiveMigrationData NOTICE[7]: Receiving 8388522 bytes of migration data for tablet [0x0,??] in tableId 1
1484256715.418019613 MasterService.cc:1812 in receiveMigrationData NOTICE[6]: Receiving 8388522 bytes of migration data for tablet [0x0,??] in tableId 1
1484256715.438725336 MasterService.cc:1812 in receiveMigrationData NOTICE[7]: Receiving 8388522 bytes of migration data for tablet [0x0,??] in tableId 1
1484256715.459610638 MasterService.cc:1812 in receiveMigrationData NOTICE[7]: Receiving 8388522 bytes of migration data for tablet [0x0,??] in tableId 1
1484256715.480295358 MasterService.cc:1812 in receiveMigrationData NOTICE[7]: Receiving 8388522 bytes of migration data for tablet [0x0,??] in tableId 1
1484256715.501128420 MasterService.cc:1812 in receiveMigrationData NOTICE[6]: Receiving 8388522 bytes of migration data for tablet [0x0,??] in tableId 1
1484256715.521848270 MasterService.cc:1812 in receiveMigrationData NOTICE[6]: Receiving 8388522 bytes of migration data for tablet [0x0,??] in tableId 1
1484256715.542602578 MasterService.cc:1812 in receiveMigrationData NOTICE[7]: Receiving 8388522 bytes of migration data for tablet [0x0,??] in tableId 1
1484256715.563314914 MasterService.cc:1812 in receiveMigrationData NOTICE[7]: Receiving 8388522 bytes of migration data for tablet [0x0,??] in tableId 1
1484256715.583969412 MasterService.cc:1812 in receiveMigrationData NOTICE[6]: Receiving 8388522 bytes of migration data for tablet [0x0,??] in tableId 1
1484256715.604478341 MasterService.cc:1812 in receiveMigrationData NOTICE[6]: Receiving 8388522 bytes of migration data for tablet [0x0,??] in tableId 1
1484256715.625204828 MasterService.cc:1812 in receiveMigrationData NOTICE[7]: Receiving 8388522 bytes of migration data for tablet [0x0,??] in tableId 1
1484256715.645900659 MasterService.cc:1812 in receiveMigrationData NOTICE[6]: Receiving 8388522 bytes of migration data for tablet [0x0,??] in tableId 1
1484256715.666565974 MasterService.cc:1812 in receiveMigrationData NOTICE[7]: Receiving 8388522 bytes of migration data for tablet [0x0,??] in tableId 1
1484256715.687263504 MasterService.cc:1812 in receiveMigrationData NOTICE[6]: Receiving 8388522 bytes of migration data for tablet [0x0,??] in tableId 1
1484256715.708062498 MasterService.cc:1812 in receiveMigrationData NOTICE[7]: Receiving 8388522 bytes of migration data for tablet [0x0,??] in tableId 1
1484256715.728794401 MasterService.cc:1812 in receiveMigrationData NOTICE[6]: Receiving 8388522 bytes of migration data for tablet [0x0,??] in tableId 1
1484256715.749583670 MasterService.cc:1812 in receiveMigrationData NOTICE[7]: Receiving 8388522 bytes of migration data for tablet [0x0,??] in tableId 1
1484256715.770118984 MasterService.cc:1812 in receiveMigrationData NOTICE[6]: Receiving 8388522 bytes of migration data for tablet [0x0,??] in tableId 1
1484256715.790871541 MasterService.cc:1812 in receiveMigrationData NOTICE[7]: Receiving 8388522 bytes of migration data for tablet [0x0,??] in tableId 1
1484256715.811473284 MasterService.cc:1812 in receiveMigrationData NOTICE[6]: Receiving 8388522 bytes of migration data for tablet [0x0,??] in tableId 1
1484256715.831945995 MasterService.cc:1812 in receiveMigrationData NOTICE[7]: Receiving 8388522 bytes of migration data for tablet [0x0,??] in tableId 1
1484256715.852646789 MasterService.cc:1812 in receiveMigrationData NOTICE[6]: Receiving 8388522 bytes of migration data for tablet [0x0,??] in tableId 1
1484256715.873362192 MasterService.cc:1812 in receiveMigrationData NOTICE[7]: Receiving 8388522 bytes of migration data for tablet [0x0,??] in tableId 1
1484256715.893940163 MasterService.cc:1812 in receiveMigrationData NOTICE[7]: Receiving 8388522 bytes of migration data for tablet [0x0,??] in tableId 1
1484256715.914754545 MasterService.cc:1812 in receiveMigrationData NOTICE[6]: Receiving 8388522 bytes of migration data for tablet [0x0,??] in tableId 1
1484256715.935431925 MasterService.cc:1812 in receiveMigrationData NOTICE[6]: Receiving 8388522 bytes of migration data for tablet [0x0,??] in tableId 1
1484256715.956114694 MasterService.cc:1812 in receiveMigrationData NOTICE[6]: Receiving 8388522 bytes of migration data for tablet [0x0,??] in tableId 1
1484256715.976743005 MasterService.cc:1812 in receiveMigrationData NOTICE[7]: Receiving 8388522 bytes of migration data for tablet [0x0,??] in tableId 1
1484256715.997404042 MasterService.cc:1812 in receiveMigrationData NOTICE[7]: Receiving 8388522 bytes of migration data for tablet [0x0,??] in tableId 1
1484256716.018253586 MasterService.cc:1812 in receiveMigrationData NOTICE[7]: Receiving 8388522 bytes of migration data for tablet [0x0,??] in tableId 1
1484256716.038939344 MasterService.cc:1812 in receiveMigrationData NOTICE[7]: Receiving 8388522 bytes of migration data for tablet [0x0,??] in tableId 1
1484256716.059680142 MasterService.cc:1812 in receiveMigrationData NOTICE[7]: Receiving 8388522 bytes of migration data for tablet [0x0,??] in tableId 1
1484256716.080365775 MasterService.cc:1812 in receiveMigrationData NOTICE[7]: Receiving 8388522 bytes of migration data for tablet [0x0,??] in tableId 1
1484256716.101008199 MasterService.cc:1812 in receiveMigrationData NOTICE[7]: Receiving 8388522 bytes of migration data for tablet [0x0,??] in tableId 1
1484256716.121673745 MasterService.cc:1812 in receiveMigrationData NOTICE[7]: Receiving 8388522 bytes of migration data for tablet [0x0,??] in tableId 1
1484256716.142466363 MasterService.cc:1812 in receiveMigrationData NOTICE[7]: Receiving 8388522 bytes of migration data for tablet [0x0,??] in tableId 1
1484256716.163238256 MasterService.cc:1812 in receiveMigrationData NOTICE[7]: Receiving 8388522 bytes of migration data for tablet [0x0,??] in tableId 1
1484256716.183930775 MasterService.cc:1812 in receiveMigrationData NOTICE[7]: Receiving 8388522 bytes of migration data for tablet [0x0,??] in tableId 1
1484256716.204697656 MasterService.cc:1812 in receiveMigrationData NOTICE[7]: Receiving 8388522 bytes of migration data for tablet [0x0,??] in tableId 1
1484256716.225388407 MasterService.cc:1812 in receiveMigrationData NOTICE[7]: Receiving 8388522 bytes of migration data for tablet [0x0,??] in tableId 1
1484256716.246170536 MasterService.cc:1812 in receiveMigrationData NOTICE[7]: Receiving 8388522 bytes of migration data for tablet [0x0,??] in tableId 1
1484256716.266852804 MasterService.cc:1812 in receiveMigrationData NOTICE[7]: Receiving 8388522 bytes of migration data for tablet [0x0,??] in tableId 1
1484256716.287676917 MasterService.cc:1812 in receiveMigrationData NOTICE[7]: Receiving 8388522 bytes of migration data for tablet [0x0,??] in tableId 1
1484256716.308366053 MasterService.cc:1812 in receiveMigrationData NOTICE[7]: Receiving 8388522 bytes of migration data for tablet [0x0,??] in tableId 1
1484256716.329315295 MasterService.cc:1812 in receiveMigrationData NOTICE[7]: Receiving 8388522 bytes of migration data for tablet [0x0,??] in tableId 1
1484256716.350057712 MasterService.cc:1812 in receiveMigrationData NOTICE[7]: Receiving 8388522 bytes of migration data for tablet [0x0,??] in tableId 1
1484256716.370816111 MasterService.cc:1812 in receiveMigrationData NOTICE[7]: Receiving 8388522 bytes of migration data for tablet [0x0,??] in tableId 1
1484256716.391557055 MasterService.cc:1812 in receiveMigrationData NOTICE[7]: Receiving 8388522 bytes of migration data for tablet [0x0,??] in tableId 1
1484256716.412275301 MasterService.cc:1812 in receiveMigrationData NOTICE[7]: Receiving 8388522 bytes of migration data for tablet [0x0,??] in tableId 1
1484256716.432949176 MasterService.cc:1812 in receiveMigrationData NOTICE[7]: Receiving 8388522 bytes of migration data for tablet [0x0,??] in tableId 1
1484256716.453589362 MasterService.cc:1812 in receiveMigrationData NOTICE[7]: Receiving 8388522 bytes of migration data for tablet [0x0,??] in tableId 1
1484256716.474394094 MasterService.cc:1812 in receiveMigrationData NOTICE[7]: Receiving 8388522 bytes of migration data for tablet [0x0,??] in tableId 1
1484256716.495108003 MasterService.cc:1812 in receiveMigrationData NOTICE[7]: Receiving 8388522 bytes of migration data for tablet [0x0,??] in tableId 1
1484256716.515857456 MasterService.cc:1812 in receiveMigrationData NOTICE[7]: Receiving 8388522 bytes of migration data for tablet [0x0,??] in tableId 1
1484256716.536687876 MasterService.cc:1812 in receiveMigrationData NOTICE[7]: Receiving 8388522 bytes of migration data for tablet [0x0,??] in tableId 1
1484256716.557408299 MasterService.cc:1812 in receiveMigrationData NOTICE[7]: Receiving 8388522 bytes of migration data for tablet [0x0,??] in tableId 1
1484256716.578184777 MasterService.cc:1812 in receiveMigrationData NOTICE[7]: Receiving 8388522 bytes of migration data for tablet [0x0,??] in tableId 1
1484256716.598933196 MasterService.cc:1812 in receiveMigrationData NOTICE[7]: Receiving 8388522 bytes of migration data for tablet [0x0,??] in tableId 1
1484256716.619580543 MasterService.cc:1812 in receiveMigrationData NOTICE[7]: Receiving 8388522 bytes of migration data for tablet [0x0,??] in tableId 1
1484256716.640267971 MasterService.cc:1812 in receiveMigrationData NOTICE[7]: Receiving 8388522 bytes of migration data for tablet [0x0,??] in tableId 1
1484256716.660969898 MasterService.cc:1812 in receiveMigrationData NOTICE[7]: Receiving 8388522 bytes of migration data for tablet [0x0,??] in tableId 1
1484256716.681740947 MasterService.cc:1812 in receiveMigrationData NOTICE[7]: Receiving 8388522 bytes of migration data for tablet [0x0,??] in tableId 1
1484256716.702345396 MasterService.cc:1812 in receiveMigrationData NOTICE[7]: Receiving 8388522 bytes of migration data for tablet [0x0,??] in tableId 1
1484256716.723100707 MasterService.cc:1812 in receiveMigrationData NOTICE[7]: Receiving 8388522 bytes of migration data for tablet [0x0,??] in tableId 1
1484256716.743811132 MasterService.cc:1812 in receiveMigrationData NOTICE[7]: Receiving 8388522 bytes of migration data for tablet [0x0,??] in tableId 1
1484256716.764548688 MasterService.cc:1812 in receiveMigrationData NOTICE[7]: Receiving 8388522 bytes of migration data for tablet [0x0,??] in tableId 1
1484256716.785242005 MasterService.cc:1812 in receiveMigrationData NOTICE[7]: Receiving 8388522 bytes of migration data for tablet [0x0,??] in tableId 1
1484256716.805868157 MasterService.cc:1812 in receiveMigrationData NOTICE[7]: Receiving 8388522 bytes of migration data for tablet [0x0,??] in tableId 1
1484256716.826699409 MasterService.cc:1812 in receiveMigrationData NOTICE[7]: Receiving 8388522 bytes of migration data for tablet [0x0,??] in tableId 1
1484256716.847403042 MasterService.cc:1812 in receiveMigrationData NOTICE[7]: Receiving 8388522 bytes of migration data for tablet [0x0,??] in tableId 1
1484256716.868126437 MasterService.cc:1812 in receiveMigrationData NOTICE[7]: Receiving 8388522 bytes of migration data for tablet [0x0,??] in tableId 1
1484256716.888943833 MasterService.cc:1812 in receiveMigrationData NOTICE[7]: Receiving 8388522 bytes of migration data for tablet [0x0,??] in tableId 1
1484256716.909724801 MasterService.cc:1812 in receiveMigrationData NOTICE[7]: Receiving 8388522 bytes of migration data for tablet [0x0,??] in tableId 1
1484256716.930498131 MasterService.cc:1812 in receiveMigrationData NOTICE[7]: Receiving 8388522 bytes of migration data for tablet [0x0,??] in tableId 1
1484256716.951111759 MasterService.cc:1812 in receiveMigrationData NOTICE[7]: Receiving 8388522 bytes of migration data for tablet [0x0,??] in tableId 1
1484256716.971790122 MasterService.cc:1812 in receiveMigrationData NOTICE[6]: Receiving 8388522 bytes of migration data for tablet [0x0,??] in tableId 1
1484256716.992577060 MasterService.cc:1812 in receiveMigrationData NOTICE[7]: Receiving 8388522 bytes of migration data for tablet [0x0,??] in tableId 1
1484256717.013199663 MasterService.cc:1812 in receiveMigrationData NOTICE[6]: Receiving 8388522 bytes of migration data for tablet [0x0,??] in tableId 1
1484256717.033950359 MasterService.cc:1812 in receiveMigrationData NOTICE[6]: Receiving 8388522 bytes of migration data for tablet [0x0,??] in tableId 1
1484256717.054604465 MasterService.cc:1812 in receiveMigrationData NOTICE[6]: Receiving 8388522 bytes of migration data for tablet [0x0,??] in tableId 1
1484256717.075290227 MasterService.cc:1812 in receiveMigrationData NOTICE[6]: Receiving 8388522 bytes of migration data for tablet [0x0,??] in tableId 1
1484256717.096024480 MasterService.cc:1812 in receiveMigrationData NOTICE[6]: Receiving 8388522 bytes of migration data for tablet [0x0,??] in tableId 1
1484256717.116828131 MasterService.cc:1812 in receiveMigrationData NOTICE[7]: Receiving 8388522 bytes of migration data for tablet [0x0,??] in tableId 1
1484256717.137244812 MasterService.cc:1812 in receiveMigrationData NOTICE[6]: Receiving 8388522 bytes of migration data for tablet [0x0,??] in tableId 1
1484256717.158023900 MasterService.cc:1812 in receiveMigrationData NOTICE[6]: Receiving 8388522 bytes of migration data for tablet [0x0,??] in tableId 1
1484256717.178685715 MasterService.cc:1812 in receiveMigrationData NOTICE[6]: Receiving 8388522 bytes of migration data for tablet [0x0,??] in tableId 1
1484256717.199195058 MasterService.cc:1812 in receiveMigrationData NOTICE[7]: Receiving 8388522 bytes of migration data for tablet [0x0,??] in tableId 1
1484256717.220020577 MasterService.cc:1812 in receiveMigrationData NOTICE[6]: Receiving 8388522 bytes of migration data for tablet [0x0,??] in tableId 1
1484256717.240669629 MasterService.cc:1812 in receiveMigrationData NOTICE[7]: Receiving 8388522 bytes of migration data for tablet [0x0,??] in tableId 1
1484256717.261457528 MasterService.cc:1812 in receiveMigrationData NOTICE[6]: Receiving 8388522 bytes of migration data for tablet [0x0,??] in tableId 1
1484256717.282039882 MasterService.cc:1812 in receiveMigrationData NOTICE[6]: Receiving 8388522 bytes of migration data for tablet [0x0,??] in tableId 1
1484256717.302570559 MasterService.cc:1812 in receiveMigrationData NOTICE[7]: Receiving 8388522 bytes of migration data for tablet [0x0,??] in tableId 1
1484256717.323136778 MasterService.cc:1812 in receiveMigrationData NOTICE[6]: Receiving 8388522 bytes of migration data for tablet [0x0,??] in tableId 1
1484256717.343826115 MasterService.cc:1812 in receiveMigrationData NOTICE[7]: Receiving 8388522 bytes of migration data for tablet [0x0,??] in tableId 1
1484256717.364413330 MasterService.cc:1812 in receiveMigrationData NOTICE[6]: Receiving 8388522 bytes of migration data for tablet [0x0,??] in tableId 1
1484256717.384935491 MasterService.cc:1812 in receiveMigrationData NOTICE[6]: Receiving 8388522 bytes of migration data for tablet [0x0,??] in tableId 1
1484256717.405580396 MasterService.cc:1812 in receiveMigrationData NOTICE[6]: Receiving 8388522 bytes of migration data for tablet [0x0,??] in tableId 1
1484256717.426275437 MasterService.cc:1812 in receiveMigrationData NOTICE[7]: Receiving 8388522 bytes of migration data for tablet [0x0,??] in tableId 1
1484256717.446928514 MasterService.cc:1812 in receiveMigrationData NOTICE[6]: Receiving 8388522 bytes of migration data for tablet [0x0,??] in tableId 1
1484256717.467557530 MasterService.cc:1812 in receiveMigrationData NOTICE[6]: Receiving 8388522 bytes of migration data for tablet [0x0,??] in tableId 1
1484256717.488399882 MasterService.cc:1812 in receiveMigrationData NOTICE[7]: Receiving 8388522 bytes of migration data for tablet [0x0,??] in tableId 1
1484256717.508896860 MasterService.cc:1812 in receiveMigrationData NOTICE[6]: Receiving 8388522 bytes of migration data for tablet [0x0,??] in tableId 1
1484256717.531671560 MasterService.cc:1812 in receiveMigrationData NOTICE[7]: Receiving 8388572 bytes of migration data for tablet [0x0,??] in tableId 1
1484256717.556876110 MasterService.cc:1812 in receiveMigrationData NOTICE[7]: Receiving 8388534 bytes of migration data for tablet [0x0,??] in tableId 1
1484256717.582045661 MasterService.cc:1812 in receiveMigrationData NOTICE[7]: Receiving 8388571 bytes of migration data for tablet [0x0,??] in tableId 1
1484256717.607301959 MasterService.cc:1812 in receiveMigrationData NOTICE[7]: Receiving 8388534 bytes of migration data for tablet [0x0,??] in tableId 1
1484256717.632743793 MasterService.cc:1812 in receiveMigrationData NOTICE[6]: Receiving 8388571 bytes of migration data for tablet [0x0,??] in tableId 1
1484256717.645859812 MasterService.cc:1812 in receiveMigrationData NOTICE[6]: Receiving 4496403 bytes of migration data for tablet [0x0,??] in tableId 1
1484256724.856268187 MultiFileStorage.cc:723 in unlockedWrite WARNING[11]: Slow write to replica storage on device 1: 143.7 ms for 180224 bytes
1484256727.216304113 MultiFileStorage.cc:723 in unlockedWrite WARNING[11]: Slow write to replica storage on device 1: 166.3 ms for 5632 bytes
1484256728.771984917 MultiFileStorage.cc:723 in unlockedWrite WARNING[11]: Slow write to replica storage on device 1: 140.7 ms for 26624 bytes
1484256730.368944646 MultiFileStorage.cc:723 in unlockedWrite WARNING[11]: Slow write to replica storage on device 1: 148.0 ms for 25600 bytes
1484256738.277990729 MultiFileStorage.cc:723 in unlockedWrite WARNING[11]: Slow write to replica storage on device 1: 147.2 ms for 43520 bytes
1484256743.577342131 MasterService.cc:3300 in handleTimerEvent WARNING[2]: Inbound migrations have been running continuously for 30 seconds; is it possible that something is hung?
1484256744.577368234 MasterService.cc:3300 in handleTimerEvent WARNING[2]: Inbound migrations have been running continuously for 31 seconds; is it possible that something is hung?
1484256745.577392799 MasterService.cc:3300 in handleTimerEvent WARNING[2]: Inbound migrations have been running continuously for 32 seconds; is it possible that something is hung?
1484256746.154904006 MultiFileStorage.cc:723 in unlockedWrite WARNING[11]: Slow write to replica storage on device 1: 157.9 ms for 41472 bytes
1484256746.577417657 MasterService.cc:3300 in handleTimerEvent WARNING[2]: Inbound migrations have been running continuously for 33 seconds; is it possible that something is hung?
1484256747.577432415 MasterService.cc:3300 in handleTimerEvent WARNING[2]: Inbound migrations have been running continuously for 34 seconds; is it possible that something is hung?
1484256747.718700020 MultiFileStorage.cc:723 in unlockedWrite WARNING[11]: Slow write to replica storage on device 1: 140.4 ms for 26624 bytes
1484256748.577453839 MasterService.cc:3300 in handleTimerEvent WARNING[2]: Inbound migrations have been running continuously for 35 seconds; is it possible that something is hung?
1484256749.316044079 MultiFileStorage.cc:723 in unlockedWrite WARNING[11]: Slow write to replica storage on device 1: 164.8 ms for 99328 bytes
1484256749.577476593 MasterService.cc:3300 in handleTimerEvent WARNING[2]: Inbound migrations have been running continuously for 36 seconds; is it possible that something is hung?
1484256750.577497503 MasterService.cc:3300 in handleTimerEvent WARNING[2]: Inbound migrations have been running continuously for 37 seconds; is it possible that something is hung?
1484256751.577522207 MasterService.cc:3300 in handleTimerEvent WARNING[2]: Inbound migrations have been running continuously for 38 seconds; is it possible that something is hung?
1484256752.577547018 MasterService.cc:3300 in handleTimerEvent WARNING[2]: Inbound migrations have been running continuously for 39 seconds; is it possible that something is hung?
1484256753.577569244 MasterService.cc:3300 in handleTimerEvent WARNING[2]: Inbound migrations have been running continuously for 40 seconds; is it possible that something is hung?
1484256754.577592923 MasterService.cc:3300 in handleTimerEvent WARNING[2]: Inbound migrations have been running continuously for 41 seconds; is it possible that something is hung?
1484256755.577616378 MasterService.cc:3300 in handleTimerEvent WARNING[2]: Inbound migrations have been running continuously for 42 seconds; is it possible that something is hung?
1484256756.551017422 MultiFileStorage.cc:723 in unlockedWrite WARNING[11]: Slow write to replica storage on device 1: 110.4 ms for 6656 bytes
1484256756.577642266 MasterService.cc:3300 in handleTimerEvent WARNING[2]: Inbound migrations have been running continuously for 43 seconds; is it possible that something is hung?
1484256757.577667369 MasterService.cc:3300 in handleTimerEvent WARNING[2]: Inbound migrations have been running continuously for 44 seconds; is it possible that something is hung?
1484256758.577702717 MasterService.cc:3300 in handleTimerEvent WARNING[2]: Inbound migrations have been running continuously for 45 seconds; is it possible that something is hung?
1484256759.577724642 MasterService.cc:3300 in handleTimerEvent WARNING[2]: Inbound migrations have been running continuously for 46 seconds; is it possible that something is hung?
1484256760.577747156 MasterService.cc:3300 in handleTimerEvent WARNING[2]: Inbound migrations have been running continuously for 47 seconds; is it possible that something is hung?
1484256761.577773563 MasterService.cc:3300 in handleTimerEvent WARNING[2]: Inbound migrations have been running continuously for 48 seconds; is it possible that something is hung?
1484256762.577798657 MasterService.cc:3300 in handleTimerEvent WARNING[2]: Inbound migrations have been running continuously for 49 seconds; is it possible that something is hung?
1484256763.078601637 MultiFileStorage.cc:723 in unlockedWrite WARNING[11]: Slow write to replica storage on device 1: 112.7 ms for 146944 bytes
1484256763.577793946 MasterService.cc:3300 in handleTimerEvent WARNING[2]: Inbound migrations have been running continuously for 50 seconds; is it possible that something is hung?
1484256764.577816075 MasterService.cc:3300 in handleTimerEvent WARNING[2]: Inbound migrations have been running continuously for 51 seconds; is it possible that something is hung?
1484256765.577839717 MasterService.cc:3300 in handleTimerEvent WARNING[2]: Inbound migrations have been running continuously for 52 seconds; is it possible that something is hung?
1484256766.577863981 MasterService.cc:3300 in handleTimerEvent WARNING[2]: Inbound migrations have been running continuously for 53 seconds; is it possible that something is hung?
1484256767.577891884 MasterService.cc:3300 in handleTimerEvent WARNING[2]: Inbound migrations have been running continuously for 54 seconds; is it possible that something is hung?
1484256767.962027378 MultiFileStorage.cc:723 in unlockedWrite WARNING[11]: Slow write to replica storage on device 1: 114.0 ms for 169984 bytes
1484256768.577914420 MasterService.cc:3300 in handleTimerEvent WARNING[2]: Inbound migrations have been running continuously for 55 seconds; is it possible that something is hung?
1484256769.577938928 MasterService.cc:3300 in handleTimerEvent WARNING[2]: Inbound migrations have been running continuously for 56 seconds; is it possible that something is hung?
1484256770.577960637 MasterService.cc:3300 in handleTimerEvent WARNING[2]: Inbound migrations have been running continuously for 57 seconds; is it possible that something is hung?
1484256771.577984095 MasterService.cc:3300 in handleTimerEvent WARNING[2]: Inbound migrations have been running continuously for 58 seconds; is it possible that something is hung?
1484256772.578008663 MasterService.cc:3300 in handleTimerEvent WARNING[2]: Inbound migrations have been running continuously for 59 seconds; is it possible that something is hung?
1484256773.578015559 MasterService.cc:3300 in handleTimerEvent WARNING[2]: Inbound migrations have been running continuously for 60 seconds; is it possible that something is hung?
1484256774.578036810 MasterService.cc:3300 in handleTimerEvent WARNING[2]: Inbound migrations have been running continuously for 61 seconds; is it possible that something is hung?
1484256775.291786568 MultiFileStorage.cc:723 in unlockedWrite WARNING[11]: Slow write to replica storage on device 1: 126.3 ms for 6656 bytes
1484256775.578061255 MasterService.cc:3300 in handleTimerEvent WARNING[2]: Inbound migrations have been running continuously for 62 seconds; is it possible that something is hung?
1484256776.578119496 MasterService.cc:3300 in handleTimerEvent WARNING[2]: Inbound migrations have been running continuously for 63 seconds; is it possible that something is hung?
1484256777.578131439 MasterService.cc:3300 in handleTimerEvent WARNING[2]: Inbound migrations have been running continuously for 64 seconds; is it possible that something is hung?
1484256778.578151407 MasterService.cc:3300 in handleTimerEvent WARNING[2]: Inbound migrations have been running continuously for 65 seconds; is it possible that something is hung?
1484256779.578174934 MasterService.cc:3300 in handleTimerEvent WARNING[2]: Inbound migrations have been running continuously for 66 seconds; is it possible that something is hung?
1484256780.162193373 MultiFileStorage.cc:723 in unlockedWrite WARNING[11]: Slow write to replica storage on device 1: 100.7 ms for 78336 bytes
1484256780.578170974 MasterService.cc:3300 in handleTimerEvent WARNING[2]: Inbound migrations have been running continuously for 67 seconds; is it possible that something is hung?
1484256781.578194203 MasterService.cc:3300 in handleTimerEvent WARNING[2]: Inbound migrations have been running continuously for 68 seconds; is it possible that something is hung?
1484256782.578218943 MasterService.cc:3300 in handleTimerEvent WARNING[2]: Inbound migrations have been running continuously for 69 seconds; is it possible that something is hung?
1484256782.601722091 MultiFileStorage.cc:723 in unlockedWrite WARNING[11]: Slow write to replica storage on device 1: 108.8 ms for 114176 bytes
1484256783.578240273 MasterService.cc:3300 in handleTimerEvent WARNING[2]: Inbound migrations have been running continuously for 70 seconds; is it possible that something is hung?
1484256784.578269449 MasterService.cc:3300 in handleTimerEvent WARNING[2]: Inbound migrations have been running continuously for 71 seconds; is it possible that something is hung?
1484256785.578293240 MasterService.cc:3300 in handleTimerEvent WARNING[2]: Inbound migrations have been running continuously for 72 seconds; is it possible that something is hung?
1484256786.578317342 MasterService.cc:3300 in handleTimerEvent WARNING[2]: Inbound migrations have been running continuously for 73 seconds; is it possible that something is hung?
1484256787.578340770 MasterService.cc:3300 in handleTimerEvent WARNING[2]: Inbound migrations have been running continuously for 74 seconds; is it possible that something is hung?
1484256788.298688601 MultiFileStorage.cc:723 in unlockedWrite WARNING[11]: Slow write to replica storage on device 1: 101.4 ms for 165376 bytes
1484256788.578363586 MasterService.cc:3300 in handleTimerEvent WARNING[2]: Inbound migrations have been running continuously for 75 seconds; is it possible that something is hung?
1484256789.578386037 MasterService.cc:3300 in handleTimerEvent WARNING[2]: Inbound migrations have been running continuously for 76 seconds; is it possible that something is hung?
1484256790.578421635 MasterService.cc:3300 in handleTimerEvent WARNING[2]: Inbound migrations have been running continuously for 77 seconds; is it possible that something is hung?
1484256790.736966465 MultiFileStorage.cc:723 in unlockedWrite WARNING[11]: Slow write to replica storage on device 1: 108.5 ms for 20480 bytes
1484256791.578439721 MasterService.cc:3300 in handleTimerEvent WARNING[2]: Inbound migrations have been running continuously for 78 seconds; is it possible that something is hung?
1484256792.578458863 MasterService.cc:3300 in handleTimerEvent WARNING[2]: Inbound migrations have been running continuously for 79 seconds; is it possible that something is hung?
1484256793.578480546 MasterService.cc:3300 in handleTimerEvent WARNING[2]: Inbound migrations have been running continuously for 80 seconds; is it possible that something is hung?
1484256794.578500978 MasterService.cc:3300 in handleTimerEvent WARNING[2]: Inbound migrations have been running continuously for 81 seconds; is it possible that something is hung?
1484256795.578587464 MasterService.cc:3300 in handleTimerEvent WARNING[2]: Inbound migrations have been running continuously for 82 seconds; is it possible that something is hung?
1484256796.441557215 MultiFileStorage.cc:723 in unlockedWrite WARNING[11]: Slow write to replica storage on device 1: 114.3 ms for 68608 bytes
1484256796.578612621 MasterService.cc:3300 in handleTimerEvent WARNING[2]: Inbound migrations have been running continuously for 83 seconds; is it possible that something is hung?
1484256797.578675863 MasterService.cc:3300 in handleTimerEvent WARNING[2]: Inbound migrations have been running continuously for 84 seconds; is it possible that something is hung?
1484256798.578698333 MasterService.cc:3300 in handleTimerEvent WARNING[2]: Inbound migrations have been running continuously for 85 seconds; is it possible that something is hung?
1484256799.578720824 MasterService.cc:3300 in handleTimerEvent WARNING[2]: Inbound migrations have been running continuously for 86 seconds; is it possible that something is hung?
1484256800.578741928 MasterService.cc:3300 in handleTimerEvent WARNING[2]: Inbound migrations have been running continuously for 87 seconds; is it possible that something is hung?
1484256801.578765813 MasterService.cc:3300 in handleTimerEvent WARNING[2]: Inbound migrations have been running continuously for 88 seconds; is it possible that something is hung?
1484256802.578786967 MasterService.cc:3300 in handleTimerEvent WARNING[2]: Inbound migrations have been running continuously for 89 seconds; is it possible that something is hung?
1484256803.578782205 MasterService.cc:3300 in handleTimerEvent WARNING[2]: Inbound migrations have been running continuously for 90 seconds; is it possible that something is hung?
1484256804.578804859 MasterService.cc:3300 in handleTimerEvent WARNING[2]: Inbound migrations have been running continuously for 91 seconds; is it possible that something is hung?
1484256805.368838220 MultiFileStorage.cc:723 in unlockedWrite WARNING[11]: Slow write to replica storage on device 1: 112.7 ms for 50176 bytes
1484256805.578833810 MasterService.cc:3300 in handleTimerEvent WARNING[2]: Inbound migrations have been running continuously for 92 seconds; is it possible that something is hung?
1484256806.578856509 MasterService.cc:3300 in handleTimerEvent WARNING[2]: Inbound migrations have been running continuously for 93 seconds; is it possible that something is hung?
1484256807.578881093 MasterService.cc:3300 in handleTimerEvent WARNING[2]: Inbound migrations have been running continuously for 94 seconds; is it possible that something is hung?
1484256808.578903341 MasterService.cc:3300 in handleTimerEvent WARNING[2]: Inbound migrations have been running continuously for 95 seconds; is it possible that something is hung?
1484256809.578945073 MasterService.cc:3300 in handleTimerEvent WARNING[2]: Inbound migrations have been running continuously for 96 seconds; is it possible that something is hung?
1484256810.578968807 MasterService.cc:3300 in handleTimerEvent WARNING[2]: Inbound migrations have been running continuously for 97 seconds; is it possible that something is hung?
1484256811.578992575 MasterService.cc:3300 in handleTimerEvent WARNING[2]: Inbound migrations have been running continuously for 98 seconds; is it possible that something is hung?
1484256812.579005994 MasterService.cc:3300 in handleTimerEvent WARNING[2]: Inbound migrations have been running continuously for 99 seconds; is it possible that something is hung?
1484256813.579027763 MasterService.cc:3300 in handleTimerEvent WARNING[2]: Inbound migrations have been running continuously for 100 seconds; is it possible that something is hung?
1484256814.579049276 MasterService.cc:3300 in handleTimerEvent WARNING[2]: Inbound migrations have been running continuously for 101 seconds; is it possible that something is hung?
1484256815.579071785 MasterService.cc:3300 in handleTimerEvent WARNING[2]: Inbound migrations have been running continuously for 102 seconds; is it possible that something is hung?
1484256816.579094416 MasterService.cc:3300 in handleTimerEvent WARNING[2]: Inbound migrations have been running continuously for 103 seconds; is it possible that something is hung?
1484256817.579120828 MasterService.cc:3300 in handleTimerEvent WARNING[2]: Inbound migrations have been running continuously for 104 seconds; is it possible that something is hung?
1484256818.579116678 MasterService.cc:3300 in handleTimerEvent WARNING[2]: Inbound migrations have been running continuously for 105 seconds; is it possible that something is hung?
1484256819.579141020 MasterService.cc:3300 in handleTimerEvent WARNING[2]: Inbound migrations have been running continuously for 106 seconds; is it possible that something is hung?
1484256820.579162258 MasterService.cc:3300 in handleTimerEvent WARNING[2]: Inbound migrations have been running continuously for 107 seconds; is it possible that something is hung?
1484256821.579187033 MasterService.cc:3300 in handleTimerEvent WARNING[2]: Inbound migrations have been running continuously for 108 seconds; is it possible that something is hung?
1484256822.579211119 MasterService.cc:3300 in handleTimerEvent WARNING[2]: Inbound migrations have been running continuously for 109 seconds; is it possible that something is hung?
1484256823.579231610 MasterService.cc:3300 in handleTimerEvent WARNING[2]: Inbound migrations have been running continuously for 110 seconds; is it possible that something is hung?
1484256824.579256018 MasterService.cc:3300 in handleTimerEvent WARNING[2]: Inbound migrations have been running continuously for 111 seconds; is it possible that something is hung?
1484256825.579287461 MasterService.cc:3300 in handleTimerEvent WARNING[2]: Inbound migrations have been running continuously for 112 seconds; is it possible that something is hung?
1484256826.579308813 MasterService.cc:3300 in handleTimerEvent WARNING[2]: Inbound migrations have been running continuously for 113 seconds; is it possible that something is hung?
1484256827.579358545 MasterService.cc:3300 in handleTimerEvent WARNING[2]: Inbound migrations have been running continuously for 114 seconds; is it possible that something is hung?
1484256828.579381747 MasterService.cc:3300 in handleTimerEvent WARNING[2]: Inbound migrations have been running continuously for 115 seconds; is it possible that something is hung?
1484256829.579405452 MasterService.cc:3300 in handleTimerEvent WARNING[2]: Inbound migrations have been running continuously for 116 seconds; is it possible that something is hung?
1484256830.579429174 MasterService.cc:3300 in handleTimerEvent WARNING[2]: Inbound migrations have been running continuously for 117 seconds; is it possible that something is hung?
1484256831.579450320 MasterService.cc:3300 in handleTimerEvent WARNING[2]: Inbound migrations have been running continuously for 118 seconds; is it possible that something is hung?
1484256832.579472954 MasterService.cc:3300 in handleTimerEvent WARNING[2]: Inbound migrations have been running continuously for 119 seconds; is it possible that something is hung?
1484256833.579497887 MasterService.cc:3300 in handleTimerEvent WARNING[2]: Inbound migrations have been running continuously for 120 seconds; is it possible that something is hung?
1484256833.807266839 MultiFileStorage.cc:723 in unlockedWrite WARNING[11]: Slow write to replica storage on device 1: 111.2 ms for 3072 bytes
1484256834.579522213 MasterService.cc:3300 in handleTimerEvent WARNING[2]: Inbound migrations have been running continuously for 121 seconds; is it possible that something is hung?
1484256835.579546265 MasterService.cc:3300 in handleTimerEvent WARNING[2]: Inbound migrations have been running continuously for 122 seconds; is it possible that something is hung?
1484256836.579562734 MasterService.cc:3300 in handleTimerEvent WARNING[2]: Inbound migrations have been running continuously for 123 seconds; is it possible that something is hung?
1484256837.579587859 MasterService.cc:3300 in handleTimerEvent WARNING[2]: Inbound migrations have been running continuously for 124 seconds; is it possible that something is hung?
1484256838.579610913 MasterService.cc:3300 in handleTimerEvent WARNING[2]: Inbound migrations have been running continuously for 125 seconds; is it possible that something is hung?
1484256839.579631072 MasterService.cc:3300 in handleTimerEvent WARNING[2]: Inbound migrations have been running continuously for 126 seconds; is it possible that something is hung?
1484256840.579656385 MasterService.cc:3300 in handleTimerEvent WARNING[2]: Inbound migrations have been running continuously for 127 seconds; is it possible that something is hung?
1484256841.579682146 MasterService.cc:3300 in handleTimerEvent WARNING[2]: Inbound migrations have been running continuously for 128 seconds; is it possible that something is hung?
1484256842.579706037 MasterService.cc:3300 in handleTimerEvent WARNING[2]: Inbound migrations have been running continuously for 129 seconds; is it possible that something is hung?
1484256843.554129449 MultiFileStorage.cc:723 in unlockedWrite WARNING[11]: Slow write to replica storage on device 1: 103.4 ms for 56832 bytes
1484256843.579729444 MasterService.cc:3300 in handleTimerEvent WARNING[2]: Inbound migrations have been running continuously for 130 seconds; is it possible that something is hung?
1484256844.579753751 MasterService.cc:3300 in handleTimerEvent WARNING[2]: Inbound migrations have been running continuously for 131 seconds; is it possible that something is hung?
1484256845.579779733 MasterService.cc:3300 in handleTimerEvent WARNING[2]: Inbound migrations have been running continuously for 132 seconds; is it possible that something is hung?
1484256846.579803163 MasterService.cc:3300 in handleTimerEvent WARNING[2]: Inbound migrations have been running continuously for 133 seconds; is it possible that something is hung?
1484256847.579824969 MasterService.cc:3300 in handleTimerEvent WARNING[2]: Inbound migrations have been running continuously for 134 seconds; is it possible that something is hung?
1484256848.579846794 MasterService.cc:3300 in handleTimerEvent WARNING[2]: Inbound migrations have been running continuously for 135 seconds; is it possible that something is hung?
1484256849.579870903 MasterService.cc:3300 in handleTimerEvent WARNING[2]: Inbound migrations have been running continuously for 136 seconds; is it possible that something is hung?
1484256850.579866256 MasterService.cc:3300 in handleTimerEvent WARNING[2]: Inbound migrations have been running continuously for 137 seconds; is it possible that something is hung?
1484256851.579887999 MasterService.cc:3300 in handleTimerEvent WARNING[2]: Inbound migrations have been running continuously for 138 seconds; is it possible that something is hung?
1484256852.579910763 MasterService.cc:3300 in handleTimerEvent WARNING[2]: Inbound migrations have been running continuously for 139 seconds; is it possible that something is hung?
1484256853.579933340 MasterService.cc:3300 in handleTimerEvent WARNING[2]: Inbound migrations have been running continuously for 140 seconds; is it possible that something is hung?
1484256854.579956484 MasterService.cc:3300 in handleTimerEvent WARNING[2]: Inbound migrations have been running continuously for 141 seconds; is it possible that something is hung?
1484256855.579980954 MasterService.cc:3300 in handleTimerEvent WARNING[2]: Inbound migrations have been running continuously for 142 seconds; is it possible that something is hung?
1484256856.580004081 MasterService.cc:3300 in handleTimerEvent WARNING[2]: Inbound migrations have been running continuously for 143 seconds; is it possible that something is hung?
1484256857.580028689 MasterService.cc:3300 in handleTimerEvent WARNING[2]: Inbound migrations have been running continuously for 144 seconds; is it possible that something is hung?
1484256858.580052700 MasterService.cc:3300 in handleTimerEvent WARNING[2]: Inbound migrations have been running continuously for 145 seconds; is it possible that something is hung?
1484256859.580074742 MasterService.cc:3300 in handleTimerEvent WARNING[2]: Inbound migrations have been running continuously for 146 seconds; is it possible that something is hung?
1484256860.580095524 MasterService.cc:3300 in handleTimerEvent WARNING[2]: Inbound migrations have been running continuously for 147 seconds; is it possible that something is hung?
1484256861.462510666 MultiFileStorage.cc:723 in unlockedWrite WARNING[11]: Slow write to replica storage on device 1: 118.6 ms for 29184 bytes
1484256861.580117032 MasterService.cc:3300 in handleTimerEvent WARNING[2]: Inbound migrations have been running continuously for 148 seconds; is it possible that something is hung?
1484256861.811411768 MultiFileStorage.cc:723 in unlockedWrite WARNING[11]: Slow write to replica storage on device 2: 113.2 ms for 512 bytes
1484256861.924868321 MultiFileStorage.cc:723 in unlockedWrite WARNING[11]: Slow write to replica storage on device 2: 113.4 ms for 512 bytes
1484256862.580140069 MasterService.cc:3300 in handleTimerEvent WARNING[2]: Inbound migrations have been running continuously for 149 seconds; is it possible that something is hung?
1484256863.580163322 MasterService.cc:3300 in handleTimerEvent WARNING[2]: Inbound migrations have been running continuously for 150 seconds; is it possible that something is hung?
1484256864.580184785 MasterService.cc:3300 in handleTimerEvent WARNING[2]: Inbound migrations have been running continuously for 151 seconds; is it possible that something is hung?
1484256864.796527087 MultiFileStorage.cc:723 in unlockedWrite WARNING[11]: Slow write to replica storage on device 1: 192.1 ms for 172032 bytes
1484256865.580208293 MasterService.cc:3300 in handleTimerEvent WARNING[2]: Inbound migrations have been running continuously for 152 seconds; is it possible that something is hung?
1484256866.580232663 MasterService.cc:3300 in handleTimerEvent WARNING[2]: Inbound migrations have been running continuously for 153 seconds; is it possible that something is hung?
1484256867.580256162 MasterService.cc:3300 in handleTimerEvent WARNING[2]: Inbound migrations have been running continuously for 154 seconds; is it possible that something is hung?
1484256868.580279969 MasterService.cc:3300 in handleTimerEvent WARNING[2]: Inbound migrations have been running continuously for 155 seconds; is it possible that something is hung?
1484256869.580306700 MasterService.cc:3300 in handleTimerEvent WARNING[2]: Inbound migrations have been running continuously for 156 seconds; is it possible that something is hung?
1484256870.580331151 MasterService.cc:3300 in handleTimerEvent WARNING[2]: Inbound migrations have been running continuously for 157 seconds; is it possible that something is hung?
1484256871.580355084 MasterService.cc:3300 in handleTimerEvent WARNING[2]: Inbound migrations have been running continuously for 158 seconds; is it possible that something is hung?
1484256872.580376546 MasterService.cc:3300 in handleTimerEvent WARNING[2]: Inbound migrations have been running continuously for 159 seconds; is it possible that something is hung?
1484256873.580399674 MasterService.cc:3300 in handleTimerEvent WARNING[2]: Inbound migrations have been running continuously for 160 seconds; is it possible that something is hung?
1484256874.477077813 MultiFileStorage.cc:723 in unlockedWrite WARNING[11]: Slow write to replica storage on device 1: 110.2 ms for 49152 bytes
1484256874.580423313 MasterService.cc:3300 in handleTimerEvent WARNING[2]: Inbound migrations have been running continuously for 161 seconds; is it possible that something is hung?
1484256875.580445679 MasterService.cc:3300 in handleTimerEvent WARNING[2]: Inbound migrations have been running continuously for 162 seconds; is it possible that something is hung?
1484256876.580470938 MasterService.cc:3300 in handleTimerEvent WARNING[2]: Inbound migrations have been running continuously for 163 seconds; is it possible that something is hung?
1484256877.580497972 MasterService.cc:3300 in handleTimerEvent WARNING[2]: Inbound migrations have been running continuously for 164 seconds; is it possible that something is hung?
1484256878.580521005 MasterService.cc:3300 in handleTimerEvent WARNING[2]: Inbound migrations have been running continuously for 165 seconds; is it possible that something is hung?
1484256879.580559090 MasterService.cc:3300 in handleTimerEvent WARNING[2]: Inbound migrations have been running continuously for 166 seconds; is it possible that something is hung?
1484256880.580581682 MasterService.cc:3300 in handleTimerEvent WARNING[2]: Inbound migrations have been running continuously for 167 seconds; is it possible that something is hung?
1484256881.001871030 MultiFileStorage.cc:723 in unlockedWrite WARNING[11]: Slow write to replica storage on device 1: 119.5 ms for 71680 bytes
1484256881.580605597 MasterService.cc:3300 in handleTimerEvent WARNING[2]: Inbound migrations have been running continuously for 168 seconds; is it possible that something is hung?
1484256882.580629443 MasterService.cc:3300 in handleTimerEvent WARNING[2]: Inbound migrations have been running continuously for 169 seconds; is it possible that something is hung?
1484256883.580643924 MasterService.cc:3300 in handleTimerEvent WARNING[2]: Inbound migrations have been running continuously for 170 seconds; is it possible that something is hung?
1484256884.580668348 MasterService.cc:3300 in handleTimerEvent WARNING[2]: Inbound migrations have been running continuously for 171 seconds; is it possible that something is hung?
1484256885.580689993 MasterService.cc:3300 in handleTimerEvent WARNING[2]: Inbound migrations have been running continuously for 172 seconds; is it possible that something is hung?
1484256886.580713362 MasterService.cc:3300 in handleTimerEvent WARNING[2]: Inbound migrations have been running continuously for 173 seconds; is it possible that something is hung?
1484256887.580736903 MasterService.cc:3300 in handleTimerEvent WARNING[2]: Inbound migrations have been running continuously for 174 seconds; is it possible that something is hung?
1484256888.580761353 MasterService.cc:3300 in handleTimerEvent WARNING[2]: Inbound migrations have been running continuously for 175 seconds; is it possible that something is hung?
1484256889.580786377 MasterService.cc:3300 in handleTimerEvent WARNING[2]: Inbound migrations have been running continuously for 176 seconds; is it possible that something is hung?
1484256890.580810621 MasterService.cc:3300 in handleTimerEvent WARNING[2]: Inbound migrations have been running continuously for 177 seconds; is it possible that something is hung?
1484256891.580835635 MasterService.cc:3300 in handleTimerEvent WARNING[2]: Inbound migrations have been running continuously for 178 seconds; is it possible that something is hung?
1484256892.580857952 MasterService.cc:3300 in handleTimerEvent WARNING[2]: Inbound migrations have been running continuously for 179 seconds; is it possible that something is hung?
1484256893.580881665 MasterService.cc:3300 in handleTimerEvent WARNING[2]: Inbound migrations have been running continuously for 180 seconds; is it possible that something is hung?
1484256894.580906064 MasterService.cc:3300 in handleTimerEvent WARNING[2]: Inbound migrations have been running continuously for 181 seconds; is it possible that something is hung?
1484256895.580929593 MasterService.cc:3300 in handleTimerEvent WARNING[2]: Inbound migrations have been running continuously for 182 seconds; is it possible that something is hung?
1484256896.580952378 MasterService.cc:3300 in handleTimerEvent WARNING[2]: Inbound migrations have been running continuously for 183 seconds; is it possible that something is hung?
1484256897.580974575 MasterService.cc:3300 in handleTimerEvent WARNING[2]: Inbound migrations have been running continuously for 184 seconds; is it possible that something is hung?
1484256898.580997286 MasterService.cc:3300 in handleTimerEvent WARNING[2]: Inbound migrations have been running continuously for 185 seconds; is it possible that something is hung?
1484256899.581021605 MasterService.cc:3300 in handleTimerEvent WARNING[2]: Inbound migrations have been running continuously for 186 seconds; is it possible that something is hung?
1484256900.581043906 MasterService.cc:3300 in handleTimerEvent WARNING[2]: Inbound migrations have been running continuously for 187 seconds; is it possible that something is hung?
1484256901.581064904 MasterService.cc:3300 in handleTimerEvent WARNING[2]: Inbound migrations have been running continuously for 188 seconds; is it possible that something is hung?
1484256902.581087837 MasterService.cc:3300 in handleTimerEvent WARNING[2]: Inbound migrations have been running continuously for 189 seconds; is it possible that something is hung?
1484256903.581111572 MasterService.cc:3300 in handleTimerEvent WARNING[2]: Inbound migrations have been running continuously for 190 seconds; is it possible that something is hung?
1484256904.581134840 MasterService.cc:3300 in handleTimerEvent WARNING[2]: Inbound migrations have been running continuously for 191 seconds; is it possible that something is hung?
1484256905.581159288 MasterService.cc:3300 in handleTimerEvent WARNING[2]: Inbound migrations have been running continuously for 192 seconds; is it possible that something is hung?
1484256906.581155939 MasterService.cc:3300 in handleTimerEvent WARNING[2]: Inbound migrations have been running continuously for 193 seconds; is it possible that something is hung?
1484256907.581178816 MasterService.cc:3300 in handleTimerEvent WARNING[2]: Inbound migrations have been running continuously for 194 seconds; is it possible that something is hung?
1484256908.581202478 MasterService.cc:3300 in handleTimerEvent WARNING[2]: Inbound migrations have been running continuously for 195 seconds; is it possible that something is hung?
1484256909.581222822 MasterService.cc:3300 in handleTimerEvent WARNING[2]: Inbound migrations have been running continuously for 196 seconds; is it possible that something is hung?
1484256910.581246057 MasterService.cc:3300 in handleTimerEvent WARNING[2]: Inbound migrations have been running continuously for 197 seconds; is it possible that something is hung?
1484256911.581267431 MasterService.cc:3300 in handleTimerEvent WARNING[2]: Inbound migrations have been running continuously for 198 seconds; is it possible that something is hung?
1484256912.581288644 MasterService.cc:3300 in handleTimerEvent WARNING[2]: Inbound migrations have been running continuously for 199 seconds; is it possible that something is hung?
1484256913.581312778 MasterService.cc:3300 in handleTimerEvent WARNING[2]: Inbound migrations have been running continuously for 200 seconds; is it possible that something is hung?
1484256914.581336683 MasterService.cc:3300 in handleTimerEvent WARNING[2]: Inbound migrations have been running continuously for 201 seconds; is it possible that something is hung?
1484256915.581357400 MasterService.cc:3300 in handleTimerEvent WARNING[2]: Inbound migrations have been running continuously for 202 seconds; is it possible that something is hung?
1484256916.581380804 MasterService.cc:3300 in handleTimerEvent WARNING[2]: Inbound migrations have been running continuously for 203 seconds; is it possible that something is hung?
1484256917.581404759 MasterService.cc:3300 in handleTimerEvent WARNING[2]: Inbound migrations have been running continuously for 204 seconds; is it possible that something is hung?
1484256917.636241686 TimeTrace.cc:189 in printInternal NOTICE[6]: No time trace events to print
1484256917.636600450 CacheTrace.cc:113 in printInternal NOTICE[6]: No cache trace events to print
