1484255750.006177136 ServerMain.cc:251 in main NOTICE[1]: Command line: /users/anirajk/RAMCloud/obj.master/server -C basic+udp:host=128.110.96.124,port=12246 -L basic+infud:host=server-5.infud-migrate.ramcloud-PG0.apt.emulab.net -r 0 -l NOTICE --clusterName __unnamed__ --logFile logs/20170112141538/server6.server-5.infud-migrate.ramcloud-PG0.apt.emulab.net.log --preferredIndex 6 --totalMasterMemory=8000 --segmentFrames=4096 -f /dev/sda4,/dev/sdb
1484255750.006197297 ServerMain.cc:252 in main NOTICE[1]: Server process id: 83361
1484255750.006381265 InfUdDriver.cc:125 in InfUdDriver NOTICE[1]: InfUdDriver bandwidth: 32 Gbits/sec, maxTransmitQueueSize: 8000 bytes
1484255750.038953917 InfUdDriver.cc:148 in InfUdDriver NOTICE[1]: Initialized InfUdDriver buffers: 50000 receive buffers (97 MB), 50 transmit buffers (0 MB), took 31.1 ms
1484255750.040054274 InfUdDriver.cc:187 in InfUdDriver NOTICE[1]: Locator for InfUdDriver: basic+infud:host=server-5.infud-migrate.ramcloud-PG0.apt.emulab.net,lid=72,qpn=591
1484255750.040090751 InfUdDriver.cc:601 in refillReceiver NOTICE[1]: 1000 receive buffers now in use (2.0%)
1484255750.040222673 BasicTransport.cc:102 in BasicTransport NOTICE[1]: BasicTransport parameters: maxDataPerPacket 1982, roundTripBytes 29730, grantIncrement 9910, pingIntervals 3, timeoutIntervals 40, timerInterval 2.00 ms
1484255750.040252411 ServerMain.cc:284 in main NOTICE[1]: MASTER_SERVICE, BACKUP_SERVICE, ADMIN_SERVICE: Listening on basic+infud:host=server-5.infud-migrate.ramcloud-PG0.apt.emulab.net,lid=72,qpn=591
1484255750.040900203 ServerMain.cc:324 in main NOTICE[1]: Using 0 backups
1484255750.040911674 ServerConfig.h:570 in setLogAndHashTableSize NOTICE[1]: Master to allocate 8388608000 bytes total, 838860800 of which are for the hash table
1484255750.040913857 ServerConfig.h:572 in setLogAndHashTableSize NOTICE[1]: Master will have 900 segments and 13107200 lines in the hash table
1484255750.040915207 ServerConfig.h:576 in setLogAndHashTableSize NOTICE[1]: Hash table will have one entry for every 72 bytes in the log
1484255750.040916772 ServerMain.cc:329 in main NOTICE[1]: PortTimeOut=-1
1484255750.040918280 PortAlarm.cc:160 in setPortTimeout NOTICE[1]: Set PortTimeout to -1 (ms: -1 to disable.)
1484255750.041067019 MemoryMonitor.cc:62 in handleTimerEvent NOTICE[4]: Memory usage now 112 MB (increased 112 MB)
1484255750.042148717 Server.cc:86 in run NOTICE[1]: Starting services
1484255750.042156693 Server.cc:150 in createAndRegisterServices NOTICE[1]: Master is using 0 backups
1484255750.042195648 LargeBlockOfMemory.h:241 in mmapGigabyteAligned NOTICE[1]: Populating pages; progress 0 of 7200 MB
1484255750.534482708 LargeBlockOfMemory.h:241 in mmapGigabyteAligned NOTICE[1]: Populating pages; progress 1024 of 7200 MB
1484255751.026579847 LargeBlockOfMemory.h:241 in mmapGigabyteAligned NOTICE[1]: Populating pages; progress 2048 of 7200 MB
1484255751.512175534 LargeBlockOfMemory.h:241 in mmapGigabyteAligned NOTICE[1]: Populating pages; progress 3072 of 7200 MB
1484255751.993215173 LargeBlockOfMemory.h:241 in mmapGigabyteAligned NOTICE[1]: Populating pages; progress 4096 of 7200 MB
1484255752.473879626 LargeBlockOfMemory.h:241 in mmapGigabyteAligned NOTICE[1]: Populating pages; progress 5120 of 7200 MB
1484255752.953785859 LargeBlockOfMemory.h:241 in mmapGigabyteAligned NOTICE[1]: Populating pages; progress 6144 of 7200 MB
1484255753.433787768 LargeBlockOfMemory.h:241 in mmapGigabyteAligned NOTICE[1]: Populating pages; progress 7168 of 7200 MB
1484255753.457423094 SegletAllocator.cc:162 in initializeEmergencyHeadReserve NOTICE[1]: Reserved 256 seglets for emergency head segments (16 MB). 114944 seglets (7184 MB) left in default pool.
1484255753.740297758 InfUdDriver.cc:312 in registerMemory NOTICE[1]: Created zero-copy region with 7549747200 bytes at 0x40000000
1484255753.740380710 SegletAllocator.cc:197 in initializeCleanerReserve NOTICE[1]: Reserved 1920 seglets for the cleaner (120 MB). 113024 seglets (7064 MB) left in default pool.
1484255753.740396901 LogCleaner.cc:92 in LogCleaner NOTICE[1]: Replication factor is 0; memory compaction disabled.
1484255753.740422602 LogCleaner.cc:798 in TombstoneRatioBalancer NOTICE[1]: Using tombstone ratio balancer with ratio = 0.400000
1484255753.740469540 LargeBlockOfMemory.h:241 in mmapGigabyteAligned NOTICE[1]: Populating pages; progress 0 of 512 MB
1484255754.008942572 Server.cc:155 in createAndRegisterServices NOTICE[1]: Starting backup service
1484255754.012543897 MultiFileStorage.cc:1021 in MultiFileStorage NOTICE[1]: Backup storage opened with 34359738368 bytes available; allocated 4096 frame(s) across 2 file(s) with 8388608 bytes per frame
1484255754.454444479 BackupStorage.cc:68 in benchmark NOTICE[1]: Backup storage speeds (min): 78 MB/s read
1484255754.454450713 BackupStorage.cc:69 in benchmark NOTICE[1]: Backup storage speeds (avg): 336 MB/s read,
1484255754.454452039 BackupStorage.cc:75 in benchmark NOTICE[1]: RANDOM_REFINE_AVG BackupStrategy selected
1484255754.455408579 BackupService.cc:92 in BackupService NOTICE[1]: Cluster '__unnamed__'; ignoring existing backup storage. Any replicas stored will not be reusable by future backups. Specify clusterName for persistence across backup restarts.
1484255754.455414397 Server.cc:159 in createAndRegisterServices NOTICE[1]: Backup service started
1484255754.455416419 Server.cc:88 in run NOTICE[1]: Services started
1484255754.455417517 Server.cc:93 in run NOTICE[1]: Pinning memory
1484255755.478946306 Server.cc:95 in run NOTICE[1]: Memory pinned
1484255755.479086406 MemoryMonitor.cc:62 in handleTimerEvent NOTICE[4]: Memory usage now 8936 MB (increased 8824 MB)
1484255755.479098023 Server.cc:192 in enlist NOTICE[4]: Enlisting with cooordinator
1484255755.479141138 UdpDriver.cc:88 in UdpDriver NOTICE[4]: UdpDriver bandwidth: 10 Gbits/sec, maxTransmitQueueSize: 2800 bytes
1484255755.479165017 UdpDriver.cc:119 in UdpDriver NOTICE[4]: UdpDriver using port 0
1484255755.481387457 BasicTransport.cc:102 in BasicTransport NOTICE[4]: BasicTransport parameters: maxDataPerPacket 1374, roundTripBytes 9618, grantIncrement 6870, pingIntervals 3, timeoutIntervals 40, timerInterval 2.00 ms
1484255755.481445596 CoordinatorSession.cc:105 in getSession NOTICE[4]: Opened session with coordinator at basic+udp:host=128.110.96.124,port=12246
1484255755.481798468 Server.cc:199 in enlist NOTICE[4]: Enlisted; serverId 6.0
1484255755.481802648 MasterService.cc:822 in initOnceEnlisted NOTICE[4]: My server ID is 6.0
1484255755.481871317 ServerList.cc:188 in applyServerList NOTICE[7]: Server 1.0 is up (server list version 13)
1484255755.481885288 ServerList.cc:188 in applyServerList NOTICE[7]: Server 2.0 is up (server list version 13)
1484255755.481890662 ServerList.cc:188 in applyServerList NOTICE[7]: Server 3.0 is up (server list version 13)
1484255755.481894100 ServerList.cc:188 in applyServerList NOTICE[7]: Server 4.0 is up (server list version 13)
1484255755.481898777 ServerList.cc:188 in applyServerList NOTICE[7]: Server 5.0 is up (server list version 13)
1484255755.481902142 ServerList.cc:188 in applyServerList NOTICE[7]: Server 6.0 is up (server list version 13)
1484255755.481907284 ServerList.cc:188 in applyServerList NOTICE[7]: Server 7.0 is up (server list version 13)
1484255755.486182042 BackupService.cc:323 in initOnceEnlisted NOTICE[4]: My server ID is 6.0
1484255755.486201365 LogCleaner.cc:199 in cleanerThreadEntry NOTICE[9]: LogCleaner thread started
1484255755.506555207 BackupService.cc:330 in initOnceEnlisted NOTICE[4]: Backup 6.0 will store replicas under cluster name '__unnamed__'
1484255755.508779706 FailureDetector.cc:104 in detectorThreadEntry NOTICE[10]: Failure detector thread started
1484255988.377423107 TimeTrace.cc:189 in printInternal NOTICE[8]: No time trace events to print
1484255988.377795178 CacheTrace.cc:113 in printInternal NOTICE[8]: No cache trace events to print
