1484255457.233317259 ServerMain.cc:251 in main NOTICE[1]: Command line: /users/anirajk/RAMCloud/obj.master/server -C basic+udp:host=128.110.96.124,port=12246 -L basic+infud:host=server-2.infud-migrate.ramcloud-PG0.apt.emulab.net -r 3 -l NOTICE --clusterName __unnamed__ --logFile logs/20170112141044/server3.server-2.infud-migrate.ramcloud-PG0.apt.emulab.net.log --preferredIndex 3 --totalMasterMemory=8000 --segmentFrames=4096 -f /dev/sda4,/dev/sdb
1484255457.233350697 ServerMain.cc:252 in main NOTICE[1]: Server process id: 89597
1484255457.233633452 InfUdDriver.cc:125 in InfUdDriver NOTICE[1]: InfUdDriver bandwidth: 32 Gbits/sec, maxTransmitQueueSize: 8000 bytes
1484255457.276443080 InfUdDriver.cc:148 in InfUdDriver NOTICE[1]: Initialized InfUdDriver buffers: 50000 receive buffers (97 MB), 50 transmit buffers (0 MB), took 40.3 ms
1484255457.277680965 InfUdDriver.cc:187 in InfUdDriver NOTICE[1]: Locator for InfUdDriver: basic+infud:host=server-2.infud-migrate.ramcloud-PG0.apt.emulab.net,lid=80,qpn=656
1484255457.277731990 InfUdDriver.cc:601 in refillReceiver NOTICE[1]: 1000 receive buffers now in use (2.0%)
1484255457.277891750 BasicTransport.cc:102 in BasicTransport NOTICE[1]: BasicTransport parameters: maxDataPerPacket 1982, roundTripBytes 29730, grantIncrement 9910, pingIntervals 3, timeoutIntervals 40, timerInterval 2.00 ms
1484255457.277930202 ServerMain.cc:284 in main NOTICE[1]: MASTER_SERVICE, BACKUP_SERVICE, ADMIN_SERVICE: Listening on basic+infud:host=server-2.infud-migrate.ramcloud-PG0.apt.emulab.net,lid=80,qpn=656
1484255457.278835131 ServerMain.cc:324 in main NOTICE[1]: Using 3 backups
1484255457.278850628 ServerConfig.h:570 in setLogAndHashTableSize NOTICE[1]: Master to allocate 8388608000 bytes total, 838860800 of which are for the hash table
1484255457.278853760 ServerConfig.h:572 in setLogAndHashTableSize NOTICE[1]: Master will have 900 segments and 13107200 lines in the hash table
1484255457.278855718 ServerConfig.h:576 in setLogAndHashTableSize NOTICE[1]: Hash table will have one entry for every 72 bytes in the log
1484255457.278857663 ServerMain.cc:329 in main NOTICE[1]: PortTimeOut=-1
1484255457.278859586 PortAlarm.cc:160 in setPortTimeout NOTICE[1]: Set PortTimeout to -1 (ms: -1 to disable.)
1484255457.279154483 MemoryMonitor.cc:62 in handleTimerEvent NOTICE[4]: Memory usage now 112 MB (increased 112 MB)
1484255457.279798285 Server.cc:86 in run NOTICE[1]: Starting services
1484255457.279808998 Server.cc:150 in createAndRegisterServices NOTICE[1]: Master is using 3 backups
1484255457.279845702 LargeBlockOfMemory.h:241 in mmapGigabyteAligned NOTICE[1]: Populating pages; progress 0 of 7200 MB
1484255457.731773868 LargeBlockOfMemory.h:241 in mmapGigabyteAligned NOTICE[1]: Populating pages; progress 1024 of 7200 MB
1484255458.143259907 LargeBlockOfMemory.h:241 in mmapGigabyteAligned NOTICE[1]: Populating pages; progress 2048 of 7200 MB
1484255458.549442428 LargeBlockOfMemory.h:241 in mmapGigabyteAligned NOTICE[1]: Populating pages; progress 3072 of 7200 MB
1484255458.955954261 LargeBlockOfMemory.h:241 in mmapGigabyteAligned NOTICE[1]: Populating pages; progress 4096 of 7200 MB
1484255459.361565445 LargeBlockOfMemory.h:241 in mmapGigabyteAligned NOTICE[1]: Populating pages; progress 5120 of 7200 MB
1484255459.766395298 LargeBlockOfMemory.h:241 in mmapGigabyteAligned NOTICE[1]: Populating pages; progress 6144 of 7200 MB
1484255460.172558778 LargeBlockOfMemory.h:241 in mmapGigabyteAligned NOTICE[1]: Populating pages; progress 7168 of 7200 MB
1484255460.192303765 SegletAllocator.cc:162 in initializeEmergencyHeadReserve NOTICE[1]: Reserved 256 seglets for emergency head segments (16 MB). 114944 seglets (7184 MB) left in default pool.
1484255460.492325889 InfUdDriver.cc:312 in registerMemory NOTICE[1]: Created zero-copy region with 7549747200 bytes at 0x40000000
1484255460.492397678 SegletAllocator.cc:197 in initializeCleanerReserve NOTICE[1]: Reserved 1920 seglets for the cleaner (120 MB). 113024 seglets (7064 MB) left in default pool.
1484255460.492426494 LogCleaner.cc:798 in TombstoneRatioBalancer NOTICE[1]: Using tombstone ratio balancer with ratio = 0.400000
1484255460.492471363 LargeBlockOfMemory.h:241 in mmapGigabyteAligned NOTICE[1]: Populating pages; progress 0 of 512 MB
1484255460.733849223 Server.cc:155 in createAndRegisterServices NOTICE[1]: Starting backup service
1484255460.736839897 MultiFileStorage.cc:1021 in MultiFileStorage NOTICE[1]: Backup storage opened with 34359738368 bytes available; allocated 4096 frame(s) across 2 file(s) with 8388608 bytes per frame
1484255467.399762328 BackupStorage.cc:68 in benchmark NOTICE[1]: Backup storage speeds (min): 1 MB/s read
1484255467.399768934 BackupStorage.cc:69 in benchmark NOTICE[1]: Backup storage speeds (avg): 289 MB/s read,
1484255467.399770205 BackupStorage.cc:75 in benchmark NOTICE[1]: RANDOM_REFINE_AVG BackupStrategy selected
1484255467.409357357 BackupService.cc:92 in BackupService NOTICE[1]: Cluster '__unnamed__'; ignoring existing backup storage. Any replicas stored will not be reusable by future backups. Specify clusterName for persistence across backup restarts.
1484255467.409364852 Server.cc:159 in createAndRegisterServices NOTICE[1]: Backup service started
1484255467.409366913 Server.cc:88 in run NOTICE[1]: Services started
1484255467.409367700 Server.cc:93 in run NOTICE[1]: Pinning memory
1484255468.267067362 Server.cc:95 in run NOTICE[1]: Memory pinned
1484255468.267210176 MemoryMonitor.cc:62 in handleTimerEvent NOTICE[4]: Memory usage now 8944 MB (increased 8832 MB)
1484255468.267219677 Server.cc:192 in enlist NOTICE[4]: Enlisting with cooordinator
1484255468.267260498 UdpDriver.cc:88 in UdpDriver NOTICE[4]: UdpDriver bandwidth: 10 Gbits/sec, maxTransmitQueueSize: 2800 bytes
1484255468.267282456 UdpDriver.cc:119 in UdpDriver NOTICE[4]: UdpDriver using port 0
1484255468.269126623 BasicTransport.cc:102 in BasicTransport NOTICE[4]: BasicTransport parameters: maxDataPerPacket 1374, roundTripBytes 9618, grantIncrement 6870, pingIntervals 3, timeoutIntervals 40, timerInterval 2.00 ms
1484255468.269189927 CoordinatorSession.cc:105 in getSession NOTICE[4]: Opened session with coordinator at basic+udp:host=128.110.96.124,port=12246
1484255468.269596815 AdminService.cc:120 in getServerId NOTICE[6]: Returning invalid server id
1484255468.269609053 Server.cc:199 in enlist NOTICE[4]: Enlisted; serverId 3.0
1484255468.269611506 MasterService.cc:822 in initOnceEnlisted NOTICE[4]: My server ID is 3.0
1484255468.273850852 BackupService.cc:323 in initOnceEnlisted NOTICE[4]: My server ID is 3.0
1484255468.273917023 LogCleaner.cc:199 in cleanerThreadEntry NOTICE[9]: LogCleaner thread started
1484255468.274147131 ServerList.cc:188 in applyServerList NOTICE[6]: Server 1.0 is up (server list version 8)
1484255468.274157940 ServerList.cc:188 in applyServerList NOTICE[6]: Server 3.0 is up (server list version 8)
1484255468.274163386 ServerList.cc:188 in applyServerList NOTICE[6]: Server 4.0 is up (server list version 8)
1484255468.274166045 ServerList.cc:188 in applyServerList NOTICE[6]: Server 5.0 is up (server list version 8)
1484255468.274168191 ServerList.cc:188 in applyServerList NOTICE[6]: Server 6.0 is up (server list version 8)
1484255468.292903487 BackupService.cc:330 in initOnceEnlisted NOTICE[4]: Backup 3.0 will store replicas under cluster name '__unnamed__'
1484255468.295028785 FailureDetector.cc:104 in detectorThreadEntry NOTICE[10]: Failure detector thread started
1484255468.344598256 ServerList.cc:188 in applyServerList NOTICE[6]: Server 2.0 is up (server list version 9)
1484255468.344610391 BackupService.cc:685 in trackerChangesEnqueued NOTICE[6]: Starting backup replica garbage collector thread
1484255468.346651097 ServerList.cc:188 in applyServerList NOTICE[6]: Server 3.0 is up (server list version 10)
1484255468.346662691 ServerList.cc:188 in applyServerList NOTICE[6]: Server 2.0 is up (server list version 11)
1484255468.346672769 ServerList.cc:188 in applyServerList NOTICE[6]: Server 1.0 is up (server list version 12)
1484255468.356250092 ServerList.cc:188 in applyServerList NOTICE[6]: Server 7.0 is up (server list version 13)
1484255505.034809301 MultiFileStorage.cc:723 in unlockedWrite WARNING[11]: Slow write to replica storage on device 1: 141.9 ms for 141824 bytes
1484255516.871176807 MultiFileStorage.cc:723 in unlockedWrite WARNING[11]: Slow write to replica storage on device 1: 133.7 ms for 216576 bytes
1484255518.449773990 MultiFileStorage.cc:723 in unlockedWrite WARNING[11]: Slow write to replica storage on device 1: 164.9 ms for 24064 bytes
1484255536.796336927 MultiFileStorage.cc:723 in unlockedWrite WARNING[11]: Slow write to replica storage on device 1: 109.8 ms for 512 bytes
1484255567.742527900 MultiFileStorage.cc:723 in unlockedWrite WARNING[11]: Slow write to replica storage on device 1: 126.0 ms for 22528 bytes
1484255570.699527029 MultiFileStorage.cc:723 in unlockedWrite WARNING[11]: Slow write to replica storage on device 0: 233.2 ms for 3584 bytes
1484255573.413060174 MultiFileStorage.cc:723 in unlockedWrite WARNING[11]: Slow write to replica storage on device 1: 103.5 ms for 75264 bytes
1484255579.113294635 MultiFileStorage.cc:723 in unlockedWrite WARNING[11]: Slow write to replica storage on device 1: 105.0 ms for 154624 bytes
1484255583.165214720 MultiFileStorage.cc:723 in unlockedWrite WARNING[11]: Slow write to replica storage on device 1: 103.3 ms for 57856 bytes
1484255590.521566955 MultiFileStorage.cc:723 in unlockedWrite WARNING[11]: Slow write to replica storage on device 1: 128.0 ms for 141312 bytes
1484255598.650342147 MultiFileStorage.cc:723 in unlockedWrite WARNING[11]: Slow write to replica storage on device 1: 114.0 ms for 56320 bytes
1484255612.487134007 MultiFileStorage.cc:723 in unlockedWrite WARNING[11]: Slow write to replica storage on device 1: 101.9 ms for 86016 bytes
1484255614.133202722 MultiFileStorage.cc:723 in unlockedWrite WARNING[11]: Slow write to replica storage on device 1: 134.2 ms for 13824 bytes
1484255618.177504499 MultiFileStorage.cc:723 in unlockedWrite WARNING[11]: Slow write to replica storage on device 1: 103.4 ms for 37376 bytes
1484255619.815315849 MultiFileStorage.cc:723 in unlockedWrite WARNING[11]: Slow write to replica storage on device 1: 119.0 ms for 23552 bytes
1484255623.066635896 MultiFileStorage.cc:723 in unlockedWrite WARNING[11]: Slow write to replica storage on device 1: 108.7 ms for 74240 bytes
1484255632.830077357 MultiFileStorage.cc:723 in unlockedWrite WARNING[11]: Slow write to replica storage on device 1: 113.1 ms for 153088 bytes
1484255636.898462465 MultiFileStorage.cc:723 in unlockedWrite WARNING[11]: Slow write to replica storage on device 1: 113.7 ms for 3072 bytes
1484255654.806291529 MultiFileStorage.cc:723 in unlockedWrite WARNING[11]: Slow write to replica storage on device 1: 106.3 ms for 57856 bytes
1484255657.256887422 MultiFileStorage.cc:723 in unlockedWrite WARNING[11]: Slow write to replica storage on device 1: 109.8 ms for 11776 bytes
1484255660.504477870 MultiFileStorage.cc:723 in unlockedWrite WARNING[11]: Slow write to replica storage on device 1: 110.0 ms for 132096 bytes
1484255666.188803312 MultiFileStorage.cc:723 in unlockedWrite WARNING[11]: Slow write to replica storage on device 1: 108.9 ms for 37376 bytes
1484255667.811721408 MultiFileStorage.cc:723 in unlockedWrite WARNING[11]: Slow write to replica storage on device 1: 110.3 ms for 17920 bytes
1484255669.440763479 MultiFileStorage.cc:723 in unlockedWrite WARNING[11]: Slow write to replica storage on device 1: 126.4 ms for 19456 bytes
1484255672.468958401 MultiFileStorage.cc:723 in unlockedWrite WARNING[11]: Slow write to replica storage on device 0: 310.7 ms for 4096 bytes
1484255680.810781997 MultiFileStorage.cc:723 in unlockedWrite WARNING[11]: Slow write to replica storage on device 1: 105.1 ms for 124928 bytes
1484255690.589262742 MultiFileStorage.cc:723 in unlockedWrite WARNING[11]: Slow write to replica storage on device 1: 118.7 ms for 115712 bytes
1484255703.515295470 TimeTrace.cc:189 in printInternal NOTICE[7]: No time trace events to print
1484255703.515695967 CacheTrace.cc:113 in printInternal NOTICE[7]: No cache trace events to print
