1484256388.095724735 ServerMain.cc:251 in main NOTICE[1]: Command line: /users/anirajk/RAMCloud/obj.master/server -C basic+udp:host=128.110.96.124,port=12246 -L basic+infud:host=server-5.infud-migrate.ramcloud-PG0.apt.emulab.net -r 3 -l NOTICE --clusterName __unnamed__ --logFile logs/20170112142615/server6.server-5.infud-migrate.ramcloud-PG0.apt.emulab.net.log --preferredIndex 6 --totalMasterMemory=8000 --segmentFrames=4096 -f /dev/sda4,/dev/sdb
1484256388.095755392 ServerMain.cc:252 in main NOTICE[1]: Server process id: 83890
1484256388.095982706 InfUdDriver.cc:125 in InfUdDriver NOTICE[1]: InfUdDriver bandwidth: 32 Gbits/sec, maxTransmitQueueSize: 8000 bytes
1484256388.137604210 InfUdDriver.cc:148 in InfUdDriver NOTICE[1]: Initialized InfUdDriver buffers: 50000 receive buffers (97 MB), 50 transmit buffers (0 MB), took 39.7 ms
1484256388.138932391 InfUdDriver.cc:187 in InfUdDriver NOTICE[1]: Locator for InfUdDriver: basic+infud:host=server-5.infud-migrate.ramcloud-PG0.apt.emulab.net,lid=72,qpn=592
1484256388.138985392 InfUdDriver.cc:601 in refillReceiver NOTICE[1]: 1000 receive buffers now in use (2.0%)
1484256388.139136683 BasicTransport.cc:102 in BasicTransport NOTICE[1]: BasicTransport parameters: maxDataPerPacket 1982, roundTripBytes 29730, grantIncrement 9910, pingIntervals 3, timeoutIntervals 40, timerInterval 2.00 ms
1484256388.139172269 ServerMain.cc:284 in main NOTICE[1]: MASTER_SERVICE, BACKUP_SERVICE, ADMIN_SERVICE: Listening on basic+infud:host=server-5.infud-migrate.ramcloud-PG0.apt.emulab.net,lid=72,qpn=592
1484256388.140058505 ServerMain.cc:324 in main NOTICE[1]: Using 3 backups
1484256388.140073983 ServerConfig.h:570 in setLogAndHashTableSize NOTICE[1]: Master to allocate 8388608000 bytes total, 838860800 of which are for the hash table
1484256388.140077035 ServerConfig.h:572 in setLogAndHashTableSize NOTICE[1]: Master will have 900 segments and 13107200 lines in the hash table
1484256388.140079046 ServerConfig.h:576 in setLogAndHashTableSize NOTICE[1]: Hash table will have one entry for every 72 bytes in the log
1484256388.140081179 ServerMain.cc:329 in main NOTICE[1]: PortTimeOut=-1
1484256388.140083063 PortAlarm.cc:160 in setPortTimeout NOTICE[1]: Set PortTimeout to -1 (ms: -1 to disable.)
1484256388.140927470 MemoryMonitor.cc:62 in handleTimerEvent NOTICE[5]: Memory usage now 114 MB (increased 114 MB)
1484256388.141051263 Server.cc:86 in run NOTICE[1]: Starting services
1484256388.141061089 Server.cc:150 in createAndRegisterServices NOTICE[1]: Master is using 3 backups
1484256388.141090716 LargeBlockOfMemory.h:241 in mmapGigabyteAligned NOTICE[1]: Populating pages; progress 0 of 7200 MB
1484256388.649040892 LargeBlockOfMemory.h:241 in mmapGigabyteAligned NOTICE[1]: Populating pages; progress 1024 of 7200 MB
1484256389.141033911 LargeBlockOfMemory.h:241 in mmapGigabyteAligned NOTICE[1]: Populating pages; progress 2048 of 7200 MB
1484256389.627690137 LargeBlockOfMemory.h:241 in mmapGigabyteAligned NOTICE[1]: Populating pages; progress 3072 of 7200 MB
1484256390.109833187 LargeBlockOfMemory.h:241 in mmapGigabyteAligned NOTICE[1]: Populating pages; progress 4096 of 7200 MB
1484256390.591472828 LargeBlockOfMemory.h:241 in mmapGigabyteAligned NOTICE[1]: Populating pages; progress 5120 of 7200 MB
1484256391.072636407 LargeBlockOfMemory.h:241 in mmapGigabyteAligned NOTICE[1]: Populating pages; progress 6144 of 7200 MB
1484256391.553711051 LargeBlockOfMemory.h:241 in mmapGigabyteAligned NOTICE[1]: Populating pages; progress 7168 of 7200 MB
1484256391.577279600 SegletAllocator.cc:162 in initializeEmergencyHeadReserve NOTICE[1]: Reserved 256 seglets for emergency head segments (16 MB). 114944 seglets (7184 MB) left in default pool.
1484256391.859912450 InfUdDriver.cc:312 in registerMemory NOTICE[1]: Created zero-copy region with 7549747200 bytes at 0x40000000
1484256391.859993692 SegletAllocator.cc:197 in initializeCleanerReserve NOTICE[1]: Reserved 1920 seglets for the cleaner (120 MB). 113024 seglets (7064 MB) left in default pool.
1484256391.860026208 LogCleaner.cc:798 in TombstoneRatioBalancer NOTICE[1]: Using tombstone ratio balancer with ratio = 0.400000
1484256391.860081029 LargeBlockOfMemory.h:241 in mmapGigabyteAligned NOTICE[1]: Populating pages; progress 0 of 512 MB
1484256392.125632876 Server.cc:155 in createAndRegisterServices NOTICE[1]: Starting backup service
1484256392.129625455 MultiFileStorage.cc:1021 in MultiFileStorage NOTICE[1]: Backup storage opened with 34359738368 bytes available; allocated 4096 frame(s) across 2 file(s) with 8388608 bytes per frame
1484256392.566708152 BackupStorage.cc:68 in benchmark NOTICE[1]: Backup storage speeds (min): 85 MB/s read
1484256392.566714198 BackupStorage.cc:69 in benchmark NOTICE[1]: Backup storage speeds (avg): 333 MB/s read,
1484256392.566715572 BackupStorage.cc:75 in benchmark NOTICE[1]: RANDOM_REFINE_AVG BackupStrategy selected
1484256392.568097871 BackupService.cc:92 in BackupService NOTICE[1]: Cluster '__unnamed__'; ignoring existing backup storage. Any replicas stored will not be reusable by future backups. Specify clusterName for persistence across backup restarts.
1484256392.568103279 Server.cc:159 in createAndRegisterServices NOTICE[1]: Backup service started
1484256392.568105636 Server.cc:88 in run NOTICE[1]: Services started
1484256392.568106607 Server.cc:93 in run NOTICE[1]: Pinning memory
1484256393.592689925 Server.cc:95 in run NOTICE[1]: Memory pinned
1484256393.592823884 MemoryMonitor.cc:62 in handleTimerEvent NOTICE[5]: Memory usage now 8936 MB (increased 8822 MB)
1484256393.592835505 Server.cc:192 in enlist NOTICE[5]: Enlisting with cooordinator
1484256393.592881174 UdpDriver.cc:88 in UdpDriver NOTICE[5]: UdpDriver bandwidth: 10 Gbits/sec, maxTransmitQueueSize: 2800 bytes
1484256393.592905873 UdpDriver.cc:119 in UdpDriver NOTICE[5]: UdpDriver using port 0
1484256393.595170280 BasicTransport.cc:102 in BasicTransport NOTICE[5]: BasicTransport parameters: maxDataPerPacket 1374, roundTripBytes 9618, grantIncrement 6870, pingIntervals 3, timeoutIntervals 40, timerInterval 2.00 ms
1484256393.595482830 CoordinatorSession.cc:105 in getSession NOTICE[5]: Opened session with coordinator at basic+udp:host=128.110.96.124,port=12246
1484256393.595864647 AdminService.cc:120 in getServerId NOTICE[8]: Returning invalid server id
1484256393.595896888 Server.cc:199 in enlist NOTICE[5]: Enlisted; serverId 6.0
1484256393.595899230 MasterService.cc:822 in initOnceEnlisted NOTICE[5]: My server ID is 6.0
1484256393.598166028 ServerList.cc:188 in applyServerList NOTICE[8]: Server 1.0 is up (server list version 13)
1484256393.598177902 ServerList.cc:188 in applyServerList NOTICE[8]: Server 2.0 is up (server list version 13)
1484256393.598181070 ServerList.cc:188 in applyServerList NOTICE[8]: Server 3.0 is up (server list version 13)
1484256393.598184242 ServerList.cc:188 in applyServerList NOTICE[8]: Server 4.0 is up (server list version 13)
1484256393.598186805 ServerList.cc:188 in applyServerList NOTICE[8]: Server 5.0 is up (server list version 13)
1484256393.598189233 ServerList.cc:188 in applyServerList NOTICE[8]: Server 6.0 is up (server list version 13)
1484256393.598191662 ServerList.cc:188 in applyServerList NOTICE[8]: Server 7.0 is up (server list version 13)
1484256393.600324432 BackupService.cc:323 in initOnceEnlisted NOTICE[5]: My server ID is 6.0
1484256393.600346751 LogCleaner.cc:199 in cleanerThreadEntry NOTICE[9]: LogCleaner thread started
1484256393.636099588 BackupService.cc:330 in initOnceEnlisted NOTICE[5]: Backup 6.0 will store replicas under cluster name '__unnamed__'
1484256393.638319673 FailureDetector.cc:104 in detectorThreadEntry NOTICE[10]: Failure detector thread started
1484256453.079389389 MultiFileStorage.cc:723 in unlockedWrite WARNING[11]: Slow write to replica storage on device 1: 321.5 ms for 12288 bytes
1484256454.492791871 MultiFileStorage.cc:723 in unlockedWrite WARNING[11]: Slow write to replica storage on device 1: 105.0 ms for 63488 bytes
1484256457.135852425 MultiFileStorage.cc:723 in unlockedWrite WARNING[11]: Slow write to replica storage on device 1: 313.2 ms for 11776 bytes
1484256492.773222226 MultiFileStorage.cc:723 in unlockedWrite WARNING[11]: Slow write to replica storage on device 1: 105.6 ms for 70656 bytes
1484256501.727643526 MultiFileStorage.cc:723 in unlockedWrite WARNING[11]: Slow write to replica storage on device 1: 100.8 ms for 144896 bytes
1484256523.682585119 MultiFileStorage.cc:723 in unlockedWrite WARNING[11]: Slow write to replica storage on device 1: 110.0 ms for 124928 bytes
1484256527.759695158 MultiFileStorage.cc:723 in unlockedWrite WARNING[11]: Slow write to replica storage on device 1: 126.4 ms for 3584 bytes
1484256529.381971527 MultiFileStorage.cc:723 in unlockedWrite WARNING[11]: Slow write to replica storage on device 1: 101.4 ms for 165888 bytes
1484256543.216848247 MultiFileStorage.cc:723 in unlockedWrite WARNING[11]: Slow write to replica storage on device 1: 102.9 ms for 125952 bytes
1484256550.533059883 MultiFileStorage.cc:723 in unlockedWrite WARNING[11]: Slow write to replica storage on device 1: 101.1 ms for 51712 bytes
1484256552.170897918 MultiFileStorage.cc:723 in unlockedWrite WARNING[11]: Slow write to replica storage on device 1: 109.4 ms for 39424 bytes
1484256560.310485559 MultiFileStorage.cc:723 in unlockedWrite WARNING[11]: Slow write to replica storage on device 1: 119.8 ms for 38912 bytes
1484256562.728621384 MultiFileStorage.cc:723 in unlockedWrite WARNING[11]: Slow write to replica storage on device 1: 119.8 ms for 24576 bytes
1484256565.968274297 MultiFileStorage.cc:723 in unlockedWrite WARNING[11]: Slow write to replica storage on device 1: 117.7 ms for 5120 bytes
1484256570.043324176 MultiFileStorage.cc:723 in unlockedWrite WARNING[11]: Slow write to replica storage on device 1: 120.0 ms for 6656 bytes
1484256582.232970033 MultiFileStorage.cc:723 in unlockedWrite WARNING[11]: Slow write to replica storage on device 1: 100.9 ms for 183808 bytes
1484256587.926569443 MultiFileStorage.cc:723 in unlockedWrite WARNING[11]: Slow write to replica storage on device 1: 122.6 ms for 1024 bytes
1484256592.006664725 MultiFileStorage.cc:723 in unlockedWrite WARNING[11]: Slow write to replica storage on device 1: 138.7 ms for 84480 bytes
1484256601.757529056 MultiFileStorage.cc:723 in unlockedWrite WARNING[11]: Slow write to replica storage on device 1: 107.7 ms for 38400 bytes
1484256609.079238056 MultiFileStorage.cc:723 in unlockedWrite WARNING[11]: Slow write to replica storage on device 1: 111.5 ms for 25088 bytes
1484256612.329964191 MultiFileStorage.cc:723 in unlockedWrite WARNING[11]: Slow write to replica storage on device 1: 109.2 ms for 38912 bytes
1484256613.959620091 MultiFileStorage.cc:723 in unlockedWrite WARNING[11]: Slow write to replica storage on device 1: 108.0 ms for 102400 bytes
1484256622.105709550 MultiFileStorage.cc:723 in unlockedWrite WARNING[11]: Slow write to replica storage on device 1: 110.5 ms for 99328 bytes
1484256628.591691051 TimeTrace.cc:189 in printInternal NOTICE[8]: No time trace events to print
1484256628.592096329 CacheTrace.cc:113 in printInternal NOTICE[8]: No cache trace events to print
