1484255468.650416647 RamCloud.cc:70 in RamCloud NOTICE[1]: Connecting to basic+udp:host=128.110.96.124,port=12246
1484255468.650628084 UdpDriver.cc:88 in UdpDriver NOTICE[1]: UdpDriver bandwidth: 10 Gbits/sec, maxTransmitQueueSize: 2800 bytes
1484255468.650654545 UdpDriver.cc:119 in UdpDriver NOTICE[1]: UdpDriver using port 0
1484255468.650779372 BasicTransport.cc:102 in BasicTransport NOTICE[1]: BasicTransport parameters: maxDataPerPacket 1374, roundTripBytes 9618, grantIncrement 6870, pingIntervals 3, timeoutIntervals 40, timerInterval 2.00 ms
1484255468.650885158 CoordinatorSession.cc:105 in getSession NOTICE[1]: Opened session with coordinator at basic+udp:host=128.110.96.124,port=12246
1484255468.652360955 ClusterPerf.cc:369 in WorkloadGenerator NOTICE[1]: >>> Workload: YCSB-B
1484255468.652374769 ClusterPerf.cc:370 in WorkloadGenerator NOTICE[1]: >>> Record Count: 10000000
1484255468.652377669 ClusterPerf.cc:371 in WorkloadGenerator NOTICE[1]: >>> Record Size: 100
1484255468.652380102 ClusterPerf.cc:373 in WorkloadGenerator NOTICE[1]: >>> Total Table Size: 953 MB
1484255468.652382425 ClusterPerf.cc:374 in WorkloadGenerator NOTICE[1]: >>> Read Percentage: 95
1484255468.652384639 ClusterPerf.cc:375 in WorkloadGenerator NOTICE[1]: >>> Migrate Percentage: 100
1484255469.946552920 InfUdDriver.cc:125 in InfUdDriver NOTICE[1]: InfUdDriver bandwidth: 32 Gbits/sec, maxTransmitQueueSize: 8000 bytes
1484255469.963554333 InfUdDriver.cc:148 in InfUdDriver NOTICE[1]: Initialized InfUdDriver buffers: 50000 receive buffers (97 MB), 50 transmit buffers (0 MB), took 15.6 ms
1484255469.964708770 InfUdDriver.cc:601 in refillReceiver NOTICE[1]: 1000 receive buffers now in use (2.0%)
1484255469.964942776 BasicTransport.cc:102 in BasicTransport NOTICE[1]: BasicTransport parameters: maxDataPerPacket 1982, roundTripBytes 29730, grantIncrement 9910, pingIntervals 3, timeoutIntervals 40, timerInterval 2.00 ms
1484255498.426675478 ClientLeaseAgent.cc:54 in getLease NOTICE[1]: Blocked waiting for lease to renew.
1484255503.478523101 RpcWrapper.cc:220 in isReady NOTICE[1]: Server basic+infud:host=server-0.infud-migrate.ramcloud-PG0.apt.emulab.net,lid=44,qpn=609 returned STATUS_RETRY from WRITE request: Tablet is currently locked for migration!
1484255503.478523101 ClientLeaseAgent.cc:54 in getLease NOTICE[1]: (1390 duplicates of this message were skipped) Blocked waiting for lease to renew.
1484255698.421953342 ObjectRpcWrapper.cc:95 in checkStatus NOTICE[1]: Server basic+infud:host=server-0.infud-migrate.ramcloud-PG0.apt.emulab.net,lid=44,qpn=609 doesn't store <1, 0x57336a662f1e4cac>; refreshing object map
1484255698.421953342 RpcWrapper.cc:220 in isReady NOTICE[1]: (20 duplicates of this message were skipped) Server basic+infud:host=server-0.infud-migrate.ramcloud-PG0.apt.emulab.net,lid=44,qpn=609 returned STATUS_RETRY from WRITE request: Tablet is currently locked for migration!
1484255703.108603667 ClusterPerf.cc:512 in run WARNING[1]: Actual OPS 48902 / Target OPS 48900
1484255703.108613644 ClusterPerf.cc:515 in run WARNING[1]: 5185432 Misses / 9781150 Total -- 9292418/488732 R/W
1484255703.179078175 TimeTrace.cc:189 in printInternal NOTICE[1]: No time trace events to print
