1484255457.227505320 ServerMain.cc:251 in main NOTICE[1]: Command line: /users/anirajk/RAMCloud/obj.master/server -C basic+udp:host=128.110.96.124,port=12246 -L basic+infud:host=server-0.infud-migrate.ramcloud-PG0.apt.emulab.net -r 3 -l NOTICE --clusterName __unnamed__ --logFile logs/20170112141044/server1.server-0.infud-migrate.ramcloud-PG0.apt.emulab.net.log --preferredIndex 1 --totalMasterMemory=8000 --segmentFrames=4096 -f /dev/sda4,/dev/sdb
1484255457.227530145 ServerMain.cc:252 in main NOTICE[1]: Server process id: 4522
1484255457.227762848 InfUdDriver.cc:125 in InfUdDriver NOTICE[1]: InfUdDriver bandwidth: 32 Gbits/sec, maxTransmitQueueSize: 8000 bytes
1484255457.265459022 InfUdDriver.cc:148 in InfUdDriver NOTICE[1]: Initialized InfUdDriver buffers: 50000 receive buffers (97 MB), 50 transmit buffers (0 MB), took 35.7 ms
1484255457.266728512 InfUdDriver.cc:187 in InfUdDriver NOTICE[1]: Locator for InfUdDriver: basic+infud:host=server-0.infud-migrate.ramcloud-PG0.apt.emulab.net,lid=44,qpn=609
1484255457.266771436 InfUdDriver.cc:601 in refillReceiver NOTICE[1]: 1000 receive buffers now in use (2.0%)
1484255457.266922762 BasicTransport.cc:102 in BasicTransport NOTICE[1]: BasicTransport parameters: maxDataPerPacket 1982, roundTripBytes 29730, grantIncrement 9910, pingIntervals 3, timeoutIntervals 40, timerInterval 2.00 ms
1484255457.266958156 ServerMain.cc:284 in main NOTICE[1]: MASTER_SERVICE, BACKUP_SERVICE, ADMIN_SERVICE: Listening on basic+infud:host=server-0.infud-migrate.ramcloud-PG0.apt.emulab.net,lid=44,qpn=609
1484255457.267691429 ServerMain.cc:324 in main NOTICE[1]: Using 3 backups
1484255457.267704284 ServerConfig.h:570 in setLogAndHashTableSize NOTICE[1]: Master to allocate 8388608000 bytes total, 838860800 of which are for the hash table
1484255457.267706747 ServerConfig.h:572 in setLogAndHashTableSize NOTICE[1]: Master will have 900 segments and 13107200 lines in the hash table
1484255457.267708348 ServerConfig.h:576 in setLogAndHashTableSize NOTICE[1]: Hash table will have one entry for every 72 bytes in the log
1484255457.267709973 ServerMain.cc:329 in main NOTICE[1]: PortTimeOut=-1
1484255457.267711830 PortAlarm.cc:160 in setPortTimeout NOTICE[1]: Set PortTimeout to -1 (ms: -1 to disable.)
1484255457.268458291 MemoryMonitor.cc:62 in handleTimerEvent NOTICE[3]: Memory usage now 114 MB (increased 114 MB)
1484255457.268561403 Server.cc:86 in run NOTICE[1]: Starting services
1484255457.268569803 Server.cc:150 in createAndRegisterServices NOTICE[1]: Master is using 3 backups
1484255457.268596737 LargeBlockOfMemory.h:241 in mmapGigabyteAligned NOTICE[1]: Populating pages; progress 0 of 7200 MB
1484255457.710461728 LargeBlockOfMemory.h:241 in mmapGigabyteAligned NOTICE[1]: Populating pages; progress 1024 of 7200 MB
1484255458.130970463 LargeBlockOfMemory.h:241 in mmapGigabyteAligned NOTICE[1]: Populating pages; progress 2048 of 7200 MB
1484255458.549806514 LargeBlockOfMemory.h:241 in mmapGigabyteAligned NOTICE[1]: Populating pages; progress 3072 of 7200 MB
1484255458.968860486 LargeBlockOfMemory.h:241 in mmapGigabyteAligned NOTICE[1]: Populating pages; progress 4096 of 7200 MB
1484255459.385385061 LargeBlockOfMemory.h:241 in mmapGigabyteAligned NOTICE[1]: Populating pages; progress 5120 of 7200 MB
1484255459.803787213 LargeBlockOfMemory.h:241 in mmapGigabyteAligned NOTICE[1]: Populating pages; progress 6144 of 7200 MB
1484255460.215165405 LargeBlockOfMemory.h:241 in mmapGigabyteAligned NOTICE[1]: Populating pages; progress 7168 of 7200 MB
1484255460.235063332 SegletAllocator.cc:162 in initializeEmergencyHeadReserve NOTICE[1]: Reserved 256 seglets for emergency head segments (16 MB). 114944 seglets (7184 MB) left in default pool.
1484255460.553185490 InfUdDriver.cc:312 in registerMemory NOTICE[1]: Created zero-copy region with 7549747200 bytes at 0x40000000
1484255460.553259438 SegletAllocator.cc:197 in initializeCleanerReserve NOTICE[1]: Reserved 1920 seglets for the cleaner (120 MB). 113024 seglets (7064 MB) left in default pool.
1484255460.553289217 LogCleaner.cc:798 in TombstoneRatioBalancer NOTICE[1]: Using tombstone ratio balancer with ratio = 0.400000
1484255460.553334110 LargeBlockOfMemory.h:241 in mmapGigabyteAligned NOTICE[1]: Populating pages; progress 0 of 512 MB
1484255460.797461670 Server.cc:155 in createAndRegisterServices NOTICE[1]: Starting backup service
1484255460.800864733 MultiFileStorage.cc:1021 in MultiFileStorage NOTICE[1]: Backup storage opened with 34359738368 bytes available; allocated 4096 frame(s) across 2 file(s) with 8388608 bytes per frame
1484255467.396758595 BackupStorage.cc:68 in benchmark NOTICE[1]: Backup storage speeds (min): 1 MB/s read
1484255467.396765123 BackupStorage.cc:69 in benchmark NOTICE[1]: Backup storage speeds (avg): 319 MB/s read,
1484255467.396766434 BackupStorage.cc:75 in benchmark NOTICE[1]: RANDOM_REFINE_AVG BackupStrategy selected
1484255467.400426190 BackupService.cc:92 in BackupService NOTICE[1]: Cluster '__unnamed__'; ignoring existing backup storage. Any replicas stored will not be reusable by future backups. Specify clusterName for persistence across backup restarts.
1484255467.400433543 Server.cc:159 in createAndRegisterServices NOTICE[1]: Backup service started
1484255467.400436905 Server.cc:88 in run NOTICE[1]: Services started
1484255467.400438378 Server.cc:93 in run NOTICE[1]: Pinning memory
1484255468.259505416 Server.cc:95 in run NOTICE[1]: Memory pinned
1484255468.259662667 MemoryMonitor.cc:62 in handleTimerEvent NOTICE[3]: Memory usage now 8945 MB (increased 8831 MB)
1484255468.259672133 Server.cc:192 in enlist NOTICE[3]: Enlisting with cooordinator
1484255468.259718778 UdpDriver.cc:88 in UdpDriver NOTICE[3]: UdpDriver bandwidth: 10 Gbits/sec, maxTransmitQueueSize: 2800 bytes
1484255468.259741817 UdpDriver.cc:119 in UdpDriver NOTICE[3]: UdpDriver using port 0
1484255468.261853474 BasicTransport.cc:102 in BasicTransport NOTICE[3]: BasicTransport parameters: maxDataPerPacket 1374, roundTripBytes 9618, grantIncrement 6870, pingIntervals 3, timeoutIntervals 40, timerInterval 2.00 ms
1484255468.261905094 CoordinatorSession.cc:105 in getSession NOTICE[3]: Opened session with coordinator at basic+udp:host=128.110.96.124,port=12246
1484255468.262285002 Server.cc:199 in enlist NOTICE[3]: Enlisted; serverId 1.0
1484255468.262288925 MasterService.cc:822 in initOnceEnlisted NOTICE[3]: My server ID is 1.0
1484255468.262393930 ServerList.cc:188 in applyServerList NOTICE[5]: Server 1.0 is up (server list version 7)
1484255468.262406068 ServerList.cc:188 in applyServerList NOTICE[5]: Server 4.0 is up (server list version 7)
1484255468.262409836 ServerList.cc:188 in applyServerList NOTICE[5]: Server 5.0 is up (server list version 7)
1484255468.262412594 ServerList.cc:188 in applyServerList NOTICE[5]: Server 6.0 is up (server list version 7)
1484255468.266168196 BackupService.cc:323 in initOnceEnlisted NOTICE[3]: My server ID is 1.0
1484255468.266188740 LogCleaner.cc:199 in cleanerThreadEntry NOTICE[9]: LogCleaner thread started
1484255468.268547821 ServerList.cc:188 in applyServerList NOTICE[5]: Server 3.0 is up (server list version 8)
1484255468.283979638 BackupService.cc:330 in initOnceEnlisted NOTICE[3]: Backup 1.0 will store replicas under cluster name '__unnamed__'
1484255468.286061512 FailureDetector.cc:104 in detectorThreadEntry NOTICE[10]: Failure detector thread started
1484255468.342527525 ServerList.cc:188 in applyServerList NOTICE[5]: Server 2.0 is up (server list version 9)
1484255468.342539758 BackupService.cc:685 in trackerChangesEnqueued NOTICE[5]: Starting backup replica garbage collector thread
1484255468.344618208 ServerList.cc:188 in applyServerList NOTICE[5]: Server 3.0 is up (server list version 10)
1484255468.344629943 ServerList.cc:188 in applyServerList NOTICE[5]: Server 2.0 is up (server list version 11)
1484255468.344637722 ServerList.cc:188 in applyServerList NOTICE[5]: Server 1.0 is up (server list version 12)
1484255468.356456563 ServerList.cc:188 in applyServerList NOTICE[5]: Server 7.0 is up (server list version 13)
1484255468.636784821 MasterService.cc:2447 in takeTabletOwnership NOTICE[5]: Took ownership of new tablet [0x0,0xffffffffffffffff] in tableId 1
1484255486.147283305 HashTable.cc:379 in insert NOTICE[5]: Allocating overflow bucket 1 for index 7111400
1484255491.636838775 HashTable.cc:379 in insert NOTICE[7]: (2 duplicates of this message were skipped) Allocating overflow bucket 1 for index 4657397
1484255496.770370870 HashTable.cc:379 in insert NOTICE[8]: (10 duplicates of this message were skipped) Allocating overflow bucket 1 for index 6405434
1484255499.428984389 MasterService.cc:1123 in migrateTablet NOTICE[7]: Migrating tablet [0x0,0xffffffffffffffff] in tableId 1 to server 2.0 at basic+infud:host=server-1.infud-migrate.ramcloud-PG0.apt.emulab.net,lid=69,qpn=656
1484255647.773036612 Buffer.cc:481 in getNewAllocation NOTICE[6]: buffer has consumed 4000 bytes of extra storage, current allocation: 4000 bytes
1484255647.773036612 HashTable.cc:379 in insert NOTICE[5]: (12 duplicates of this message were skipped) Allocating overflow bucket 1 for index 7111400
1484255703.108759951 MasterService.cc:348 in dropTabletOwnership NOTICE[8]: Dropped ownership of (or did not own) tablet [0x0,0xffffffffffffffff] in tableId 1
1484255703.514220048 TimeTrace.cc:189 in printInternal NOTICE[8]: No time trace events to print
1484255703.514586579 CacheTrace.cc:113 in printInternal NOTICE[8]: No cache trace events to print
