1484255750.016528846 ServerMain.cc:251 in main NOTICE[1]: Command line: /users/anirajk/RAMCloud/obj.master/server -C basic+udp:host=128.110.96.124,port=12246 -L basic+infud:host=server-4.infud-migrate.ramcloud-PG0.apt.emulab.net -r 0 -l NOTICE --clusterName __unnamed__ --logFile logs/20170112141538/server5.server-4.infud-migrate.ramcloud-PG0.apt.emulab.net.log --preferredIndex 5 --totalMasterMemory=8000 --segmentFrames=4096 -f /dev/sda4,/dev/sdb
1484255750.016584795 ServerMain.cc:252 in main NOTICE[1]: Server process id: 73739
1484255750.016875976 InfUdDriver.cc:125 in InfUdDriver NOTICE[1]: InfUdDriver bandwidth: 32 Gbits/sec, maxTransmitQueueSize: 8000 bytes
1484255750.059908709 InfUdDriver.cc:148 in InfUdDriver NOTICE[1]: Initialized InfUdDriver buffers: 50000 receive buffers (97 MB), 50 transmit buffers (0 MB), took 40.6 ms
1484255750.061082899 InfUdDriver.cc:187 in InfUdDriver NOTICE[1]: Locator for InfUdDriver: basic+infud:host=server-4.infud-migrate.ramcloud-PG0.apt.emulab.net,lid=110,qpn=592
1484255750.061135616 InfUdDriver.cc:601 in refillReceiver NOTICE[1]: 1000 receive buffers now in use (2.0%)
1484255750.061298132 BasicTransport.cc:102 in BasicTransport NOTICE[1]: BasicTransport parameters: maxDataPerPacket 1982, roundTripBytes 29730, grantIncrement 9910, pingIntervals 3, timeoutIntervals 40, timerInterval 2.00 ms
1484255750.061337324 ServerMain.cc:284 in main NOTICE[1]: MASTER_SERVICE, BACKUP_SERVICE, ADMIN_SERVICE: Listening on basic+infud:host=server-4.infud-migrate.ramcloud-PG0.apt.emulab.net,lid=110,qpn=592
1484255750.062238408 ServerMain.cc:324 in main NOTICE[1]: Using 0 backups
1484255750.062254706 ServerConfig.h:570 in setLogAndHashTableSize NOTICE[1]: Master to allocate 8388608000 bytes total, 838860800 of which are for the hash table
1484255750.062258073 ServerConfig.h:572 in setLogAndHashTableSize NOTICE[1]: Master will have 900 segments and 13107200 lines in the hash table
1484255750.062260120 ServerConfig.h:576 in setLogAndHashTableSize NOTICE[1]: Hash table will have one entry for every 72 bytes in the log
1484255750.062262376 ServerMain.cc:329 in main NOTICE[1]: PortTimeOut=-1
1484255750.062264607 PortAlarm.cc:160 in setPortTimeout NOTICE[1]: Set PortTimeout to -1 (ms: -1 to disable.)
1484255750.062522588 MemoryMonitor.cc:62 in handleTimerEvent NOTICE[4]: Memory usage now 112 MB (increased 112 MB)
1484255750.063228870 Server.cc:86 in run NOTICE[1]: Starting services
1484255750.063239063 Server.cc:150 in createAndRegisterServices NOTICE[1]: Master is using 0 backups
1484255750.063286462 LargeBlockOfMemory.h:241 in mmapGigabyteAligned NOTICE[1]: Populating pages; progress 0 of 7200 MB
1484255750.515390157 LargeBlockOfMemory.h:241 in mmapGigabyteAligned NOTICE[1]: Populating pages; progress 1024 of 7200 MB
1484255750.929162480 LargeBlockOfMemory.h:241 in mmapGigabyteAligned NOTICE[1]: Populating pages; progress 2048 of 7200 MB
1484255751.336335093 LargeBlockOfMemory.h:241 in mmapGigabyteAligned NOTICE[1]: Populating pages; progress 3072 of 7200 MB
1484255751.743372820 LargeBlockOfMemory.h:241 in mmapGigabyteAligned NOTICE[1]: Populating pages; progress 4096 of 7200 MB
1484255752.149405998 LargeBlockOfMemory.h:241 in mmapGigabyteAligned NOTICE[1]: Populating pages; progress 5120 of 7200 MB
1484255752.555668890 LargeBlockOfMemory.h:241 in mmapGigabyteAligned NOTICE[1]: Populating pages; progress 6144 of 7200 MB
1484255752.962614831 LargeBlockOfMemory.h:241 in mmapGigabyteAligned NOTICE[1]: Populating pages; progress 7168 of 7200 MB
1484255752.982355603 SegletAllocator.cc:162 in initializeEmergencyHeadReserve NOTICE[1]: Reserved 256 seglets for emergency head segments (16 MB). 114944 seglets (7184 MB) left in default pool.
1484255753.286208939 InfUdDriver.cc:312 in registerMemory NOTICE[1]: Created zero-copy region with 7549747200 bytes at 0x40000000
1484255753.286295766 SegletAllocator.cc:197 in initializeCleanerReserve NOTICE[1]: Reserved 1920 seglets for the cleaner (120 MB). 113024 seglets (7064 MB) left in default pool.
1484255753.286306321 LogCleaner.cc:92 in LogCleaner NOTICE[1]: Replication factor is 0; memory compaction disabled.
1484255753.286333516 LogCleaner.cc:798 in TombstoneRatioBalancer NOTICE[1]: Using tombstone ratio balancer with ratio = 0.400000
1484255753.286385903 LargeBlockOfMemory.h:241 in mmapGigabyteAligned NOTICE[1]: Populating pages; progress 0 of 512 MB
1484255753.533119509 Server.cc:155 in createAndRegisterServices NOTICE[1]: Starting backup service
1484255753.536560009 MultiFileStorage.cc:1021 in MultiFileStorage NOTICE[1]: Backup storage opened with 34359738368 bytes available; allocated 4096 frame(s) across 2 file(s) with 8388608 bytes per frame
1484255753.921179198 BackupStorage.cc:68 in benchmark NOTICE[1]: Backup storage speeds (min): 225 MB/s read
1484255753.921185016 BackupStorage.cc:69 in benchmark NOTICE[1]: Backup storage speeds (avg): 337 MB/s read,
1484255753.921186118 BackupStorage.cc:75 in benchmark NOTICE[1]: RANDOM_REFINE_AVG BackupStrategy selected
1484255753.922200612 BackupService.cc:92 in BackupService NOTICE[1]: Cluster '__unnamed__'; ignoring existing backup storage. Any replicas stored will not be reusable by future backups. Specify clusterName for persistence across backup restarts.
1484255753.922205406 Server.cc:159 in createAndRegisterServices NOTICE[1]: Backup service started
1484255753.922207169 Server.cc:88 in run NOTICE[1]: Services started
1484255753.922207881 Server.cc:93 in run NOTICE[1]: Pinning memory
1484255754.760443116 Server.cc:95 in run NOTICE[1]: Memory pinned
1484255754.762006192 MemoryMonitor.cc:62 in handleTimerEvent NOTICE[4]: Memory usage now 8936 MB (increased 8824 MB)
1484255754.762015290 Server.cc:192 in enlist NOTICE[4]: Enlisting with cooordinator
1484255754.762061848 UdpDriver.cc:88 in UdpDriver NOTICE[4]: UdpDriver bandwidth: 10 Gbits/sec, maxTransmitQueueSize: 2800 bytes
1484255754.762085225 UdpDriver.cc:119 in UdpDriver NOTICE[4]: UdpDriver using port 0
1484255754.764629069 BasicTransport.cc:102 in BasicTransport NOTICE[4]: BasicTransport parameters: maxDataPerPacket 1374, roundTripBytes 9618, grantIncrement 6870, pingIntervals 3, timeoutIntervals 40, timerInterval 2.00 ms
1484255754.764908330 CoordinatorSession.cc:105 in getSession NOTICE[4]: Opened session with coordinator at basic+udp:host=128.110.96.124,port=12246
1484255754.765377368 Server.cc:199 in enlist NOTICE[4]: Enlisted; serverId 5.0
1484255754.765381101 MasterService.cc:822 in initOnceEnlisted NOTICE[4]: My server ID is 5.0
1484255754.769384569 BackupService.cc:323 in initOnceEnlisted NOTICE[4]: My server ID is 5.0
1484255754.769396925 LogCleaner.cc:199 in cleanerThreadEntry NOTICE[9]: LogCleaner thread started
1484255754.783950123 ServerList.cc:188 in applyServerList NOTICE[7]: Server 5.0 is up (server list version 1)
1484255754.784046299 ServerList.cc:188 in applyServerList NOTICE[7]: Server 3.0 is up (server list version 2)
1484255754.788763685 BackupService.cc:330 in initOnceEnlisted NOTICE[4]: Backup 5.0 will store replicas under cluster name '__unnamed__'
1484255754.789978701 ServerList.cc:188 in applyServerList NOTICE[7]: Server 7.0 is up (server list version 3)
1484255754.789986394 BackupService.cc:685 in trackerChangesEnqueued NOTICE[7]: Starting backup replica garbage collector thread
1484255754.790902164 FailureDetector.cc:104 in detectorThreadEntry NOTICE[10]: Failure detector thread started
1484255754.792826833 ServerList.cc:188 in applyServerList NOTICE[7]: Server 7.0 is up (server list version 4)
1484255754.792841330 ServerList.cc:188 in applyServerList NOTICE[7]: Server 5.0 is up (server list version 5)
1484255754.792847295 ServerList.cc:188 in applyServerList NOTICE[7]: Server 3.0 is up (server list version 6)
1484255754.830493412 ServerList.cc:188 in applyServerList NOTICE[7]: Server 1.0 is up (server list version 7)
1484255754.840155870 ServerList.cc:188 in applyServerList NOTICE[7]: Server 2.0 is up (server list version 8)
1484255754.887208404 ServerList.cc:188 in applyServerList NOTICE[7]: Server 4.0 is up (server list version 9)
1484255754.887218748 ServerList.cc:188 in applyServerList NOTICE[7]: Server 4.0 is up (server list version 10)
1484255754.887237649 ServerList.cc:188 in applyServerList NOTICE[7]: Server 2.0 is up (server list version 11)
1484255754.887242920 ServerList.cc:188 in applyServerList NOTICE[7]: Server 1.0 is up (server list version 12)
1484255755.481962719 ServerList.cc:188 in applyServerList NOTICE[7]: Server 6.0 is up (server list version 13)
1484255988.377945529 TimeTrace.cc:189 in printInternal NOTICE[6]: No time trace events to print
1484255988.378288368 CacheTrace.cc:113 in printInternal NOTICE[6]: No cache trace events to print
