1484256963.701694477 CoordinatorMain.cc:96 in main NOTICE[1]: Command line: /users/anirajk/RAMCloud/obj.master/coordinator -C basic+udp:host=128.110.96.124,port=12246 -l NOTICE --logFile logs/20170112143552/coordinator.client-16.infud-migrate.ramcloud-PG0.apt.emulab.net.log
1484256963.701730644 CoordinatorMain.cc:97 in main NOTICE[1]: Coordinator process id: 30779
1484256963.721410109 UdpDriver.cc:88 in UdpDriver NOTICE[1]: UdpDriver bandwidth: 10 Gbits/sec, maxTransmitQueueSize: 2800 bytes
1484256963.723471400 BasicTransport.cc:102 in BasicTransport NOTICE[1]: BasicTransport parameters: maxDataPerPacket 1374, roundTripBytes 9618, grantIncrement 6870, pingIntervals 3, timeoutIntervals 40, timerInterval 2.00 ms
1484256963.723496273 CoordinatorMain.cc:108 in main NOTICE[1]: coordinator: Listening on basic+udp:host=128.110.96.124,port=12246
1484256963.723500400 CoordinatorMain.cc:111 in main NOTICE[1]: PortTimeOut=-1
1484256963.723505503 PortAlarm.cc:160 in setPortTimeout NOTICE[1]: Set PortTimeout to -1 (ms: -1 to disable.)
1484256963.723520060 CoordinatorMain.cc:138 in main NOTICE[1]: Cluster name is 'main', external storage workspace is '/ramcloud/main/'
1484256963.726536408 CoordinatorClusterClock.cc:159 in recoverClusterTime WARNING[1]: couldn't find "coordinatorClusterClock" object in external storage; starting new clock from zero; benign if starting new cluster from scratch, may cause linearizability failures otherwise
1484256963.726550701 CoordinatorClusterClock.cc:164 in recoverClusterTime NOTICE[1]: initializing CoordinatorClusterClock: startingClusterTime = 0
1484256963.729050654 UdpDriver.cc:322 in readerThreadMain NOTICE[8]: dispatch thread not keeping up with UdpDriver packet reader
1484256963.729097421 CoordinatorUpdateManager.cc:68 in init WARNING[9]: couldn't find "coordinatorUpdateManager" object in external storage; starting new cluster from scratch
1484256963.729115324 MemoryMonitor.cc:62 in handleTimerEvent NOTICE[10]: Memory usage now 91 MB (increased 91 MB)
1484256963.730247111 CoordinatorServerList.cc:401 in recover NOTICE[9]: CoordinatorServerList recovery completed: 0 master(s), 0 backup(s), 0 update(s) to disseminate, server list version is 0
1484256963.730265921 TableManager.cc:764 in recover NOTICE[9]: Table recovery complete: 0 table(s)
1484256963.730291014 CoordinatorService.cc:112 in init NOTICE[9]: Coordinator state has been recovered from external storage; starting service
1484256964.729191384 MemoryMonitor.cc:62 in handleTimerEvent NOTICE[10]: Memory usage now 107 MB (increased 16 MB)
1484256970.160353129 CoordinatorServerList.cc:148 in enlistServer NOTICE[7]: Enlisting server at basic+infud:host=server-0.infud-migrate.ramcloud-PG0.apt.emulab.net,lid=44,qpn=613 (server id 1.0) supporting services: MASTER_SERVICE, BACKUP_SERVICE, ADMIN_SERVICE
1484256970.160509252 InfUdDriver.cc:125 in InfUdDriver NOTICE[11]: InfUdDriver bandwidth: 32 Gbits/sec, maxTransmitQueueSize: 8000 bytes
1484256970.164215193 UdpDriver.cc:322 in readerThreadMain NOTICE[8]: dispatch thread not keeping up with UdpDriver packet reader
1484256970.180751116 InfUdDriver.cc:148 in InfUdDriver NOTICE[11]: Initialized InfUdDriver buffers: 50000 receive buffers (97 MB), 50 transmit buffers (0 MB), took 18.7 ms
1484256970.181935508 InfUdDriver.cc:601 in refillReceiver NOTICE[11]: 1000 receive buffers now in use (2.0%)
1484256970.182085032 BasicTransport.cc:102 in BasicTransport NOTICE[11]: BasicTransport parameters: maxDataPerPacket 1982, roundTripBytes 29730, grantIncrement 9910, pingIntervals 3, timeoutIntervals 40, timerInterval 2.00 ms
1484256970.182142109 CoordinatorServerList.cc:148 in enlistServer NOTICE[7]: Enlisting server at basic+infud:host=server-4.infud-migrate.ramcloud-PG0.apt.emulab.net,lid=110,qpn=595 (server id 5.0) supporting services: MASTER_SERVICE, BACKUP_SERVICE, ADMIN_SERVICE
1484256970.182493479 CoordinatorServerList.cc:148 in enlistServer NOTICE[5]: Enlisting server at basic+infud:host=server-7.infud-migrate.ramcloud-PG0.apt.emulab.net,lid=67,qpn=594 (server id 7.0) supporting services: MASTER_SERVICE, BACKUP_SERVICE, ADMIN_SERVICE
1484256970.182520904 CoordinatorServerList.cc:772 in createReplicationGroups NOTICE[5]: Server 7.0 is now in replication group 1
1484256970.182531572 CoordinatorServerList.cc:772 in createReplicationGroups NOTICE[5]: Server 5.0 is now in replication group 1
1484256970.182541121 CoordinatorServerList.cc:772 in createReplicationGroups NOTICE[5]: Server 1.0 is now in replication group 1
1484256970.232275411 CoordinatorServerList.cc:148 in enlistServer NOTICE[5]: Enlisting server at basic+infud:host=server-1.infud-migrate.ramcloud-PG0.apt.emulab.net,lid=69,qpn=660 (server id 2.0) supporting services: MASTER_SERVICE, BACKUP_SERVICE, ADMIN_SERVICE
1484256970.232431148 AbstractServerList.cc:184 in getSession NOTICE[11]: retrying server id check for 2.0: server not yet enlisted
1484256970.278803082 CoordinatorServerList.cc:148 in enlistServer NOTICE[5]: Enlisting server at basic+infud:host=server-2.infud-migrate.ramcloud-PG0.apt.emulab.net,lid=80,qpn=660 (server id 3.0) supporting services: MASTER_SERVICE, BACKUP_SERVICE, ADMIN_SERVICE
1484256970.349096879 CoordinatorServerList.cc:148 in enlistServer NOTICE[5]: Enlisting server at basic+infud:host=server-3.infud-migrate.ramcloud-PG0.apt.emulab.net,lid=22,qpn=620 (server id 4.0) supporting services: MASTER_SERVICE, BACKUP_SERVICE, ADMIN_SERVICE
1484256970.349124288 CoordinatorServerList.cc:772 in createReplicationGroups NOTICE[5]: Server 4.0 is now in replication group 2
1484256970.349135326 CoordinatorServerList.cc:772 in createReplicationGroups NOTICE[5]: Server 3.0 is now in replication group 2
1484256970.349149028 CoordinatorServerList.cc:772 in createReplicationGroups NOTICE[5]: Server 2.0 is now in replication group 2
1484256970.729509391 MemoryMonitor.cc:62 in handleTimerEvent NOTICE[10]: Memory usage now 211 MB (increased 104 MB)
1484256970.892217952 CoordinatorServerList.cc:148 in enlistServer NOTICE[5]: Enlisting server at basic+infud:host=server-5.infud-migrate.ramcloud-PG0.apt.emulab.net,lid=72,qpn=594 (server id 6.0) supporting services: MASTER_SERVICE, BACKUP_SERVICE, ADMIN_SERVICE
1484256971.084129802 TableManager.cc:1031 in createTable NOTICE[5]: Creating table 'data' with id 1
1484256971.084151262 TableManager.cc:1291 in notifyCreate NOTICE[5]: Assigning table id 1, key hashes 0x0-0xffffffffffffffff, to master 1.0
1484256971.085150800 TableManager.cc:1031 in createTable NOTICE[5]: Creating table 'control' with id 2
1484256971.085161305 TableManager.cc:1291 in notifyCreate NOTICE[5]: Assigning table id 2, key hashes 0x0-0xffffffffffffffff, to master 2.0
1484257000.612280939 Buffer.cc:481 in getNewAllocation NOTICE[5]: buffer has consumed 4392 bytes of extra storage, current allocation: 2928 bytes
1484257000.612280939 AbstractServerList.cc:184 in getSession NOTICE[11]: (2 duplicates of this message were skipped) retrying server id check for 2.0: server not yet enlisted
1484257000.612280939 UdpDriver.cc:322 in readerThreadMain NOTICE[8]: (282 duplicates of this message were skipped) dispatch thread not keeping up with UdpDriver packet reader
1484257200.610319833 TableManager.cc:1171 in dropTable NOTICE[5]: Dropping table 'data' with id 1
1484257200.610342252 TableManager.cc:1363 in notifyDropTable NOTICE[5]: Requesting master 1.0 to drop table id 1, key hashes 0x0-0xffffffffffffffff
1484257200.610577332 UdpDriver.cc:322 in readerThreadMain NOTICE[8]: dispatch thread not keeping up with UdpDriver packet reader
