1484256965.414673635 ServerMain.cc:251 in main NOTICE[1]: Command line: /users/anirajk/RAMCloud/obj.master/server -C basic+udp:host=128.110.96.124,port=12246 -L basic+infud:host=server-2.infud-migrate.ramcloud-PG0.apt.emulab.net -r 3 -l NOTICE --clusterName __unnamed__ --logFile logs/20170112143552/server3.server-2.infud-migrate.ramcloud-PG0.apt.emulab.net.log --preferredIndex 3 --totalMasterMemory=8000 --segmentFrames=4096 -f /dev/sda4,/dev/sdb
1484256965.414703234 ServerMain.cc:252 in main NOTICE[1]: Server process id: 91704
1484256965.414956325 InfUdDriver.cc:125 in InfUdDriver NOTICE[1]: InfUdDriver bandwidth: 32 Gbits/sec, maxTransmitQueueSize: 8000 bytes
1484256965.457887933 InfUdDriver.cc:148 in InfUdDriver NOTICE[1]: Initialized InfUdDriver buffers: 50000 receive buffers (97 MB), 50 transmit buffers (0 MB), took 40.5 ms
1484256965.459190722 InfUdDriver.cc:187 in InfUdDriver NOTICE[1]: Locator for InfUdDriver: basic+infud:host=server-2.infud-migrate.ramcloud-PG0.apt.emulab.net,lid=80,qpn=660
1484256965.459241125 InfUdDriver.cc:601 in refillReceiver NOTICE[1]: 1000 receive buffers now in use (2.0%)
1484256965.459400789 BasicTransport.cc:102 in BasicTransport NOTICE[1]: BasicTransport parameters: maxDataPerPacket 1982, roundTripBytes 29730, grantIncrement 9910, pingIntervals 3, timeoutIntervals 40, timerInterval 2.00 ms
1484256965.459438203 ServerMain.cc:284 in main NOTICE[1]: MASTER_SERVICE, BACKUP_SERVICE, ADMIN_SERVICE: Listening on basic+infud:host=server-2.infud-migrate.ramcloud-PG0.apt.emulab.net,lid=80,qpn=660
1484256965.460289338 ServerMain.cc:324 in main NOTICE[1]: Using 3 backups
1484256965.460303792 ServerConfig.h:570 in setLogAndHashTableSize NOTICE[1]: Master to allocate 8388608000 bytes total, 838860800 of which are for the hash table
1484256965.460306782 ServerConfig.h:572 in setLogAndHashTableSize NOTICE[1]: Master will have 900 segments and 13107200 lines in the hash table
1484256965.460308618 ServerConfig.h:576 in setLogAndHashTableSize NOTICE[1]: Hash table will have one entry for every 72 bytes in the log
1484256965.460310502 ServerMain.cc:329 in main NOTICE[1]: PortTimeOut=-1
1484256965.460312404 PortAlarm.cc:160 in setPortTimeout NOTICE[1]: Set PortTimeout to -1 (ms: -1 to disable.)
1484256965.461122959 MemoryMonitor.cc:62 in handleTimerEvent NOTICE[4]: Memory usage now 114 MB (increased 114 MB)
1484256965.461265708 Server.cc:86 in run NOTICE[1]: Starting services
1484256965.461275736 Server.cc:150 in createAndRegisterServices NOTICE[1]: Master is using 3 backups
1484256965.461306437 LargeBlockOfMemory.h:241 in mmapGigabyteAligned NOTICE[1]: Populating pages; progress 0 of 7200 MB
1484256965.911930268 LargeBlockOfMemory.h:241 in mmapGigabyteAligned NOTICE[1]: Populating pages; progress 1024 of 7200 MB
1484256966.327430496 LargeBlockOfMemory.h:241 in mmapGigabyteAligned NOTICE[1]: Populating pages; progress 2048 of 7200 MB
1484256966.738326835 LargeBlockOfMemory.h:241 in mmapGigabyteAligned NOTICE[1]: Populating pages; progress 3072 of 7200 MB
1484256967.147591826 LargeBlockOfMemory.h:241 in mmapGigabyteAligned NOTICE[1]: Populating pages; progress 4096 of 7200 MB
1484256967.557505289 LargeBlockOfMemory.h:241 in mmapGigabyteAligned NOTICE[1]: Populating pages; progress 5120 of 7200 MB
1484256967.968575547 LargeBlockOfMemory.h:241 in mmapGigabyteAligned NOTICE[1]: Populating pages; progress 6144 of 7200 MB
1484256968.376999280 LargeBlockOfMemory.h:241 in mmapGigabyteAligned NOTICE[1]: Populating pages; progress 7168 of 7200 MB
1484256968.396875245 SegletAllocator.cc:162 in initializeEmergencyHeadReserve NOTICE[1]: Reserved 256 seglets for emergency head segments (16 MB). 114944 seglets (7184 MB) left in default pool.
1484256968.717129530 InfUdDriver.cc:312 in registerMemory NOTICE[1]: Created zero-copy region with 7549747200 bytes at 0x40000000
1484256968.717213172 SegletAllocator.cc:197 in initializeCleanerReserve NOTICE[1]: Reserved 1920 seglets for the cleaner (120 MB). 113024 seglets (7064 MB) left in default pool.
1484256968.717244381 LogCleaner.cc:798 in TombstoneRatioBalancer NOTICE[1]: Using tombstone ratio balancer with ratio = 0.400000
1484256968.717291057 LargeBlockOfMemory.h:241 in mmapGigabyteAligned NOTICE[1]: Populating pages; progress 0 of 512 MB
1484256968.975623715 Server.cc:155 in createAndRegisterServices NOTICE[1]: Starting backup service
1484256968.979020993 MultiFileStorage.cc:1021 in MultiFileStorage NOTICE[1]: Backup storage opened with 34359738368 bytes available; allocated 4096 frame(s) across 2 file(s) with 8388608 bytes per frame
1484256969.420874661 BackupStorage.cc:68 in benchmark NOTICE[1]: Backup storage speeds (min): 81 MB/s read
1484256969.420880276 BackupStorage.cc:69 in benchmark NOTICE[1]: Backup storage speeds (avg): 332 MB/s read,
1484256969.420881438 BackupStorage.cc:75 in benchmark NOTICE[1]: RANDOM_REFINE_AVG BackupStrategy selected
1484256969.421919078 BackupService.cc:92 in BackupService NOTICE[1]: Cluster '__unnamed__'; ignoring existing backup storage. Any replicas stored will not be reusable by future backups. Specify clusterName for persistence across backup restarts.
1484256969.421926515 Server.cc:159 in createAndRegisterServices NOTICE[1]: Backup service started
1484256969.421929600 Server.cc:88 in run NOTICE[1]: Services started
1484256969.421930842 Server.cc:93 in run NOTICE[1]: Pinning memory
1484256970.276737647 Server.cc:95 in run NOTICE[1]: Memory pinned
1484256970.276897192 MemoryMonitor.cc:62 in handleTimerEvent NOTICE[4]: Memory usage now 8936 MB (increased 8822 MB)
1484256970.276906505 Server.cc:192 in enlist NOTICE[4]: Enlisting with cooordinator
1484256970.276948509 UdpDriver.cc:88 in UdpDriver NOTICE[4]: UdpDriver bandwidth: 10 Gbits/sec, maxTransmitQueueSize: 2800 bytes
1484256970.276971018 UdpDriver.cc:119 in UdpDriver NOTICE[4]: UdpDriver using port 0
1484256970.279090524 BasicTransport.cc:102 in BasicTransport NOTICE[4]: BasicTransport parameters: maxDataPerPacket 1374, roundTripBytes 9618, grantIncrement 6870, pingIntervals 3, timeoutIntervals 40, timerInterval 2.00 ms
1484256970.279347327 CoordinatorSession.cc:105 in getSession NOTICE[4]: Opened session with coordinator at basic+udp:host=128.110.96.124,port=12246
1484256970.279782168 AdminService.cc:120 in getServerId NOTICE[8]: Returning invalid server id
1484256970.279819459 Server.cc:199 in enlist NOTICE[4]: Enlisted; serverId 3.0
1484256970.279823624 MasterService.cc:822 in initOnceEnlisted NOTICE[4]: My server ID is 3.0
1484256970.283770402 BackupService.cc:323 in initOnceEnlisted NOTICE[4]: My server ID is 3.0
1484256970.283835593 LogCleaner.cc:199 in cleanerThreadEntry NOTICE[9]: LogCleaner thread started
1484256970.283838074 ServerList.cc:188 in applyServerList NOTICE[8]: Server 1.0 is up (server list version 8)
1484256970.283852179 ServerList.cc:188 in applyServerList NOTICE[8]: Server 2.0 is up (server list version 8)
1484256970.283859471 ServerList.cc:188 in applyServerList NOTICE[8]: Server 3.0 is up (server list version 8)
1484256970.283862479 ServerList.cc:188 in applyServerList NOTICE[8]: Server 5.0 is up (server list version 8)
1484256970.283864922 ServerList.cc:188 in applyServerList NOTICE[8]: Server 7.0 is up (server list version 8)
1484256970.298527171 BackupService.cc:330 in initOnceEnlisted NOTICE[4]: Backup 3.0 will store replicas under cluster name '__unnamed__'
1484256970.300587082 FailureDetector.cc:104 in detectorThreadEntry NOTICE[10]: Failure detector thread started
1484256970.350005699 ServerList.cc:188 in applyServerList NOTICE[8]: Server 4.0 is up (server list version 9)
1484256970.350017153 BackupService.cc:685 in trackerChangesEnqueued NOTICE[8]: Starting backup replica garbage collector thread
1484256970.352084505 ServerList.cc:188 in applyServerList NOTICE[8]: Server 4.0 is up (server list version 10)
1484256970.352096211 ServerList.cc:188 in applyServerList NOTICE[8]: Server 3.0 is up (server list version 11)
1484256970.352106047 ServerList.cc:188 in applyServerList NOTICE[8]: Server 2.0 is up (server list version 12)
1484256970.893249632 ServerList.cc:188 in applyServerList NOTICE[8]: Server 6.0 is up (server list version 13)
1484256972.431470789 MultiFileStorage.cc:723 in unlockedWrite WARNING[11]: Slow write to replica storage on device 0: 134.5 ms for 12800 bytes
1484256972.539979121 MultiFileStorage.cc:723 in unlockedWrite WARNING[11]: Slow write to replica storage on device 1: 102.6 ms for 3596800 bytes
1484256999.768457078 MultiFileStorage.cc:723 in unlockedWrite WARNING[11]: Slow write to replica storage on device 1: 214.1 ms for 177664 bytes
1484257007.543809499 MultiFileStorage.cc:723 in unlockedWrite WARNING[11]: Slow write to replica storage on device 1: 131.1 ms for 65536 bytes
1484257017.060873748 MultiFileStorage.cc:723 in unlockedWrite WARNING[11]: Slow write to replica storage on device 1: 140.5 ms for 39424 bytes
1484257019.453973509 MultiFileStorage.cc:723 in unlockedWrite WARNING[11]: Slow write to replica storage on device 1: 149.1 ms for 157184 bytes
1484257023.396050979 MultiFileStorage.cc:723 in unlockedWrite WARNING[11]: Slow write to replica storage on device 1: 132.0 ms for 122880 bytes
1484257025.765096584 MultiFileStorage.cc:723 in unlockedWrite WARNING[11]: Slow write to replica storage on device 1: 116.5 ms for 159744 bytes
1484257027.368378300 MultiFileStorage.cc:723 in unlockedWrite WARNING[11]: Slow write to replica storage on device 1: 148.6 ms for 13312 bytes
1484257033.693683633 MultiFileStorage.cc:723 in unlockedWrite WARNING[11]: Slow write to replica storage on device 1: 147.0 ms for 138752 bytes
1484257036.059839443 MultiFileStorage.cc:723 in unlockedWrite WARNING[11]: Slow write to replica storage on device 1: 160.2 ms for 23040 bytes
1484257037.631083052 MultiFileStorage.cc:723 in unlockedWrite WARNING[11]: Slow write to replica storage on device 1: 143.2 ms for 140288 bytes
1484257051.168820025 MultiFileStorage.cc:723 in unlockedWrite WARNING[11]: Slow write to replica storage on device 1: 108.8 ms for 137216 bytes
1484257057.688837073 MultiFileStorage.cc:723 in unlockedWrite WARNING[11]: Slow write to replica storage on device 1: 110.8 ms for 11264 bytes
1484257063.376474054 MultiFileStorage.cc:723 in unlockedWrite WARNING[11]: Slow write to replica storage on device 1: 114.1 ms for 154624 bytes
1484257065.800773807 MultiFileStorage.cc:723 in unlockedWrite WARNING[11]: Slow write to replica storage on device 1: 126.5 ms for 3072 bytes
1484257068.237312412 MultiFileStorage.cc:723 in unlockedWrite WARNING[11]: Slow write to replica storage on device 1: 100.8 ms for 106496 bytes
1484257078.036098222 MultiFileStorage.cc:723 in unlockedWrite WARNING[11]: Slow write to replica storage on device 1: 131.3 ms for 163328 bytes
1484257079.631364946 MultiFileStorage.cc:723 in unlockedWrite WARNING[11]: Slow write to replica storage on device 1: 112.7 ms for 4096 bytes
1484257081.269382651 MultiFileStorage.cc:723 in unlockedWrite WARNING[11]: Slow write to replica storage on device 1: 111.8 ms for 10752 bytes
1484257090.242963625 MultiFileStorage.cc:723 in unlockedWrite WARNING[11]: Slow write to replica storage on device 1: 104.2 ms for 141824 bytes
1484257091.871938447 MultiFileStorage.cc:723 in unlockedWrite WARNING[11]: Slow write to replica storage on device 1: 110.6 ms for 27648 bytes
1484257095.127941338 MultiFileStorage.cc:723 in unlockedWrite WARNING[11]: Slow write to replica storage on device 1: 107.6 ms for 8192 bytes
1484257096.766138790 MultiFileStorage.cc:723 in unlockedWrite WARNING[11]: Slow write to replica storage on device 1: 115.1 ms for 68608 bytes
1484257108.938903804 MultiFileStorage.cc:723 in unlockedWrite WARNING[11]: Slow write to replica storage on device 1: 114.8 ms for 96768 bytes
1484257129.312281929 MultiFileStorage.cc:723 in unlockedWrite WARNING[11]: Slow write to replica storage on device 1: 100.1 ms for 166912 bytes
1484257131.486817103 MultiFileStorage.cc:723 in unlockedWrite WARNING[11]: Slow write to replica storage on device 0: 248.7 ms for 4096 bytes
1484257163.475616543 MultiFileStorage.cc:723 in unlockedWrite WARNING[11]: Slow write to replica storage on device 1: 116.8 ms for 29184 bytes
1484257165.911255326 MultiFileStorage.cc:723 in unlockedWrite WARNING[11]: Slow write to replica storage on device 1: 101.4 ms for 129536 bytes
1484257168.352914391 MultiFileStorage.cc:723 in unlockedWrite WARNING[11]: Slow write to replica storage on device 1: 108.6 ms for 123904 bytes
1484257173.227367860 MultiFileStorage.cc:723 in unlockedWrite WARNING[11]: Slow write to replica storage on device 1: 107.3 ms for 115200 bytes
1484257184.605628410 MultiFileStorage.cc:723 in unlockedWrite WARNING[11]: Slow write to replica storage on device 1: 117.1 ms for 73216 bytes
1484257192.749546885 MultiFileStorage.cc:723 in unlockedWrite WARNING[11]: Slow write to replica storage on device 1: 112.7 ms for 35328 bytes
1484257197.626109833 MultiFileStorage.cc:723 in unlockedWrite WARNING[11]: Slow write to replica storage on device 1: 113.7 ms for 20992 bytes
1484257199.255522758 MultiFileStorage.cc:723 in unlockedWrite WARNING[11]: Slow write to replica storage on device 1: 112.6 ms for 34816 bytes
1484257205.646138784 TimeTrace.cc:189 in printInternal NOTICE[8]: No time trace events to print
1484257205.646479429 CacheTrace.cc:113 in printInternal NOTICE[8]: No cache trace events to print
