1484256965.409653514 ServerMain.cc:251 in main NOTICE[1]: Command line: /users/anirajk/RAMCloud/obj.master/server -C basic+udp:host=128.110.96.124,port=12246 -L basic+infud:host=server-3.infud-migrate.ramcloud-PG0.apt.emulab.net -r 3 -l NOTICE --clusterName __unnamed__ --logFile logs/20170112143552/server4.server-3.infud-migrate.ramcloud-PG0.apt.emulab.net.log --preferredIndex 4 --totalMasterMemory=8000 --segmentFrames=4096 -f /dev/sda4,/dev/sdb
1484256965.409673474 ServerMain.cc:252 in main NOTICE[1]: Server process id: 52359
1484256965.409845477 InfUdDriver.cc:125 in InfUdDriver NOTICE[1]: InfUdDriver bandwidth: 32 Gbits/sec, maxTransmitQueueSize: 8000 bytes
1484256965.443028133 InfUdDriver.cc:148 in InfUdDriver NOTICE[1]: Initialized InfUdDriver buffers: 50000 receive buffers (97 MB), 50 transmit buffers (0 MB), took 31.6 ms
1484256965.444422981 InfUdDriver.cc:187 in InfUdDriver NOTICE[1]: Locator for InfUdDriver: basic+infud:host=server-3.infud-migrate.ramcloud-PG0.apt.emulab.net,lid=22,qpn=620
1484256965.444458783 InfUdDriver.cc:601 in refillReceiver NOTICE[1]: 1000 receive buffers now in use (2.0%)
1484256965.444630964 BasicTransport.cc:102 in BasicTransport NOTICE[1]: BasicTransport parameters: maxDataPerPacket 1982, roundTripBytes 29730, grantIncrement 9910, pingIntervals 3, timeoutIntervals 40, timerInterval 2.00 ms
1484256965.444660381 ServerMain.cc:284 in main NOTICE[1]: MASTER_SERVICE, BACKUP_SERVICE, ADMIN_SERVICE: Listening on basic+infud:host=server-3.infud-migrate.ramcloud-PG0.apt.emulab.net,lid=22,qpn=620
1484256965.445277582 ServerMain.cc:324 in main NOTICE[1]: Using 3 backups
1484256965.445287191 ServerConfig.h:570 in setLogAndHashTableSize NOTICE[1]: Master to allocate 8388608000 bytes total, 838860800 of which are for the hash table
1484256965.445289273 ServerConfig.h:572 in setLogAndHashTableSize NOTICE[1]: Master will have 900 segments and 13107200 lines in the hash table
1484256965.445290519 ServerConfig.h:576 in setLogAndHashTableSize NOTICE[1]: Hash table will have one entry for every 72 bytes in the log
1484256965.445291774 ServerMain.cc:329 in main NOTICE[1]: PortTimeOut=-1
1484256965.445293116 PortAlarm.cc:160 in setPortTimeout NOTICE[1]: Set PortTimeout to -1 (ms: -1 to disable.)
1484256965.445990644 MemoryMonitor.cc:62 in handleTimerEvent NOTICE[7]: Memory usage now 112 MB (increased 112 MB)
1484256965.446027397 Server.cc:86 in run NOTICE[1]: Starting services
1484256965.446034172 Server.cc:150 in createAndRegisterServices NOTICE[1]: Master is using 3 backups
1484256965.446071256 LargeBlockOfMemory.h:241 in mmapGigabyteAligned NOTICE[1]: Populating pages; progress 0 of 7200 MB
1484256965.941831558 LargeBlockOfMemory.h:241 in mmapGigabyteAligned NOTICE[1]: Populating pages; progress 1024 of 7200 MB
1484256966.428877400 LargeBlockOfMemory.h:241 in mmapGigabyteAligned NOTICE[1]: Populating pages; progress 2048 of 7200 MB
1484256966.881500552 LargeBlockOfMemory.h:241 in mmapGigabyteAligned NOTICE[1]: Populating pages; progress 3072 of 7200 MB
1484256967.291727966 LargeBlockOfMemory.h:241 in mmapGigabyteAligned NOTICE[1]: Populating pages; progress 4096 of 7200 MB
1484256967.699488988 LargeBlockOfMemory.h:241 in mmapGigabyteAligned NOTICE[1]: Populating pages; progress 5120 of 7200 MB
1484256968.107809887 LargeBlockOfMemory.h:241 in mmapGigabyteAligned NOTICE[1]: Populating pages; progress 6144 of 7200 MB
1484256968.515368377 LargeBlockOfMemory.h:241 in mmapGigabyteAligned NOTICE[1]: Populating pages; progress 7168 of 7200 MB
1484256968.535168195 SegletAllocator.cc:162 in initializeEmergencyHeadReserve NOTICE[1]: Reserved 256 seglets for emergency head segments (16 MB). 114944 seglets (7184 MB) left in default pool.
1484256968.825364305 InfUdDriver.cc:312 in registerMemory NOTICE[1]: Created zero-copy region with 7549747200 bytes at 0x40000000
1484256968.825440273 SegletAllocator.cc:197 in initializeCleanerReserve NOTICE[1]: Reserved 1920 seglets for the cleaner (120 MB). 113024 seglets (7064 MB) left in default pool.
1484256968.825468263 LogCleaner.cc:798 in TombstoneRatioBalancer NOTICE[1]: Using tombstone ratio balancer with ratio = 0.400000
1484256968.825513445 LargeBlockOfMemory.h:241 in mmapGigabyteAligned NOTICE[1]: Populating pages; progress 0 of 512 MB
1484256969.066620444 Server.cc:155 in createAndRegisterServices NOTICE[1]: Starting backup service
1484256969.069581958 MultiFileStorage.cc:1021 in MultiFileStorage NOTICE[1]: Backup storage opened with 34359738368 bytes available; allocated 4096 frame(s) across 2 file(s) with 8388608 bytes per frame
1484256969.499000926 BackupStorage.cc:68 in benchmark NOTICE[1]: Backup storage speeds (min): 162 MB/s read
1484256969.499006720 BackupStorage.cc:69 in benchmark NOTICE[1]: Backup storage speeds (avg): 306 MB/s read,
1484256969.499007851 BackupStorage.cc:75 in benchmark NOTICE[1]: RANDOM_REFINE_AVG BackupStrategy selected
1484256969.499777481 BackupService.cc:92 in BackupService NOTICE[1]: Cluster '__unnamed__'; ignoring existing backup storage. Any replicas stored will not be reusable by future backups. Specify clusterName for persistence across backup restarts.
1484256969.499784855 Server.cc:159 in createAndRegisterServices NOTICE[1]: Backup service started
1484256969.499786612 Server.cc:88 in run NOTICE[1]: Services started
1484256969.499787421 Server.cc:93 in run NOTICE[1]: Pinning memory
1484256970.345234376 Server.cc:95 in run NOTICE[1]: Memory pinned
1484256970.345377015 MemoryMonitor.cc:62 in handleTimerEvent NOTICE[7]: Memory usage now 8936 MB (increased 8824 MB)
1484256970.345386037 Server.cc:192 in enlist NOTICE[7]: Enlisting with cooordinator
1484256970.345445333 UdpDriver.cc:88 in UdpDriver NOTICE[7]: UdpDriver bandwidth: 10 Gbits/sec, maxTransmitQueueSize: 2800 bytes
1484256970.345472089 UdpDriver.cc:119 in UdpDriver NOTICE[7]: UdpDriver using port 0
1484256970.347399250 BasicTransport.cc:102 in BasicTransport NOTICE[7]: BasicTransport parameters: maxDataPerPacket 1374, roundTripBytes 9618, grantIncrement 6870, pingIntervals 3, timeoutIntervals 40, timerInterval 2.00 ms
1484256970.347671986 CoordinatorSession.cc:105 in getSession NOTICE[7]: Opened session with coordinator at basic+udp:host=128.110.96.124,port=12246
1484256970.348118663 AdminService.cc:120 in getServerId NOTICE[8]: Returning invalid server id
1484256970.348171739 Server.cc:199 in enlist NOTICE[7]: Enlisted; serverId 4.0
1484256970.348175368 MasterService.cc:822 in initOnceEnlisted NOTICE[7]: My server ID is 4.0
1484256970.350752426 ServerList.cc:188 in applyServerList NOTICE[8]: Server 1.0 is up (server list version 12)
1484256970.350762146 ServerList.cc:188 in applyServerList NOTICE[8]: Server 2.0 is up (server list version 12)
1484256970.350764719 ServerList.cc:188 in applyServerList NOTICE[8]: Server 3.0 is up (server list version 12)
1484256970.350767401 ServerList.cc:188 in applyServerList NOTICE[8]: Server 4.0 is up (server list version 12)
1484256970.350769506 ServerList.cc:188 in applyServerList NOTICE[8]: Server 5.0 is up (server list version 12)
1484256970.350771442 ServerList.cc:188 in applyServerList NOTICE[8]: Server 7.0 is up (server list version 12)
1484256970.352919180 BackupService.cc:323 in initOnceEnlisted NOTICE[7]: My server ID is 4.0
1484256970.352984397 LogCleaner.cc:199 in cleanerThreadEntry NOTICE[9]: LogCleaner thread started
1484256970.376254988 BackupService.cc:330 in initOnceEnlisted NOTICE[7]: Backup 4.0 will store replicas under cluster name '__unnamed__'
1484256970.378455195 FailureDetector.cc:104 in detectorThreadEntry NOTICE[10]: Failure detector thread started
1484256970.891190548 ServerList.cc:188 in applyServerList NOTICE[8]: Server 6.0 is up (server list version 13)
1484256970.891202891 BackupService.cc:685 in trackerChangesEnqueued NOTICE[8]: Starting backup replica garbage collector thread
1484256994.724193999 MultiFileStorage.cc:723 in unlockedWrite WARNING[11]: Slow write to replica storage on device 2: 126.1 ms for 512 bytes
1484257205.644091089 TimeTrace.cc:189 in printInternal NOTICE[8]: No time trace events to print
1484257205.644463225 CacheTrace.cc:113 in printInternal NOTICE[8]: No cache trace events to print
